Time,V1,V2,V3,Pressure1,Pressure2
-564,0,0,0,0.12,0.00
-463,0,0,0,-0.12,-0.12
-363,0,0,0,0.12,-0.12
-258,0,0,0,-0.12,0.00
-145,0,0,0,0.29,0.41
-64,0,0,0,0.00,0.00
37,0,0,0,0.19,0.29
137,0,0,0,-0.05,-0.31
239,0,0,0,-0.17,0.17
337,0,0,0,0.12,0.41
437,0,0,0,-0.12,-0.07
541,0,0,0,-0.17,-0.12
637,0,0,0,0.07,0.12
737,0,0,0,0.00,0.41
837,0,0,0,0.19,-0.12
937,0,0,0,-0.05,0.17
1039,0,0,0,-0.05,0.24
1137,0,0,0,-0.17,-0.19
1237,0,0,0,-0.17,0.05
1343,0,0,0,-0.05,0.05
1437,0,0,0,0.12,-0.12
1537,0,0,0,0.00,0.12
1637,0,0,0,-0.24,0.05
1737,0,0,0,0.07,-0.12
1837,0,0,0,0.07,0.17
1937,0,0,0,-0.12,-0.19
2036,0,0,0,0.00,0.12
2138,0,0,0,0.12,0.24
2239,0,0,0,-0.12,0.00
2337,0,0,0,0.29,-0.12
2437,0,0,0,0.19,0.29
2537,0,0,0,-0.12,0.12
2639,0,0,0,0.00,0.00
2740,0,0,0,-0.05,-0.12
2837,0,0,0,-0.29,-0.43
2937,0,0,0,0.19,0.24
3041,0,0,0,-0.29,-0.31
3137,0,0,0,0.24,-0.12
3237,0,0,0,-0.41,0.12
3337,0,0,0,0.19,-0.12
3437,0,0,0,-0.36,0.12
3536,0,0,0,0.00,0.05
3637,1,0,0,0.19,0.05
3740,1,0,0,0.19,0.05
3836,1,0,0,-0.05,0.00
3936,1,0,0,0.00,0.64
4036,1,0,0,-0.05,0.05
4136,1,0,0,-0.05,0.29
4236,1,0,0,0.48,0.00
4370,1,0,0,0.41,0.05
4436,1,0,0,0.12,-0.24
4537,1,0,0,-0.05,0.36
4637,1,0,0,-0.12,-0.07
4737,1,0,0,0.07,0.24
4836,1,0,0,0.12,0.48
4936,1,0,0,0.00,-0.24
5036,1,0,0,-0.17,-0.12
5136,1,0,0,-0.24,0.00
5236,1,0,0,0.29,0.05
5336,1,0,0,-0.17,0.00
5436,1,0,0,-0.36,0.17
5537,1,0,0,0.00,0.52
5637,1,0,0,-0.12,-0.19
5744,0,0,0,-0.12,0.00
5837,0,0,0,-0.24,-0.24
5940,0,1,0,0.07,0.05
6038,0,1,0,-0.05,-0.19
6136,0,1,0,0.12,0.00
6236,0,1,0,-0.36,0.24
6336,0,1,0,0.19,-0.24
6440,0,1,0,-0.12,0.00
6537,0,1,0,-0.52,-0.07
6637,0,1,0,0.36,0.05
6737,0,1,0,-0.64,-0.07
6837,0,1,0,-0.17,0.17
6937,0,1,0,0.19,0.12
7037,0,1,0,0.24,0.17
7137,0,1,0,0.19,-0.07
7241,0,1,0,-0.05,0.24
7337,0,1,0,-0.05,0.00
7436,0,1,0,0.07,0.00
7540,0,1,0,-0.36,0.12
7637,0,0,0,0.19,0.00
7743,0,0,0,0.00,0.05
7837,0,0,0,0.12,-0.24
7937,0,0,0,-0.12,-0.36
8038,1,0,1,0.07,0.05
8139,1,0,0,0.29,0.12
8236,1,0,0,-0.12,-0.24
8336,1,0,0,0.12,0.05
8440,1,0,0,0.07,0.00
8550,1,0,0,0.12,0.24
8636,1,0,0,0.24,0.05
8736,1,0,0,-0.05,0.00
8836,1,0,0,0.24,0.05
8936,1,0,0,-0.48,0.12
9041,1,0,0,-0.17,0.05
9142,1,0,0,0.12,0.00
9236,1,0,0,0.24,0.29
9336,1,0,0,-0.29,0.05
9436,1,0,0,0.00,0.00
9536,1,0,0,0.19,0.36
9640,1,0,0,0.07,0.00
9736,1,0,0,-0.17,0.24
9836,1,0,0,0.41,0.12
9937,1,0,0,0.12,0.12
10037,1,0,0,0.36,0.00
10137,1,0,0,-0.36,0.12
10236,1,0,0,-0.12,0.00
10336,1,0,0,-0.17,0.12
10436,1,0,0,0.19,-0.12
10536,1,0,0,-0.17,0.12
10636,1,0,0,0.12,0.17
10736,1,0,0,0.07,-0.19
10836,1,0,0,0.12,0.05
10937,1,0,0,0.00,-0.07
11037,1,0,0,-0.36,0.00
11136,1,0,0,-0.12,0.12
11236,1,0,0,-0.29,0.17
11336,1,0,0,0.19,0.05
11441,0,0,0,0.07,0.17
11544,0,0,0,-0.12,0.12
11636,0,0,0,-0.29,0.05
11743,0,1,0,0.12,0.00
11836,0,1,0,0.00,0.12
11936,0,1,0,0.12,0.00
12036,0,1,0,0.12,-0.19
12136,0,1,0,-0.12,0.05
12238,0,1,0,0.00,0.12
12337,0,1,0,0.00,-0.07
12440,0,1,0,-0.05,0.05
12541,0,1,0,-0.41,0.12
12637,0,1,0,-0.17,0.12
12738,0,1,0,-0.05,0.05
12836,0,1,0,0.24,0.05
12936,0,1,0,-0.05,0.17
13036,0,1,0,-0.17,-0.07
13136,0,1,0,-0.05,0.05
13236,0,1,0,0.24,0.12
13336,0,1,0,0.07,0.05
13437,0,0,0,-0.05,-0.31
13537,0,0,0,0.00,0.12
13636,0,0,0,0.07,-0.07
13737,0,0,0,-0.24,0.24
13836,1,0,1,0.07,0.29
13936,1,0,0,0.07,0.24
14036,1,0,0,0.00,0.12
14136,1,0,0,-0.12,0.17
14236,1,0,0,-0.05,-0.19
14337,1,0,0,-0.12,0.17
14437,1,0,0,0.00,-0.12
14536,1,0,0,0.00,0.24
14636,1,0,0,-0.12,-0.19
14736,1,0,0,-0.12,0.17
14836,1,0,0,0.07,0.12
14936,1,0,0,0.07,0.05
15036,1,0,0,0.00,0.05
15136,1,0,0,0.12,-0.31
15241,1,0,0,-0.05,0.05
15340,1,0,0,0.00,0.12
15436,1,0,0,0.19,0.05
15536,1,0,0,0.07,0.17
15636,1,0,0,-0.48,0.48
15736,1,0,0,-0.05,0.17
15860,1,0,0,0.07,0.12
15936,1,0,0,-0.12,0.05
16036,1,0,0,0.07,0.12
16137,1,0,0,-0.36,0.12
16237,1,0,0,-0.36,0.05
16337,1,0,0,-0.05,0.17
16437,1,0,0,0.07,0.12
16537,1,0,0,0.00,0.05
16637,1,0,0,-0.17,0.05
16737,1,0,0,0.12,0.17
16837,1,0,0,-0.05,0.24
16937,1,0,0,0.12,0.05
17037,1,0,0,-0.05,0.00
17137,1,0,0,0.07,0.05
17237,0,0,0,0.00,-0.12
17337,0,0,0,0.07,0.05
17436,0,0,0,0.07,0.05
17537,0,1,0,0.00,0.00
17636,0,1,0,-0.05,-0.07
17740,0,1,0,0.00,0.29
17836,0,1,0,0.00,0.12
17936,0,1,0,0.12,0.12
18037,0,1,0,0.07,-0.24
18137,0,1,0,0.07,-0.07
18241,0,1,0,-0.12,0.05
18340,0,1,0,0.07,-0.12
18440,0,1,0,0.00,0.12
18540,0,1,0,0.19,-0.07
18636,0,1,0,0.00,0.05
18736,0,1,0,-0.05,-0.12
18836,0,1,0,-0.05,0.05
18936,0,1,0,0.07,0.24
19036,0,1,0,0.00,0.05
19136,0,1,0,0.19,0.05
19236,0,0,0,0.07,0.12
19337,0,0,0,0.07,-0.07
19436,0,0,0,0.00,-0.12
19536,1,0,1,0.00,-0.07
19636,1,0,0,-0.05,0.17
19737,1,0,0,0.07,0.05
19838,1,0,0,0.07,0.12
19937,1,0,0,0.07,0.24
20037,1,0,0,-0.12,0.17
20137,1,0,0,-0.12,0.17
20247,1,0,0,0.29,0.12
20336,1,0,0,0.00,-0.19
20436,1,0,0,-0.05,0.24
20536,1,0,0,0.00,0.05
20640,1,0,0,-0.05,0.05
20736,1,0,0,0.12,0.24
20836,1,0,0,-0.05,0.17
20936,1,0,0,0.07,0.17
21037,1,0,0,0.07,0.00
21136,1,0,0,-0.05,0.17
21236,1,0,0,-0.17,0.12
21336,1,0,0,0.07,-0.07
21436,1,0,0,0.12,0.05
21536,1,0,0,0.24,0.17
21636,1,0,0,0.19,-0.07
21736,1,0,0,-0.05,0.24
21837,1,0,0,0.12,0.12
21937,1,0,0,-0.05,-0.12
22063,1,0,0,0.00,0.05
22141,1,0,0,0.12,0.00
22237,1,0,0,0.41,-0.07
22349,1,0,0,0.41,0.12
22437,1,0,0,0.07,-0.12
22537,1,0,0,-0.05,0.00
22637,1,0,0,0.00,0.24
22737,1,0,0,0.19,0.17
22837,1,0,0,-0.17,-0.24
22941,0,0,0,0.00,0.00
23042,0,0,0,-0.17,-0.07
23137,0,0,0,-0.05,-0.07
23237,0,0,0,0.12,0.00
23337,0,1,0,0.00,0.12
23437,0,1,0,0.07,-0.12
23536,0,1,0,0.00,0.17
23640,0,1,0,0.12,0.05
23736,0,1,0,0.07,0.00
23837,0,1,0,0.00,-0.07
23937,0,1,0,-0.05,0.00
24037,0,1,0,-0.05,0.12
24136,0,1,0,0.12,0.12
24236,0,1,0,-0.12,0.00
24336,0,1,0,-0.12,0.05
24436,0,1,0,0.12,0.00
24536,0,1,0,0.07,0.00
24636,0,1,0,0.07,0.05
24736,0,1,0,-0.05,0.12
24841,0,1,0,0.07,0.24
24937,0,1,0,-0.05,0.05
25036,0,0,0,0.07,-0.07
25136,0,0,0,0.00,0.17
25236,0,0,0,-0.24,-0.07
25340,1,0,1,0.00,0.17
25436,1,0,0,-0.05,0.00
25536,1,0,0,0.00,0.24
25636,1,0,0,-0.05,0.36
25737,1,0,0,-0.17,0.12
25837,1,0,0,-0.05,-0.12
25937,1,0,0,0.00,0.12
26036,1,0,0,-0.05,0.05
26136,1,0,0,0.00,0.05
26236,1,0,0,0.36,-0.12
26336,1,0,0,0.00,0.00
26436,1,0,0,0.07,0.24
26536,1,0,0,-0.05,0.05
26636,1,0,0,0.24,-0.07
26737,1,0,0,0.00,0.12
26837,1,0,0,0.07,0.05
26937,1,0,0,0.00,0.05
27041,1,0,0,0.12,0.41
27136,1,0,0,-0.05,0.17
27236,1,0,0,-0.29,0.12
27336,1,0,0,-0.05,0.00
27436,1,0,0,0.00,0.12
27537,1,0,0,-0.05,-0.19
27636,1,0,0,0.24,0.24
27736,1,0,0,0.07,-0.07
27837,1,0,0,-0.05,0.17
27937,1,0,0,0.00,0.00
28037,1,0,0,-0.05,0.24
28137,1,0,0,0.07,0.05
28237,1,0,0,0.12,0.17
28336,1,0,0,-0.12,0.05
28436,1,0,0,0.00,0.00
28536,1,0,0,-0.05,0.24
28636,1,0,0,0.12,0.29
28736,0,0,0,0.12,0.12
28836,0,0,0,0.60,0.36
28936,0,0,0,0.07,0.00
29037,0,1,0,0.00,0.05
29137,0,1,0,-0.05,0.05
29237,0,1,0,0.24,-0.07
29337,0,1,0,0.12,0.12
29437,0,1,0,0.00,0.17
29537,0,1,0,0.07,0.05
29637,0,1,0,0.00,0.12
29737,0,1,0,0.29,-0.19
29837,0,1,0,0.19,0.05
29937,0,1,0,-0.05,0.12
30036,0,1,0,0.12,0.05
30136,0,1,0,0.12,0.12
30236,0,1,0,0.24,0.41
30336,0,1,0,0.24,0.17
30436,0,1,0,0.00,0.05
30536,0,1,0,0.07,0.24
30636,0,1,0,0.00,0.00
30736,0,0,0,-0.12,0.29
30841,0,0,0,-0.12,0.17
30937,0,0,0,0.07,0.17
31037,1,0,1,0.00,-0.55
31137,1,0,0,-0.05,0.12
31236,1,0,0,0.24,0.17
31341,1,0,0,-0.05,-0.07
31436,1,0,0,0.12,0.17
31536,1,0,0,0.07,-0.07
31636,1,0,0,0.00,0.05
31736,1,0,0,-0.36,0.05
31836,1,0,0,0.07,-0.07
31940,1,0,0,0.00,0.12
32037,1,0,0,0.00,0.17
32137,1,0,0,-0.12,0.00
32237,1,0,0,0.24,-0.19
32337,1,0,0,-0.05,-0.07
32437,1,0,0,0.00,0.00
32537,1,0,0,-0.05,0.05
32641,1,0,0,0.00,0.36
32736,1,0,0,0.12,0.24
32836,1,0,0,0.19,0.24
32936,1,0,0,-0.17,0.12
33036,1,0,0,0.12,-0.19
33136,1,0,0,0.00,-0.07
33236,1,0,0,-0.12,0.17
33336,1,0,0,0.00,0.05
33437,1,0,0,0.00,0.12
33537,1,0,0,0.12,0.17
33637,1,0,0,0.00,0.05
33737,1,0,0,0.00,-0.07
33837,1,0,0,-0.05,0.00
33937,1,0,0,0.07,0.05
34040,1,0,0,-0.17,-0.12
34137,1,0,0,-0.05,-0.07
34237,1,0,0,-0.05,0.24
34337,1,0,0,0.00,0.05
34470,0,0,0,-0.05,0.00
34537,0,0,0,-0.05,0.05
34640,0,0,0,-0.05,0.24
34740,0,0,0,0.07,-0.07
34836,0,1,0,-0.05,0.36
34940,0,1,0,0.12,-0.19
35037,0,1,0,0.07,0.24
35136,0,1,0,0.07,0.00
35236,0,1,0,0.12,-0.12
35336,0,1,0,-0.17,0.12
35436,0,1,0,0.07,0.24
35536,0,1,0,-0.05,0.05
35640,0,1,0,0.00,0.17
35736,0,1,0,0.12,0.12
35836,0,1,0,0.19,0.05
35937,0,1,0,-0.12,0.00
36041,0,1,0,0.07,-0.07
36136,0,1,0,0.12,0.24
36236,0,1,0,0.41,0.36
36336,0,1,0,-0.36,0.12
36436,0,1,0,0.19,0.12
36536,0,0,0,-0.05,-0.12
36636,0,0,0,0.07,0.00
36736,0,0,0,-0.12,-0.07
36837,1,0,1,0.19,-0.07
36940,1,0,0,-0.12,0.36
37036,1,0,0,0.12,-0.19
37136,1,0,0,0.00,0.17
37236,1,0,0,-0.17,0.00
37336,1,0,0,-0.17,0.12
37436,1,0,0,0.07,-0.12
37536,1,0,0,0.00,0.05
37636,1,0,0,0.00,0.00
37737,1,0,0,-0.12,0.00
37841,1,0,0,0.12,-0.24
37940,1,0,0,-0.05,-0.24
38037,1,0,0,-0.12,-0.12
38137,1,0,0,-0.12,0.12
38237,1,0,0,-0.05,-0.07
38337,1,0,0,0.07,0.24
38436,1,0,0,0.00,-0.07
38537,1,0,0,-0.17,0.00
38636,1,0,0,0.00,0.12
38736,1,0,0,-0.05,-0.07
38836,1,0,0,0.24,0.05
38936,1,0,0,-0.05,0.24
39040,1,0,0,0.19,0.00
39141,1,0,0,-0.05,0.12
39237,1,0,0,0.00,0.12
39336,1,0,0,0.00,0.00
39436,1,0,0,0.12,0.05
39536,1,0,0,0.00,0.12
39636,1,0,0,-0.24,-0.19
39736,1,0,0,0.12,0.17
39836,1,0,0,0.00,0.17
39936,1,0,0,0.07,0.00
40037,1,0,0,-0.05,-0.19
40140,1,0,0,-0.17,0.12
40236,0,0,0,0.19,0.12
40336,0,0,0,0.07,0.17
40437,0,0,0,0.12,0.12
40536,0,1,0,0.12,0.24
40639,0,1,0,0.24,-0.07
40736,0,1,0,0.00,0.12
40841,0,1,0,0.12,0.29
40937,0,1,0,0.00,0.12
41037,0,1,0,0.07,-0.07
41137,0,1,0,-0.05,0.12
41237,0,1,0,0.12,0.17
41337,0,1,0,0.00,-0.07
41438,0,1,0,0.00,-0.07
41541,0,1,0,-0.05,0.05
41636,0,1,0,-0.17,0.05
41736,0,1,0,0.00,0.00
41836,0,1,0,0.00,0.00
41937,0,1,0,0.00,0.24
42037,0,1,0,0.07,0.24
42136,0,1,0,0.00,0.00
42236,0,0,0,0.00,-0.12
42336,0,0,0,0.07,-0.07
42437,0,0,0,0.07,0.00
42536,1,0,1,0.00,0.17
42636,1,0,0,0.19,-0.07
42736,1,0,0,0.24,0.05
42836,1,0,0,0.00,-0.07
42936,1,0,0,-0.12,0.05
43036,1,0,0,0.00,0.00
43136,1,0,0,0.07,0.05
43240,1,0,0,0.36,-0.24
43340,1,0,0,0.00,0.41
43436,1,0,0,0.07,-0.07
43536,1,0,0,-0.05,-0.12
43636,1,0,0,0.12,0.00
43736,1,0,0,0.36,0.17
43836,1,0,0,-0.05,0.12
43936,1,0,0,0.12,-0.12
44036,1,0,0,0.00,0.00
44137,1,0,0,0.07,-0.07
44237,1,0,0,0.29,-0.12
44337,1,0,0,-0.05,0.29
44437,1,0,0,-0.05,0.00
44537,1,0,0,-0.05,0.05
44637,1,0,0,-0.17,0.24
44737,1,0,0,0.00,0.17
44837,1,0,0,0.07,-0.12
44937,1,0,0,0.00,0.05
45037,1,0,0,0.00,-0.31
45137,1,0,0,0.07,0.05
45240,1,0,0,0.48,0.12
45336,1,0,0,0.00,-0.07
45436,1,0,0,0.07,0.17
45536,1,0,0,-0.05,0.12
45636,1,0,0,-0.41,0.12
45736,1,0,0,0.12,0.24
45836,1,0,0,-0.05,0.05
45936,0,0,0,0.00,-0.12
46037,0,0,0,0.07,-0.12
46136,0,0,0,0.24,0.12
46236,0,1,0,-0.17,0.24
46340,0,1,0,0.12,0.00
46436,0,1,0,-0.12,0.00
46536,0,1,0,0.12,0.29
46640,0,1,0,0.00,0.00
46736,0,1,0,-0.12,0.12
46840,0,1,0,0.12,0.00
46936,0,1,0,0.00,0.36
47036,0,1,0,-0.12,0.29
47136,0,1,0,0.07,-0.07
47240,0,1,0,0.24,0.05
47340,0,1,0,0.00,-0.07
47436,0,1,0,0.19,0.29
47540,0,1,0,0.00,-0.07
47637,0,1,0,-0.05,0.17
47736,0,1,0,-0.12,-0.07
47836,0,1,0,0.12,0.12
47936,0,0,0,0.19,-0.24
48040,0,0,0,0.00,0.17
48137,0,0,0,-0.05,0.05
48246,1,0,1,-0.48,0.24
48336,1,0,0,0.24,0.29
48440,1,0,0,-0.12,0.00
48536,1,0,0,0.00,0.12
48640,1,0,0,0.00,0.05
48736,0,0,0,-0.12,-0.12
48836,0,0,0,-0.05,0.17
48936,0,0,0,0.12,0.00
49039,0,0,0,-0.17,0.17
49136,0,0,0,0.19,-0.07
49236,0,0,0,-0.17,0.29
49336,0,0,0,0.07,0.12
49437,0,0,0,-0.29,-0.24
49537,0,0,0,0.19,0.05
49636,0,0,0,0.19,-0.19
49738,0,0,0,0.60,-0.07
49840,0,0,0,-0.48,0.17
49940,0,0,0,0.24,-0.12
50037,0,0,0,-0.29,0.12
50136,0,0,0,0.12,-0.07
50236,0,0,0,0.00,-0.12
50336,0,0,0,-0.12,-0.07
50439,0,0,0,-0.24,0.00
50537,0,0,0,-0.29,0.29
50636,0,0,0,0.24,0.00
50736,0,0,0,-0.17,-0.07
50836,0,0,0,0.12,-0.19
