---Initial Conditions---
PIP: 14.0
PEEP: 5.0
Tidal Volume: 500cc
RPM: 12
------------------------


Time,V1,V2,V3,Pressure1,Pressure2
-213,0,0,0,-0.64,-0.43
-114,0,0,0,-0.64,-0.36
-14,0,0,0,-0.64,-0.55
85,0,0,0,-0.72,-0.31
181,0,0,0,-0.76,-0.36
279,0,0,0,-0.60,-0.48
378,0,0,0,-0.64,-0.67
478,0,0,0,-0.64,-0.31
578,0,0,0,-0.76,-0.43
678,0,0,0,-0.52,-0.55
778,0,0,0,-0.60,-0.48
879,0,0,0,-0.52,-0.43
979,0,0,0,-0.52,-0.60
1079,0,0,0,-0.64,-0.60
1180,0,0,0,-0.64,-0.60
1282,0,0,0,-0.60,-0.55
1379,0,0,0,-0.52,-0.48
1478,0,0,0,-0.36,-0.43
1578,0,0,0,-0.52,-0.48
1706,0,0,0,-0.48,-0.36
1778,0,0,0,-0.52,-0.48
1878,0,0,0,-0.60,-0.43
1978,0,0,0,-0.60,-0.72
2078,0,0,0,-0.64,-0.36
2179,0,0,0,-0.52,-0.31
2279,0,0,0,-0.41,-0.60
2379,0,0,0,-0.52,-0.36
2479,0,0,0,-0.60,-0.43
2579,0,0,0,-0.48,-0.60
2679,0,0,0,-0.60,-0.55
2779,0,0,0,-0.48,-0.79
2879,0,0,0,-0.60,-0.55
2980,0,0,0,-0.60,-0.43
3081,0,0,0,-0.64,-0.55
3178,1,0,0,5.53,-0.43
3278,0,0,0,100.96,-0.67
3378,0,0,0,112.04,-0.36
3484,0,0,0,109.30,-0.48
3578,0,0,0,107.21,-0.12
3678,0,0,0,105.97,-0.48
3779,0,0,0,104.70,-0.43
3880,0,0,0,103.46,-0.43
3978,0,0,0,102.27,-0.36
4078,0,0,0,101.67,-0.60
4178,0,0,0,100.84,-0.55
4280,0,0,0,100.17,-0.60
4378,0,0,0,99.65,-0.67
4482,0,0,0,99.05,-0.31
4578,0,0,0,98.50,-0.31
4678,0,0,0,98.03,-0.60
4778,0,0,0,97.46,-0.55
4880,0,0,0,97.46,-0.43
4978,0,0,0,97.03,-0.43
5078,0,0,0,96.38,-0.48
5178,0,0,0,96.02,-0.36
5279,0,0,0,95.55,-0.48
5387,0,0,0,95.48,-0.72
5486,0,0,0,94.95,-0.55
5586,0,0,0,94.88,-0.48
5678,0,0,0,94.52,-0.60
5778,0,0,0,94.24,-0.43
5878,0,0,0,93.76,-0.55
5978,0,0,0,93.64,-0.43
6078,0,0,0,93.40,-0.43
6178,0,1,0,93.09,-0.31
6279,0,1,0,85.75,-0.60
6379,0,1,0,77.79,-0.31
6479,0,1,0,69.66,-0.36
6579,0,1,0,62.86,-0.48
6679,0,1,0,56.12,-0.36
6779,0,1,0,50.04,-0.24
6879,0,1,0,44.34,-0.36
6979,0,1,0,38.95,0.00
7079,0,1,0,33.78,-0.31
7187,0,1,0,29.32,-0.12
7287,0,1,0,25.01,-0.36
7378,0,1,0,21.19,-0.31
7478,0,1,0,17.62,-0.24
7578,0,1,0,14.59,-0.24
7678,0,1,0,11.61,-0.24
7778,0,1,0,9.30,-0.12
7878,0,0,0,7.27,-0.12
7979,0,0,0,6.56,-0.24
8078,0,0,0,7.03,-0.24
8178,1,0,1,7.32,-0.12
8278,0,0,0,104.70,-0.19
8378,0,0,0,113.74,-0.12
8478,0,0,0,111.57,-0.24
8578,0,0,0,110.38,-0.24
8678,0,0,0,109.42,-0.12
8779,0,0,0,108.54,-0.31
8879,0,0,0,107.87,-0.12
8979,0,0,0,107.28,-0.24
9079,0,0,0,106.73,-0.24
9179,0,0,0,106.09,-0.24
9279,0,0,0,105.89,-0.24
9379,0,0,0,105.42,-0.19
9479,0,0,0,105.13,-0.31
9579,0,0,0,104.70,-0.19
9679,0,0,0,104.42,-0.31
9779,0,0,0,104.18,-0.24
9879,0,0,0,103.70,-0.24
9979,0,0,0,103.46,-0.24
10079,0,0,0,103.46,-0.31
10179,0,0,0,103.22,-0.24
10279,0,0,0,102.99,-0.24
10379,0,0,0,102.51,-0.12
10479,0,0,0,102.44,-0.24
10579,0,0,0,102.27,-0.31
10679,0,0,0,101.96,-0.24
10779,0,0,0,102.03,-0.24
10879,0,0,0,101.67,-0.36
10979,0,0,0,101.44,-0.31
11079,0,0,0,101.44,-0.24
11179,0,0,0,101.20,-0.12
11279,0,0,0,101.08,-0.12
11379,0,0,0,100.89,-0.19
11479,0,0,0,100.72,-0.31
11579,0,0,0,100.24,-0.31
11679,0,0,0,100.53,-0.31
11779,0,0,0,100.24,-0.24
11879,0,1,0,100.05,-0.31
11979,0,1,0,23.86,7.99
12080,0,1,0,5.29,5.17
12179,0,1,0,4.77,5.13
12279,0,1,0,4.70,4.46
12388,0,1,0,4.41,4.58
12486,0,1,0,4.53,4.53
12581,0,1,0,4.82,4.70
12696,0,1,0,5.01,5.13
12786,0,1,0,5.29,5.48
12883,0,1,0,5.17,5.29
12986,0,1,0,5.17,5.17
13084,0,1,0,4.93,5.05
13182,0,1,0,4.93,5.17
13278,0,1,0,5.17,4.89
13378,0,1,0,5.29,5.17
13478,0,1,0,5.17,5.29
13579,0,0,0,5.36,5.41
13680,0,0,0,6.25,5.53
13778,0,0,0,5.65,5.24
13878,0,0,0,6.08,5.13
13981,1,0,1,6.13,5.17
14081,0,0,0,97.62,4.82
14179,0,0,0,113.62,4.82
14278,0,0,0,111.64,4.89
14378,0,0,0,110.57,5.13
14478,0,0,0,109.61,4.93
14578,0,0,0,108.54,4.77
14678,0,0,0,108.06,4.89
14778,0,0,0,107.21,4.65
14878,0,0,0,107.09,4.93
14997,0,0,0,106.61,4.93
15079,0,0,0,106.20,4.70
15178,0,0,0,105.85,4.89
15278,0,0,0,105.49,4.93
15378,0,0,0,105.25,4.77
15478,0,0,0,105.06,4.93
15578,0,0,0,104.89,4.77
15678,0,0,0,104.42,4.89
15778,0,0,0,104.30,4.82
15879,0,0,0,103.99,4.93
15979,0,0,0,103.63,4.93
16086,0,0,0,103.63,4.82
16179,0,0,0,103.34,4.65
16279,0,0,0,103.03,4.82
16379,0,0,0,102.87,4.77
16479,0,0,0,102.80,4.77
16587,0,0,0,102.39,4.77
16678,0,0,0,102.39,4.93
16779,0,0,0,102.15,4.70
16878,0,0,0,102.08,4.93
16978,0,0,0,101.79,4.93
17079,0,0,0,101.84,4.82
17179,0,0,0,101.60,4.77
17279,0,0,0,101.56,4.89
17381,0,0,0,101.13,4.77
17483,0,0,0,101.25,4.65
17579,0,0,0,100.89,4.89
17679,0,0,0,100.72,4.82
17780,0,1,0,100.53,4.70
17878,0,1,0,20.60,20.57
17978,0,1,0,20.12,20.10
18084,0,1,0,20.05,20.17
18180,0,1,0,19.93,20.05
18284,0,1,0,19.81,19.86
18378,0,1,0,19.76,19.81
18478,0,1,0,19.76,19.93
18578,0,1,0,19.72,19.69
18678,0,1,0,19.72,19.74
18778,0,1,0,19.88,19.93
18878,0,1,0,19.72,19.69
18978,0,1,0,19.60,19.69
19078,0,1,0,19.72,19.81
19178,0,1,0,19.60,19.74
19278,0,1,0,19.64,19.69
19406,0,1,0,19.64,19.86
19480,0,0,0,19.76,19.74
19581,0,0,0,19.41,19.98
19678,0,0,0,19.88,19.74
19778,0,0,0,20.05,19.50
19880,1,0,1,20.29,19.57
19978,0,0,1,100.36,9.96
20078,0,0,0,114.69,3.39
20193,0,0,0,112.28,3.58
20279,0,0,0,111.28,3.98
20378,0,0,0,110.38,4.65
20487,0,0,0,109.85,4.93
20586,0,0,0,109.07,4.70
20678,0,0,0,108.66,4.41
20778,0,0,0,108.11,3.98
20878,0,0,0,107.94,3.98
20978,0,0,0,107.52,4.46
21078,0,0,0,107.16,4.58
21178,0,0,0,106.80,4.93
21278,0,0,0,106.56,4.82
21378,0,0,0,106.25,4.70
21478,0,0,0,106.13,4.34
21578,0,0,0,105.85,4.46
21678,0,0,0,105.73,4.53
21778,0,0,0,105.54,4.82
21878,0,0,0,105.25,4.77
21978,0,0,0,105.30,4.77
22078,0,0,0,105.18,4.53
22178,0,0,0,104.70,4.58
22278,0,0,0,104.54,4.58
22379,0,0,0,104.42,4.77
22478,0,0,0,104.18,5.05
22578,0,0,0,104.06,4.82
22678,0,0,0,103.87,4.89
22778,0,0,0,103.99,4.70
22878,0,0,0,103.58,4.58
22978,0,0,0,103.58,4.65
23079,0,0,0,103.22,4.77
23178,0,0,0,102.99,5.05
23278,0,0,0,102.87,4.65
23379,0,0,0,102.91,4.65
23479,0,0,0,102.75,4.70
23578,0,1,0,102.80,4.82
23678,0,1,0,21.19,20.88
23778,0,1,0,20.36,20.53
23878,0,1,0,20.53,20.53
23978,0,1,0,20.53,20.45
24078,0,1,0,20.41,20.33
24178,0,1,0,20.53,20.33
24278,0,1,0,20.48,20.45
24378,0,1,0,20.36,20.45
24478,0,1,0,20.05,20.41
24578,0,1,0,20.53,20.53
24681,0,1,0,20.17,20.33
24778,0,1,0,20.36,20.57
24886,0,1,0,20.17,20.41
24977,0,1,0,20.36,20.33
25078,0,1,0,20.29,20.41
25178,0,1,0,20.60,20.41
25278,0,0,0,20.17,20.33
25378,0,0,0,21.36,20.76
25478,0,0,0,20.72,20.29
25578,0,0,0,20.88,20.41
25678,1,0,1,20.84,20.22
25778,0,0,1,98.58,9.30
25878,0,0,0,113.98,3.15
25978,0,0,0,112.00,3.22
26078,0,0,0,110.85,3.86
26178,0,0,0,110.26,4.46
26278,0,0,0,109.42,4.70
26378,0,0,0,108.90,3.86
26478,0,0,0,108.30,3.74
26578,0,0,0,107.94,3.62
26679,0,0,0,107.44,3.98
26779,0,0,0,107.28,4.34
26878,0,0,0,107.04,4.58
26978,0,0,0,106.85,4.46
27079,0,0,0,106.44,4.34
27178,0,0,0,105.89,3.98
27278,0,0,0,105.78,4.10
27378,0,0,0,105.85,4.05
27479,0,0,0,105.49,4.41
27579,0,0,0,105.30,4.34
27679,0,0,0,105.01,4.53
27779,0,0,0,105.01,4.29
27879,0,0,0,104.77,4.53
27978,0,0,0,104.58,4.22
28078,0,0,0,104.54,4.46
28179,0,0,0,104.30,4.41
28279,0,0,0,104.23,4.65
28378,0,0,0,103.94,4.46
28478,0,0,0,103.82,4.65
28578,0,0,0,103.70,4.22
28679,0,0,0,103.46,4.46
28778,0,0,0,103.34,4.77
28878,0,0,0,103.27,4.58
28978,0,0,0,102.91,4.58
29079,0,0,0,103.03,4.41
29179,0,0,0,102.87,4.65
29279,0,0,0,102.75,4.53
29379,0,0,0,102.39,4.41
29478,0,1,0,102.56,4.58
29578,0,1,0,20.48,20.69
29678,0,1,0,20.17,20.17
29778,0,1,0,20.17,20.22
29878,0,1,0,20.17,20.10
29978,0,1,0,19.93,19.86
30078,0,1,0,20.12,20.29
30178,0,1,0,20.05,20.17
30278,0,1,0,19.88,19.93
30378,0,1,0,19.88,19.98
30478,0,1,0,20.17,20.22
30578,0,1,0,20.05,20.29
30681,0,1,0,20.00,20.10
30778,0,1,0,20.00,20.22
30879,0,1,0,20.05,20.17
30978,0,1,0,19.93,20.29
31078,0,1,0,20.17,20.17
31178,0,0,0,20.00,20.10
31279,0,0,0,20.48,20.64
31379,0,0,0,20.24,20.22
31479,1,0,1,20.36,19.93
31578,0,0,1,97.15,8.94
31708,0,0,0,112.59,2.62
31778,0,0,0,111.04,3.03
31878,0,0,0,109.78,3.22
31978,0,0,0,109.02,3.34
32078,0,0,0,108.54,3.03
32178,0,0,0,107.99,3.10
32278,0,0,0,107.44,3.10
32378,0,0,0,106.92,3.70
32478,0,0,0,106.44,3.74
32578,0,0,0,106.20,3.46
32678,0,0,0,105.78,3.27
32778,0,0,0,105.66,3.22
32878,0,0,0,105.30,3.39
32978,0,0,0,105.18,3.62
33078,0,0,0,105.06,3.81
33178,0,0,0,104.58,3.74
33278,0,0,0,104.34,3.39
33378,0,0,0,104.30,3.50
33478,0,0,0,104.18,3.46
33578,0,0,0,104.06,3.62
33678,0,0,0,103.70,3.70
33778,0,0,0,103.70,3.62
33878,0,0,0,103.34,3.62
33978,0,0,0,103.34,3.46
34078,0,0,0,103.15,3.58
34178,0,0,0,103.03,3.81
34278,0,0,0,102.80,3.58
34378,0,0,0,102.80,3.74
34478,0,0,0,102.56,3.81
34578,0,0,0,102.44,3.58
34678,0,0,0,102.27,3.62
34778,0,0,0,101.96,3.62
34878,0,0,0,102.08,3.62
34978,0,0,0,101.84,3.70
35079,0,0,0,101.79,3.62
35178,0,1,0,101.72,3.81
35278,0,1,0,19.88,19.38
35378,0,1,0,19.05,18.98
35478,0,1,0,18.76,18.86
35578,0,1,0,19.24,19.26
35687,0,1,0,18.76,19.14
35786,0,1,0,18.76,18.86
35878,0,1,0,19.24,19.14
35983,0,1,0,18.93,18.79
36078,0,1,0,18.88,19.14
36178,0,1,0,19.05,18.90
36278,0,1,0,18.88,19.02
36378,0,1,0,18.69,18.79
36478,0,1,0,19.12,18.98
36578,0,1,0,19.05,19.02
36678,0,1,0,18.93,18.86
36778,0,1,0,19.00,19.02
36878,0,0,0,19.00,19.02
36978,0,0,0,19.48,19.33
37078,0,0,0,19.36,19.02
37178,1,0,1,19.41,19.02
37278,0,0,1,91.23,8.53
37378,0,0,0,111.81,3.03
37478,0,0,0,109.85,3.34
37578,0,0,0,108.78,4.17
37678,0,0,0,108.06,3.98
37778,0,0,0,107.40,3.27
37879,0,0,0,107.04,3.50
37978,0,0,0,106.13,3.58
38081,0,0,0,106.32,4.05
38182,0,0,0,105.66,4.22
38278,0,0,0,105.42,4.29
38377,0,0,0,104.89,4.05
38477,0,0,0,104.77,3.93
38578,0,0,0,104.46,3.62
38678,0,0,0,104.23,3.93
38778,0,0,0,104.06,4.10
38878,0,0,0,103.87,4.41
38978,0,0,0,103.58,3.98
39078,0,0,0,103.46,3.86
39178,0,0,0,103.27,3.81
39278,0,0,0,103.03,4.10
39378,0,0,0,102.80,4.22
39478,0,0,0,102.87,4.10
39578,0,0,0,102.68,4.22
39678,0,0,0,102.44,4.17
39778,0,0,0,102.20,4.05
39878,0,0,0,102.15,4.17
39978,0,0,0,101.96,3.98
40078,0,0,0,101.91,4.34
40178,0,0,0,101.56,4.22
40278,0,0,0,101.60,4.29
40378,0,0,0,101.44,4.05
40478,0,0,0,101.36,4.05
40578,0,0,0,101.20,4.10
40678,0,0,0,101.13,4.34
40778,0,0,0,100.96,4.22
40878,0,1,0,100.96,4.17
40978,0,1,0,19.88,19.86
41078,0,1,0,19.52,19.57
41178,0,1,0,19.60,19.45
41278,0,1,0,19.64,19.74
41378,0,1,0,19.29,19.10
41478,0,1,0,19.48,19.33
41578,0,1,0,19.60,19.69
41678,0,1,0,19.17,19.62
41777,0,1,0,19.48,19.62
41877,0,1,0,19.48,19.62
41977,0,1,0,19.52,19.57
42077,0,1,0,19.36,19.50
42177,0,1,0,19.60,19.50
42277,0,1,0,19.48,19.57
42377,0,1,0,19.52,19.62
42478,0,1,0,19.41,19.57
42578,0,0,0,19.76,19.81
42678,0,0,0,19.72,19.93
42778,0,0,0,19.88,19.57
42878,1,0,1,20.00,19.50
42978,0,0,1,94.64,8.65
43078,0,0,0,112.35,3.22
43178,0,0,0,110.33,3.34
43278,0,0,0,109.18,4.10
43378,0,0,0,108.47,3.98
43481,0,0,0,107.75,3.39
43578,0,0,0,107.28,3.39
43678,0,0,0,106.80,3.50
43778,0,0,0,106.56,3.93
43878,0,0,0,106.13,4.05
43978,0,0,0,105.89,4.29
44078,0,0,0,105.42,3.98
44178,0,0,0,105.30,3.81
44307,0,0,0,105.13,3.74
44387,0,0,0,104.82,4.10
44477,0,0,0,104.65,3.98
44577,0,0,0,104.42,4.29
44678,0,0,0,104.18,3.98
44778,0,0,0,104.06,4.10
44878,0,0,0,103.87,3.93
44977,0,0,0,103.70,4.05
45078,0,0,0,103.51,4.17
45178,0,0,0,103.46,4.22
45278,0,0,0,103.11,4.17
45378,0,0,0,102.99,4.17
45478,0,0,0,102.91,4.05
45578,0,0,0,102.68,4.29
45677,0,0,0,102.39,4.34
45777,0,0,0,102.51,4.22
45878,0,0,0,101.96,4.29
45977,0,0,0,102.15,4.17
46077,0,0,0,101.84,4.10
46177,0,0,0,102.08,4.05
46278,0,0,0,101.79,4.22
46378,0,0,0,101.60,4.22
46478,0,0,0,101.44,4.34
46578,0,1,0,101.44,4.34
46678,0,1,0,20.00,20.10
46778,0,1,0,19.60,19.74
46877,0,1,0,19.64,19.74
46977,0,1,0,19.76,19.81
47077,0,1,0,19.48,19.62
47177,0,1,0,19.48,19.57
47277,0,1,0,19.72,19.86
47377,0,1,0,19.64,19.62
47477,0,1,0,19.41,19.62
47578,0,1,0,19.81,19.69
47678,0,1,0,19.64,19.74
47778,0,1,0,19.64,19.57
47878,0,1,0,19.60,19.69
47978,0,1,0,19.41,19.50
48078,0,1,0,19.64,19.62
48178,0,1,0,19.81,19.74
48278,0,0,0,19.72,19.86
48378,0,0,0,19.60,19.86
48478,0,0,0,19.72,19.74
48578,1,0,1,20.05,19.50
48678,0,0,1,93.40,8.70
48777,0,0,0,112.40,3.03
48877,0,0,0,110.09,3.39
48977,0,0,0,109.14,3.93
49077,0,0,0,108.23,3.93
49177,0,0,0,107.63,3.39
49277,0,0,0,107.04,3.58
49377,0,0,0,106.44,3.58
49477,0,0,0,106.25,3.81
49578,0,0,0,105.78,4.22
49678,0,0,0,105.54,4.17
49778,0,0,0,105.06,3.81
49878,0,0,0,104.94,3.70
49978,0,0,0,104.58,3.74
50078,0,0,0,104.34,3.81
50178,0,0,0,104.30,4.22
50278,0,0,0,103.94,4.17
50378,0,0,0,103.82,4.17
50478,0,0,0,103.63,3.86
50578,0,0,0,103.39,3.86
50678,0,0,0,103.34,3.98
50787,0,0,0,103.15,4.10
50877,0,0,0,103.22,4.41
50977,0,0,0,102.63,4.17
51078,0,0,0,102.80,3.98
51177,0,0,0,102.51,3.86
51277,0,0,0,102.56,4.17
51377,0,0,0,102.39,4.17
51478,0,0,0,101.96,4.10
51578,0,0,0,102.03,4.10
51678,0,0,0,101.96,4.22
51778,0,0,0,101.72,4.05
51878,0,0,0,101.79,4.10
51978,0,0,0,101.56,4.17
52078,0,0,0,101.32,4.22
52178,0,0,0,101.20,4.29
52278,0,1,0,101.20,4.17
52378,0,1,0,20.41,20.05
52478,0,1,0,19.60,19.69
52578,0,1,0,19.52,19.57
52686,0,1,0,19.60,19.81
52778,0,1,0,19.36,19.45
52877,0,1,0,19.52,19.45
52977,0,1,0,19.48,19.69
53077,0,1,0,19.41,19.50
53177,0,1,0,19.36,19.38
53277,0,1,0,19.64,19.69
53377,0,1,0,19.41,19.69
53477,0,1,0,19.52,19.38
53578,0,1,0,19.48,19.86
53678,0,1,0,19.60,19.50
53778,0,1,0,19.60,19.74
53878,0,1,0,19.41,19.57
53978,0,0,0,19.72,19.50
54078,0,0,0,19.64,19.81
54178,0,0,0,19.76,19.57
54278,1,0,1,19.93,19.57
54378,0,0,1,95.91,8.70
54478,0,0,0,112.88,2.74
54578,0,0,0,110.45,3.50
54678,0,0,0,109.18,3.86
54778,0,0,0,108.30,3.98
54878,0,0,0,107.71,3.15
54978,0,0,0,107.28,3.39
55078,0,0,0,106.92,3.50
55178,0,0,0,106.32,3.86
55278,0,0,0,105.89,4.10
55378,0,0,0,105.78,4.17
55478,0,0,0,105.18,3.93
55578,0,0,0,104.94,3.62
55678,0,0,0,104.58,3.62
55778,0,0,0,104.23,3.93
55878,0,0,0,104.11,3.93
55978,0,0,0,103.87,4.29
56078,0,0,0,103.63,4.05
56178,0,0,0,103.46,3.74
56278,0,0,0,103.27,3.86
56378,0,0,0,103.11,3.98
56478,0,0,0,102.87,4.17
56578,0,0,0,102.99,4.17
56678,0,0,0,102.44,4.29
56777,0,0,0,102.32,4.10
56877,0,0,0,102.15,3.93
56977,0,0,0,102.27,3.98
57078,0,0,0,101.96,4.17
57177,0,0,0,101.79,4.10
57286,0,0,0,101.72,4.10
57378,0,0,0,101.60,3.93
57478,0,0,0,101.44,4.05
57578,0,0,0,101.32,4.17
57678,0,0,0,101.13,4.05
57778,0,0,0,101.13,4.10
57878,0,0,0,101.01,4.34
57978,0,1,0,100.96,4.05
58078,0,1,0,19.60,19.86
58178,0,1,0,19.41,19.57
58277,0,1,0,19.41,19.45
58377,0,1,0,19.60,19.98
58477,0,1,0,19.36,19.50
58577,0,1,0,19.41,19.45
58677,0,1,0,19.48,19.69
58777,0,1,0,19.52,19.26
58877,0,1,0,19.41,19.62
58978,0,1,0,19.41,19.69
59078,0,1,0,19.36,19.74
59178,0,1,0,19.52,19.62
59278,0,1,0,19.41,19.69
59378,0,1,0,19.60,19.45
59478,0,1,0,19.48,19.81
59578,0,1,0,19.48,19.57
59678,0,0,0,19.36,19.81
59778,0,0,0,19.41,19.69
59879,0,0,0,19.60,19.57
59978,1,0,1,19.81,19.69
60078,0,0,1,98.34,8.70
60178,0,0,0,113.57,2.91
60278,0,0,0,111.21,3.27
60378,0,0,0,110.38,3.93
60478,0,0,0,109.61,3.81
60578,0,0,0,108.66,3.27
60678,0,0,0,107.99,3.34
60778,0,0,0,107.71,3.46
60878,0,0,0,107.21,3.93
60978,0,0,0,107.09,4.22
61079,0,0,0,106.80,4.10
61179,0,0,0,106.37,3.74
61278,0,0,0,106.01,3.74
61378,0,0,0,105.73,3.58
61478,0,0,0,105.54,3.74
61578,0,0,0,105.25,4.22
61678,0,0,0,105.18,4.10
61778,0,0,0,104.82,3.98
61878,0,0,0,104.65,3.81
61978,0,0,0,104.30,3.70
62077,0,0,0,104.34,3.93
62177,0,0,0,104.06,4.17
62278,0,0,0,104.11,4.10
62377,0,0,0,103.63,4.05
62477,0,0,0,103.58,3.86
62577,0,0,0,103.34,3.98
62678,0,0,0,103.22,3.93
62778,0,0,0,103.22,4.10
62878,0,0,0,102.99,4.17
62978,0,0,0,102.91,4.29
63078,0,0,0,102.91,4.05
63178,0,0,0,102.56,4.10
63278,0,0,0,102.51,3.93
63381,0,0,0,102.27,4.22
63487,0,0,0,102.20,4.05
63578,0,0,0,101.96,4.22
63678,0,0,0,102.03,3.86
63777,0,1,0,101.84,4.17
63877,0,1,0,19.93,20.10
63977,0,1,0,19.64,19.81
64077,0,1,0,19.64,19.74
64177,0,1,0,19.64,19.93
64278,0,1,0,19.64,19.50
64378,0,1,0,19.36,19.50
64478,0,1,0,19.76,19.74
64578,0,1,0,19.52,19.62
64678,0,1,0,19.48,19.57
64778,0,1,0,19.60,19.74
64878,0,1,0,19.64,19.69
64978,0,1,0,19.60,19.69
65078,0,1,0,19.64,19.81
65178,0,1,0,19.60,19.62
65278,0,1,0,19.60,19.86
65378,0,1,0,19.52,19.86
65478,0,0,0,19.64,19.69
65579,0,0,0,19.88,20.05
65679,0,0,0,19.93,19.69
65778,1,0,1,20.24,19.57
65877,0,0,1,94.95,8.82
65978,0,0,0,111.88,3.10
66078,0,0,0,110.26,3.15
66178,0,0,0,109.14,4.10
66278,0,0,0,108.54,3.58
66378,0,0,0,107.63,3.50
66478,0,0,0,107.21,3.39
66579,0,0,0,106.61,3.58
66678,0,0,0,106.37,3.93
66778,0,0,0,105.89,4.17
66878,0,0,0,105.54,4.22
66978,0,0,0,105.49,4.05
67078,0,0,0,105.18,3.50
67178,0,0,0,104.82,3.70
67278,0,0,0,104.70,3.70
67378,0,0,0,104.42,3.98
67478,0,0,0,104.11,4.22
67586,0,0,0,104.06,3.93
67687,0,0,0,103.87,3.81
67778,0,0,0,103.51,3.86
67878,0,0,0,103.51,3.86
67978,0,0,0,103.22,4.05
68078,0,0,0,103.03,4.05
68178,0,0,0,102.91,4.29
68278,0,0,0,102.87,3.81
68378,0,0,0,102.75,3.93
68479,0,0,0,102.56,3.86
68587,0,0,0,102.27,4.17
68678,0,0,0,102.32,4.10
68778,0,0,0,102.08,4.10
68880,0,0,0,101.96,4.05
68978,0,0,0,101.67,4.17
69078,0,0,0,101.67,3.93
69178,0,0,0,101.56,4.05
69279,0,0,0,101.44,4.10
69379,0,0,0,101.32,4.17
69478,0,1,0,101.01,4.22
69578,0,1,0,19.88,19.93
69684,0,1,0,19.60,19.50
69777,0,1,0,19.36,19.57
69877,0,1,0,19.60,19.74
69977,0,1,0,19.41,19.38
70078,0,1,0,19.29,19.33
70177,0,1,0,19.64,19.57
70277,0,1,0,19.36,19.21
70378,0,1,0,19.48,19.57
70478,0,1,0,19.52,19.57
70578,0,1,0,19.41,19.45
70678,0,1,0,19.60,19.57
70778,0,1,0,19.52,19.57
70878,0,1,0,19.41,19.57
70978,0,1,0,19.52,19.45
71078,0,1,0,19.48,19.57
71178,0,0,0,19.52,19.98
71279,0,0,0,19.72,19.62
71379,0,0,0,19.81,19.74
71478,1,0,1,19.81,19.57
71578,0,0,1,96.67,8.42
71678,0,0,0,112.28,2.86
71778,0,0,0,110.38,3.15
71878,0,0,0,109.18,3.93
71978,0,0,0,108.71,3.58
72078,0,0,0,107.94,3.34
72178,0,0,0,107.44,3.22
72278,0,0,0,106.92,3.39
72378,0,0,0,106.49,3.86
72478,0,0,0,106.09,3.98
72578,0,0,0,105.89,3.93
72678,0,0,0,105.66,3.58
72779,0,0,0,105.37,3.50
72878,0,0,0,105.01,3.50
72978,0,0,0,105.13,3.93
73078,0,0,0,104.42,4.29
73178,0,0,0,104.42,3.98
73281,0,0,0,104.23,3.93
73378,0,0,0,104.11,3.74
73478,0,0,0,103.75,3.81
73578,0,0,0,103.70,3.74
73678,0,0,0,103.46,3.86
73778,0,0,0,103.22,4.05
73878,0,0,0,103.39,3.86
73978,0,0,0,102.91,3.74
74078,0,0,0,102.63,3.86
74178,0,0,0,102.68,3.74
74287,0,0,0,102.51,4.05
74378,0,0,0,102.20,4.05
74478,0,0,0,102.20,4.05
74580,0,0,0,102.03,3.98
74678,0,0,0,102.03,3.93
74788,0,0,0,101.72,4.05
74878,0,0,0,101.67,4.10
74978,0,0,0,101.67,4.05
75079,0,0,0,101.48,3.98
75178,0,1,0,101.32,4.05
75278,0,1,0,19.64,19.62
75379,0,1,0,19.41,19.45
75478,0,1,0,19.24,19.38
75579,0,1,0,19.52,19.81
75679,0,1,0,19.24,19.57
75779,0,1,0,19.17,19.45
75878,0,1,0,19.48,19.50
75979,0,1,0,19.29,19.57
76078,0,1,0,19.41,19.38
76178,0,1,0,19.36,19.38
76278,0,1,0,19.48,19.38
76378,0,1,0,19.36,19.45
76478,0,1,0,19.48,19.50
76578,0,1,0,19.24,19.50
76678,0,1,0,19.48,19.33
76778,0,1,0,19.36,19.50
76879,0,0,0,19.48,19.62
76979,0,0,0,19.29,19.93
77086,0,0,0,19.72,19.33
77181,1,0,1,19.76,19.33
77278,0,0,1,90.57,8.53
77378,0,0,0,111.21,3.03
77478,0,0,0,108.83,3.10
77578,0,0,0,108.06,3.93
77678,0,0,0,107.09,3.58
77779,0,0,0,106.49,3.15
77887,0,0,0,106.01,3.39
77978,0,0,0,105.49,3.70
78084,0,0,0,105.13,3.86
78178,0,0,0,104.82,4.10
78278,0,0,0,104.54,4.05
78378,0,0,0,103.99,3.74
78478,0,0,0,103.94,3.74
78578,0,0,0,103.63,3.81
78678,0,0,0,103.34,3.81
78778,0,0,0,103.03,4.29
78887,0,0,0,102.99,4.05
78978,0,0,0,102.63,3.74
79078,0,0,0,102.39,3.70
79178,0,0,0,102.08,3.81
79278,0,0,0,102.20,3.81
79378,0,0,0,102.15,4.22
79478,0,0,0,102.03,4.10
79578,0,0,0,101.56,3.86
79679,0,0,0,101.44,3.86
79778,0,0,0,101.32,3.98
79880,0,0,0,101.25,3.98
79981,0,0,0,101.13,4.10
80078,0,0,0,101.01,4.17
80178,0,0,0,100.65,3.98
80278,0,0,0,100.77,3.93
80378,0,0,0,100.60,4.05
80478,0,0,0,100.41,4.05
80578,0,0,0,100.24,3.98
80678,0,0,0,100.29,3.98
80786,0,0,0,100.01,3.98
80878,0,1,0,99.89,3.93
80978,0,1,0,19.48,19.81
81086,0,1,0,19.36,19.21
81178,0,1,0,19.36,19.33
81278,0,1,0,19.41,19.57
81378,0,1,0,19.00,19.14
81479,0,1,0,19.17,19.21
81578,0,1,0,19.36,19.50
81678,0,1,0,19.05,19.14
81778,0,1,0,19.12,19.14
81878,0,1,0,19.12,19.45
81979,0,1,0,19.17,19.33
82097,0,1,0,19.29,19.14
82178,0,1,0,19.29,19.38
82278,0,1,0,19.12,19.26
82378,0,1,0,19.12,19.26
82482,0,1,0,19.41,19.45
82578,0,0,0,19.29,19.50
82679,0,0,0,20.00,19.50
82779,0,0,0,19.41,19.33
82879,1,0,1,19.76,19.21
82978,0,0,1,96.26,8.30
83086,0,0,0,112.64,2.74
83179,0,0,0,110.26,2.91
83279,0,0,0,109.30,3.74
83378,0,0,0,108.54,3.15
83478,0,0,0,107.83,2.79
83578,0,0,0,107.16,3.15
83686,0,0,0,106.85,3.27
83778,0,0,0,106.61,3.81
83878,0,0,0,106.25,3.74
83978,0,0,0,105.73,3.39
84078,0,0,0,105.61,3.22
84178,0,0,0,105.13,3.34
84286,0,0,0,105.01,3.62
84378,0,0,0,104.65,3.74
84479,0,0,0,104.54,3.74
84587,0,0,0,104.23,3.46
84678,0,0,0,104.11,3.50
84778,0,0,0,103.87,3.39
84878,0,0,0,103.75,3.70
84978,0,0,0,103.46,3.74
85078,0,0,0,103.46,3.86
85186,0,0,0,103.15,3.74
85278,0,0,0,103.15,3.62
85379,0,0,0,102.80,3.62
85479,0,0,0,102.87,3.62
85579,0,0,0,102.51,3.86
85679,0,0,0,102.39,3.86
85779,0,0,0,102.20,3.62
85879,0,0,0,102.27,3.58
85979,0,0,0,101.91,3.58
86079,0,0,0,101.96,3.70
86179,0,0,0,101.56,3.70
86280,0,0,0,101.60,3.81
86389,0,0,0,101.36,3.50
86478,0,0,0,101.32,3.81
86578,0,0,0,101.20,3.62
86678,0,1,0,101.08,3.70
86778,0,1,0,19.76,19.50
86878,0,1,0,19.00,19.21
86978,0,1,0,18.76,18.98
87078,0,1,0,19.36,19.38
87178,0,1,0,18.76,18.79
87286,0,1,0,18.93,19.02
87378,0,1,0,19.05,18.90
87478,0,1,0,19.05,19.14
87578,0,1,0,18.88,19.02
87686,0,1,0,19.17,19.14
87778,0,1,0,18.93,19.10
87878,0,1,0,18.88,19.26
87978,0,1,0,19.05,19.10
88117,0,1,0,18.93,19.10
88179,0,1,0,19.00,19.21
88278,0,1,0,19.12,19.14
88387,0,0,0,19.05,19.26
88479,0,0,0,19.41,19.33
88578,0,0,0,19.17,19.10
88678,0,0,0,19.60,19.02
88779,1,0,1,19.76,18.98
88878,0,0,1,92.74,8.06
88979,0,0,0,111.69,2.74
89081,0,0,0,109.14,2.91
89197,0,0,0,108.11,3.62
89279,0,0,0,107.32,3.46
89378,0,0,0,106.92,3.22
89478,0,0,0,106.09,3.10
89578,0,0,0,105.73,3.34
89678,0,0,0,105.37,3.70
89778,0,0,0,105.13,3.98
89887,0,0,0,104.82,3.70
89978,0,0,0,104.23,3.58
90078,0,0,0,104.11,3.34
90178,0,0,0,103.87,3.39
90278,0,0,0,103.58,3.74
90378,0,0,0,103.34,3.81
90478,0,0,0,103.15,3.93
90581,0,0,0,102.99,3.62
90679,0,0,0,102.75,3.50
90778,0,0,0,102.44,3.58
90878,0,0,0,102.15,3.86
90978,0,0,0,102.20,3.74
91078,0,0,0,101.91,3.86
91178,0,0,0,101.91,3.81
91278,0,0,0,101.67,3.70
91378,0,0,0,101.56,3.39
91487,0,0,0,101.48,3.86
91579,0,0,0,101.20,3.93
91687,0,0,0,101.13,3.62
91787,0,0,0,101.08,3.74
91879,0,0,0,100.72,3.98
91979,0,0,0,100.65,3.81
92079,0,0,0,100.65,3.81
92187,0,0,0,100.48,3.74
92280,0,0,0,100.41,3.86
92378,0,0,0,100.48,3.74
92479,0,0,0,100.13,3.62
92578,0,1,0,100.05,3.93
92678,0,1,0,19.48,19.38
92778,0,1,0,19.17,19.14
92878,0,1,0,18.76,18.79
92978,0,1,0,19.24,19.26
93079,0,1,0,18.81,18.90
93179,0,1,0,18.88,18.90
93282,0,1,0,19.12,19.02
93378,0,1,0,18.81,19.02
93479,0,1,0,19.05,18.98
93578,0,1,0,19.00,19.14
93678,0,1,0,19.00,19.10
93778,0,1,0,19.00,18.98
93878,0,1,0,19.05,19.14
93978,0,1,0,19.05,19.14
94087,0,1,0,18.88,18.86
94179,0,1,0,18.88,19.14
94279,0,0,0,19.05,19.10
94380,0,0,0,18.93,19.33
94478,0,0,0,19.36,19.10
94578,0,0,0,19.48,19.10
94679,1,0,1,19.72,19.10
94778,0,0,1,97.26,7.94
94878,0,0,0,113.09,2.62
94979,0,0,0,110.81,2.86
95079,0,0,0,109.61,3.81
95179,0,0,0,108.83,3.50
95279,0,0,0,108.35,3.15
95379,0,0,0,107.71,3.03
95478,0,0,0,107.44,3.22
95587,0,0,0,106.80,3.81
95678,0,0,0,106.49,3.93
95778,0,0,0,106.20,3.81
95878,0,0,0,105.89,3.62
95978,0,0,0,105.54,3.34
96081,0,0,0,105.42,3.50
96187,0,0,0,105.01,3.50
96279,0,0,0,104.82,3.81
96379,0,0,0,104.54,3.86
96487,0,0,0,104.34,3.74
96578,0,0,0,104.23,3.58
96682,0,0,0,104.06,3.58
96787,0,0,0,103.87,3.70
96878,0,0,0,103.63,3.74
96980,0,0,0,103.63,3.74
97087,0,0,0,103.34,3.74
97178,0,0,0,103.11,3.58
97279,0,0,0,102.99,3.74
97379,0,0,0,102.80,3.74
97487,0,0,0,102.75,3.98
97578,0,0,0,102.44,3.86
97678,0,0,0,102.44,3.81
97778,0,0,0,102.27,3.74
97878,0,0,0,102.27,3.50
97978,0,0,0,101.91,3.74
98079,0,0,0,101.91,3.93
98179,0,0,0,101.79,3.93
98287,0,0,0,101.56,3.86
98379,0,1,0,101.56,3.98
98478,0,1,0,19.60,19.74
98586,0,1,0,19.24,19.33
98678,0,1,0,19.12,19.21
98778,0,1,0,19.48,19.38
98878,0,1,0,19.17,19.33
98978,0,1,0,19.12,19.10
99078,0,1,0,19.29,19.33
99179,0,1,0,19.24,19.33
99279,0,1,0,19.05,19.21
99387,0,1,0,19.24,19.21
99479,0,1,0,19.29,19.26
99578,0,1,0,19.36,19.21
99679,0,1,0,19.29,19.45
99779,0,1,0,19.41,19.38
99879,0,1,0,19.12,19.50
99978,0,1,0,19.48,19.26
100078,0,0,0,19.29,19.33
100182,0,0,0,18.88,19.57
100282,0,0,0,19.48,19.26
100378,1,0,1,19.81,19.38
100483,0,0,1,100.60,8.18
100583,0,0,0,113.09,2.55
100678,0,0,0,111.28,2.67
100778,0,0,0,110.38,3.93
100878,0,0,0,109.42,3.10
100978,0,0,0,108.83,3.03
101079,0,0,0,108.35,3.15
101184,0,0,0,107.83,3.34
101279,0,0,0,107.40,3.74
101379,0,0,0,107.16,3.74
101478,0,0,0,106.68,3.39
101578,0,0,0,106.49,3.46
101678,0,0,0,106.01,3.46
101778,0,0,0,105.78,3.50
101878,0,0,0,105.61,3.74
101978,0,0,0,105.66,3.81
102078,0,0,0,105.30,3.58
102179,0,0,0,105.18,3.62
102279,0,0,0,104.70,3.50
102387,0,0,0,104.58,3.58
102487,0,0,0,104.42,3.81
102579,0,0,0,104.34,3.86
102678,0,0,0,104.06,3.62
102778,0,0,0,103.94,3.70
102878,0,0,0,103.70,3.62
102978,0,0,0,103.58,3.93
103082,0,0,0,103.46,3.81
103179,0,0,0,103.22,3.74
103287,0,0,0,103.11,3.70
103378,0,0,0,103.15,3.74
103478,0,0,0,103.03,3.70
103578,0,0,0,102.63,3.62
103678,0,0,0,102.51,3.93
103778,0,0,0,102.51,3.74
103878,0,0,0,102.27,3.62
103987,0,0,0,102.32,3.70
104079,0,1,0,102.15,3.74
104179,0,1,0,19.81,19.69
104278,0,1,0,19.52,19.26
104378,0,1,0,19.29,19.33
104478,0,1,0,19.36,19.38
104578,0,1,0,18.93,19.02
104678,0,1,0,18.93,19.21
104778,0,1,0,19.29,19.33
104878,0,1,0,19.05,19.21
104979,0,1,0,19.17,19.26
105079,0,1,0,19.29,19.21
105179,0,1,0,19.24,19.33
105286,0,1,0,19.24,19.38
105378,0,1,0,19.29,19.38
105478,0,1,0,19.24,19.33
105578,0,1,0,19.24,19.33
105686,0,1,0,19.17,19.45
105778,0,0,0,19.48,19.21
105878,0,0,0,19.00,19.62
105979,0,0,0,19.52,19.38
106079,1,0,1,19.76,19.33
106179,0,0,1,93.81,8.34
106287,0,0,0,112.28,2.31
106378,0,0,0,109.78,2.62
106478,0,0,0,108.83,3.98
106578,0,0,0,107.87,2.91
106678,0,0,0,107.32,2.86
106778,0,0,0,106.80,2.98
106878,0,0,0,106.56,3.46
106984,0,0,0,105.85,3.81
107079,0,0,0,105.66,3.62
107178,0,0,0,105.42,3.34
107278,0,0,0,105.13,3.22
107387,0,0,0,104.77,3.39
107479,0,0,0,104.42,3.70
107578,0,0,0,104.30,3.74
107678,0,0,0,103.94,3.81
107778,0,0,0,103.82,3.46
107879,0,0,0,103.70,3.46
107979,0,0,0,103.46,3.46
108079,0,0,0,103.34,3.58
108179,0,0,0,103.15,3.70
108287,0,0,0,102.75,3.81
108378,0,0,0,102.80,3.62
108478,0,0,0,102.44,3.46
108578,0,0,0,102.51,3.58
108678,0,0,0,102.20,3.58
108778,0,0,0,102.32,3.86
108878,0,0,0,101.91,3.81
108978,0,0,0,101.84,3.70
109079,0,0,0,101.79,3.70
109178,0,0,0,101.56,3.70
109278,0,0,0,101.48,3.70
109378,0,0,0,101.32,3.62
109479,0,0,0,101.13,3.62
109579,0,0,0,101.08,3.74
109687,0,0,0,101.01,3.62
109778,0,0,0,101.13,3.81
109879,0,1,0,100.65,3.70
109978,0,1,0,19.29,19.45
110078,0,1,0,18.93,18.90
110178,0,1,0,18.88,19.02
110278,0,1,0,19.29,19.21
110378,0,1,0,18.81,18.86
110478,0,1,0,18.64,18.74
110578,0,1,0,19.05,19.21
110679,0,1,0,18.81,18.98
110787,0,1,0,19.05,18.90
110878,0,1,0,19.00,18.98
110978,0,1,0,19.05,19.10
111082,0,1,0,18.76,19.10
111178,0,1,0,19.00,18.98
111283,0,1,0,19.05,18.90
111378,0,1,0,19.05,19.02
111478,0,1,0,18.88,18.98
111579,0,0,0,19.00,19.14
111680,0,0,0,18.57,19.21
111778,0,0,0,19.24,19.10
111878,0,0,0,19.41,18.98
111978,1,0,1,19.88,19.02
112078,0,0,1,98.86,8.11
112206,0,0,0,112.52,2.38
112278,0,0,0,110.45,1.91
112378,0,0,0,109.42,2.74
112479,0,0,0,108.59,2.31
112587,0,0,0,108.06,2.38
112679,0,0,0,107.40,2.62
112782,0,0,0,106.92,2.91
112878,0,0,0,106.44,2.91
112978,0,0,0,106.32,2.74
113078,0,0,0,105.73,2.74
113178,0,0,0,105.49,3.10
113286,0,0,0,105.18,3.03
113378,0,0,0,105.01,3.03
113479,0,0,0,104.70,2.86
113579,0,0,0,104.58,3.27
113679,0,0,0,104.23,2.86
113779,0,0,0,104.18,3.15
113886,0,0,0,103.75,3.10
113978,0,0,0,103.70,3.15
114078,0,0,0,103.63,3.10
114178,0,0,0,103.39,3.10
114278,0,0,0,103.15,2.98
114378,0,0,0,103.03,2.98
114478,0,0,0,102.80,2.98
114585,0,0,0,102.56,2.91
114678,0,0,0,102.56,2.86
114778,0,0,0,102.27,2.86
114878,0,0,0,102.27,3.03
114978,0,0,0,101.96,3.10
115078,0,0,0,101.96,3.03
115178,0,0,0,101.79,3.15
115278,0,0,0,101.91,2.98
115387,0,0,0,101.44,3.10
115479,0,0,0,101.44,3.22
115578,0,0,0,101.44,3.10
115678,0,0,0,101.25,3.34
115778,0,1,0,101.32,3.27
115882,0,1,0,18.93,18.79
115978,0,1,0,18.05,18.26
116078,0,1,0,18.05,18.07
116178,0,1,0,18.64,18.79
116279,0,1,0,17.74,17.95
116379,0,1,0,17.97,18.19
116479,0,1,0,17.97,18.26
116579,0,1,0,18.33,18.19
116679,0,1,0,17.74,18.26
116787,0,1,0,18.09,18.26
116878,0,1,0,18.28,18.19
116978,0,1,0,18.21,18.19
117078,0,1,0,18.17,18.50
117178,0,1,0,18.09,18.31
117278,0,1,0,18.09,18.26
117378,0,1,0,18.05,18.38
117478,0,0,0,18.17,18.31
117579,0,0,0,17.81,18.50
117688,0,0,0,18.45,18.19
117778,1,0,1,18.93,18.26
117878,0,0,1,96.67,7.75
117978,0,0,0,112.52,2.38
118078,0,0,0,110.09,2.55
118178,0,0,0,108.83,3.39
118278,0,0,0,108.47,3.22
118378,0,0,0,107.63,2.91
118479,0,0,0,107.09,2.86
118579,0,0,0,106.68,3.03
118679,0,0,0,106.25,3.70
118779,0,0,0,105.66,3.62
118879,0,0,0,105.49,3.27
118979,0,0,0,105.18,3.15
119079,0,0,0,105.01,3.22
119179,0,0,0,104.65,3.50
119287,0,0,0,104.42,3.62
119378,0,0,0,103.94,3.62
119478,0,0,0,103.87,3.58
119578,0,0,0,103.51,3.39
119678,0,0,0,103.46,3.50
119778,0,0,0,102.99,3.58
119881,0,0,0,103.03,3.81
119981,0,0,0,102.80,3.81
120078,0,0,0,102.56,3.62
120179,0,0,0,102.39,3.46
120279,0,0,0,102.32,3.58
120379,0,0,0,102.15,3.62
120484,0,0,0,101.96,3.70
120578,0,0,0,101.96,3.58
120678,0,0,0,101.96,3.50
120778,0,0,0,101.84,3.62
120878,0,0,0,101.44,3.62
120978,0,0,0,101.48,3.81
121078,0,0,0,101.25,3.58
121178,0,0,0,101.36,3.74
121279,0,0,0,101.08,3.81
121379,0,0,0,101.01,3.81
121479,0,1,0,100.77,3.58
121579,0,1,0,19.17,19.38
121678,0,1,0,18.93,18.98
121778,0,1,0,18.88,19.10
121878,0,1,0,19.36,19.10
121978,0,1,0,18.64,18.74
122078,0,1,0,18.76,18.74
122178,0,1,0,18.93,18.98
122287,0,1,0,18.88,18.98
122386,0,1,0,18.88,18.86
122478,0,1,0,18.93,19.02
122585,0,1,0,18.88,19.02
122687,0,1,0,18.76,18.86
122778,0,1,0,18.93,19.10
122878,0,1,0,18.93,18.98
122978,0,1,0,18.76,19.10
123087,0,1,0,18.88,18.98
123181,0,0,0,18.93,19.21
123278,0,0,0,18.28,18.62
123378,0,0,0,19.17,19.02
123487,1,0,1,19.29,19.02
123586,0,0,1,87.61,8.70
123678,0,0,0,112.95,2.67
123778,0,0,0,110.50,3.03
123878,0,0,0,109.37,4.05
123979,0,0,0,108.59,3.27
124079,0,0,0,107.99,3.10
124179,0,0,0,107.32,3.10
124279,0,0,0,106.85,3.34
124379,0,0,0,106.49,3.86
124487,0,0,0,106.20,4.05
124578,0,0,0,105.89,3.70
124678,0,0,0,105.49,3.39
124778,0,0,0,105.25,3.39
124878,0,0,0,105.01,3.70
124978,0,0,0,104.65,3.81
125078,0,0,0,104.46,3.98
125178,0,0,0,104.18,3.98
125279,0,0,0,104.06,3.58
125379,0,0,0,103.82,3.50
125479,0,0,0,103.63,3.70
125579,0,0,0,103.39,4.05
125688,0,0,0,103.22,3.93
125778,0,0,0,103.15,3.98
125878,0,0,0,103.03,4.05
125978,0,0,0,102.87,3.74
126078,0,0,0,102.56,3.86
126184,0,0,0,102.56,3.93
126278,0,0,0,102.32,4.10
126378,0,0,0,102.20,3.93
126479,0,0,0,102.15,3.93
126579,0,0,0,101.79,3.70
126706,0,0,0,101.84,3.74
126780,0,0,0,101.72,4.10
126878,0,0,0,101.56,3.86
126978,0,0,0,101.44,4.17
127078,0,0,0,101.36,3.93
127178,0,1,0,101.13,3.98
127278,0,1,0,20.00,19.81
127378,0,1,0,19.17,19.45
127478,0,1,0,19.29,19.14
127579,0,1,0,19.52,19.57
127679,0,1,0,19.29,19.14
127779,0,1,0,19.24,19.10
127879,0,1,0,19.48,19.38
127979,0,1,0,19.12,19.33
128079,0,1,0,19.24,19.38
128179,0,1,0,19.36,19.38
128279,0,1,0,19.24,19.26
128379,0,1,0,19.41,19.21
128479,0,1,0,19.41,19.38
128579,0,1,0,19.36,19.26
128679,0,1,0,19.29,19.38
128779,0,1,0,19.52,19.45
128879,0,0,0,19.52,19.45
128980,0,0,0,18.33,19.69
129079,0,0,0,19.41,19.50
129179,1,0,1,19.81,19.33
129286,0,0,1,97.91,7.75
129387,0,0,0,113.33,2.38
129478,0,0,0,111.21,2.50
129578,0,0,0,110.26,3.39
129678,0,0,0,109.37,2.91
129778,0,0,0,108.78,2.74
129886,0,0,0,108.18,2.91
129980,0,0,0,107.94,2.98
130079,0,0,0,107.21,3.50
130179,0,0,0,106.92,3.27
130279,0,0,0,106.61,3.27
130379,0,0,0,106.44,3.22
130479,0,0,0,106.01,3.39
130579,0,0,0,105.85,3.27
130678,0,0,0,105.49,3.50
130778,0,0,0,105.42,3.34
130887,0,0,0,105.06,3.46
130978,0,0,0,104.94,3.39
131078,0,0,0,104.77,3.46
131178,0,0,0,104.54,3.62
131278,0,0,0,104.30,3.74
131378,0,0,0,104.18,3.34
131480,0,0,0,103.94,3.46
131579,0,0,0,103.87,3.50
131679,0,0,0,103.58,3.50
131787,0,0,0,103.34,3.58
131878,0,0,0,103.27,3.58
131978,0,0,0,103.27,3.27
132080,0,0,0,102.91,3.39
132179,0,0,0,102.99,3.58
132278,0,0,0,102.87,3.74
132378,0,0,0,102.56,3.50
132478,0,0,0,102.44,3.70
132580,0,0,0,102.44,3.58
132681,0,0,0,102.32,3.62
132780,0,0,0,102.08,3.58
132888,0,1,0,102.15,3.62
132979,0,1,0,20.29,19.62
133078,0,1,0,19.05,19.02
133178,0,1,0,18.81,18.90
133278,0,1,0,19.24,19.50
133386,0,1,0,18.81,18.74
133478,0,1,0,18.57,18.98
133578,0,1,0,18.93,19.02
133679,0,1,0,18.76,18.98
133787,0,1,0,18.93,19.02
133878,0,1,0,18.81,19.02
133986,0,1,0,19.05,19.10
134078,0,1,0,18.81,18.86
134178,0,1,0,19.00,18.98
134278,0,1,0,18.93,18.98
134378,0,1,0,19.05,18.98
134478,0,1,0,19.00,18.98
134579,0,0,0,19.36,19.10
134680,0,0,0,18.05,18.79
134779,0,0,0,19.36,19.02
134879,0,0,0,19.41,19.02
134980,1,0,1,19.76,18.86
135086,0,0,1,93.88,7.94
135178,0,0,0,112.64,2.55
135278,0,0,0,110.69,2.79
135378,0,0,0,109.78,3.27
135478,0,0,0,108.66,3.03
135578,0,0,0,108.11,2.86
135678,0,0,0,107.52,2.98
135778,0,0,0,107.21,3.70
135879,0,0,0,106.68,3.74
135979,0,0,0,106.32,3.46
136079,0,0,0,105.89,3.34
136179,0,0,0,105.66,3.15
136279,0,0,0,105.37,3.50
136379,0,0,0,105.13,3.62
136479,0,0,0,105.01,3.70
136612,0,0,0,104.77,3.58
136686,0,0,0,104.42,3.46
136778,0,0,0,104.34,3.46
136878,0,0,0,103.99,3.58
136978,0,0,0,103.75,3.62
137078,0,0,0,103.63,3.81
137178,0,0,0,103.46,3.50
137278,0,0,0,103.46,3.74
137379,0,0,0,103.15,3.50
137479,0,0,0,102.91,3.70
137579,0,0,0,102.68,3.62
137679,0,0,0,102.75,3.74
137779,0,0,0,102.63,3.50
137879,0,0,0,102.44,3.74
137987,0,0,0,102.20,3.50
138079,0,0,0,102.08,3.62
138178,0,0,0,101.84,3.74
138278,0,0,0,101.84,3.86
138378,0,0,0,101.72,3.62
138478,0,0,0,101.48,3.70
138578,0,0,0,101.44,3.58
138678,0,1,0,101.25,3.62
138778,0,1,0,19.60,19.33
138879,0,1,0,18.93,18.98
138979,0,1,0,18.88,19.10
139079,0,1,0,19.12,19.21
139179,0,1,0,18.88,18.90
139279,0,1,0,18.88,18.90
139383,0,1,0,19.05,18.98
139479,0,1,0,18.81,19.02
139578,0,1,0,18.81,18.98
139678,0,1,0,19.05,19.02
139778,0,1,0,19.00,19.02
139878,0,1,0,19.00,19.14
139978,0,1,0,19.05,19.14
140078,0,1,0,19.17,19.10
140178,0,1,0,19.00,19.10
140279,0,1,0,19.12,19.14
140379,0,0,0,19.00,19.26
140479,0,0,0,18.05,19.21
140578,0,0,0,19.17,19.02
140678,0,0,0,19.60,19.10
140778,1,0,1,19.60,19.02
140878,0,0,1,94.95,7.94
140978,0,0,0,111.09,2.38
141078,0,0,0,109.85,2.79
141178,0,0,0,108.71,3.62
141279,0,0,0,108.06,2.98
141387,0,0,0,107.44,2.86
141478,0,0,0,106.92,3.03
141578,0,0,0,106.32,3.27
141678,0,0,0,106.01,3.74
141778,0,0,0,105.73,3.39
141878,0,0,0,105.42,3.27
141978,0,0,0,105.13,3.22
142078,0,0,0,104.77,3.46
142179,0,0,0,104.46,3.58
142281,0,0,0,104.34,3.81
142379,0,0,0,104.23,3.50
142479,0,0,0,103.94,3.46
142579,0,0,0,103.70,3.34
142679,0,0,0,103.34,3.46
142817,0,0,0,103.27,3.62
142879,0,0,0,103.15,3.74
142978,0,0,0,102.99,3.62
143078,0,0,0,102.75,3.62
143178,0,0,0,102.75,3.50
143278,0,0,0,102.51,3.62
143378,0,0,0,102.32,3.70
143478,0,0,0,102.08,3.74
143578,0,0,0,102.03,3.74
143679,0,0,0,101.72,3.58
143779,0,0,0,101.79,3.50
143879,0,0,0,101.56,3.81
143979,0,0,0,101.56,3.74
144079,0,0,0,101.36,3.58
144179,0,0,0,101.20,3.62
144279,0,0,0,101.01,3.62
144379,0,0,0,100.96,3.62
144479,0,1,0,100.89,3.50
144579,0,1,0,19.36,19.26
144678,0,1,0,18.88,19.02
144778,0,1,0,18.57,18.98
144878,0,1,0,19.17,18.90
144978,0,1,0,18.69,18.74
145078,0,1,0,18.69,18.79
145178,0,1,0,18.81,18.90
145278,0,1,0,18.88,18.90
145379,0,1,0,18.69,18.79
145479,0,1,0,18.93,18.90
145579,0,1,0,18.76,19.02
145679,0,1,0,18.76,18.86
145779,0,1,0,18.88,18.86
145879,0,1,0,18.81,18.86
145981,0,1,0,18.93,18.90
146079,0,1,0,18.81,18.79
146178,0,0,0,18.93,19.10
146278,0,0,0,18.28,19.21
146378,0,0,0,19.29,18.79
146478,1,0,1,19.29,19.10
146578,0,0,1,97.15,7.94
146678,0,0,0,111.81,2.26
146778,0,0,0,110.50,2.67
146879,0,0,0,109.30,3.39
146979,0,0,0,108.78,3.15
147079,0,0,0,107.94,2.74
147179,0,0,0,107.94,2.98
147279,0,0,0,107.09,3.39
147386,0,0,0,106.49,3.62
147479,0,0,0,106.32,3.50
147579,0,0,0,105.89,3.22
147679,0,0,0,105.73,3.27
147779,0,0,0,105.49,3.34
147879,0,0,0,105.13,3.74
147979,0,0,0,105.01,3.74
148079,0,0,0,104.58,3.74
148179,0,0,0,104.46,3.50
148279,0,0,0,104.11,3.50
148379,0,0,0,103.99,3.46
148479,0,0,0,103.75,3.62
148579,0,0,0,103.75,3.58
148679,0,0,0,103.46,3.81
148779,0,0,0,103.39,3.46
148879,0,0,0,103.11,3.58
148984,0,0,0,103.22,3.46
149079,0,0,0,102.87,3.70
149179,0,0,0,102.75,3.81
149287,0,0,0,102.63,3.70
149378,0,0,0,102.51,3.58
149478,0,0,0,102.20,3.50
149578,0,0,0,102.15,3.50
149678,0,0,0,102.03,3.74
149778,0,0,0,101.96,3.70
149878,0,0,0,101.79,3.81
149978,0,0,0,101.48,3.50
150079,0,0,0,101.48,3.74
150179,0,1,0,101.60,3.81
150279,0,1,0,19.36,19.57
150379,0,1,0,19.00,19.10
150487,0,1,0,18.88,18.98
150587,0,1,0,19.52,19.21
150684,0,1,0,18.88,18.74
150778,0,1,0,18.88,19.10
150878,0,1,0,18.93,19.21
150978,0,1,0,19.00,19.21
151078,0,1,0,18.81,19.02
151178,0,1,0,18.93,19.10
151278,0,1,0,18.88,19.38
151379,0,1,0,18.88,18.86
151479,0,1,0,19.05,19.21
151579,0,1,0,19.00,19.14
151679,0,1,0,18.93,19.14
151779,0,1,0,18.93,19.10
151879,0,0,0,19.05,19.14
151980,0,0,0,17.93,18.98
152080,0,0,0,19.12,19.21
152180,1,0,1,19.60,18.98
152288,0,0,1,95.60,7.10
152378,0,0,0,113.62,2.31
152478,0,0,0,111.52,2.86
152578,0,0,0,110.50,3.27
152678,0,0,0,109.54,3.27
152778,0,0,0,108.90,2.79
152878,0,0,0,108.42,3.03
152978,0,0,0,107.83,3.34
153079,0,0,0,107.44,3.74
153179,0,0,0,107.28,3.70
153279,0,0,0,106.68,3.34
153379,0,0,0,106.56,3.27
153479,0,0,0,106.09,3.34
153579,0,0,0,105.89,3.50
153679,0,0,0,105.66,3.93
153787,0,0,0,105.30,3.70
153897,0,0,0,105.30,3.50
153988,0,0,0,105.13,3.46
154078,0,0,0,105.01,3.70
154178,0,0,0,104.58,3.74
154278,0,0,0,104.54,3.81
154378,0,0,0,104.18,3.86
154479,0,0,0,104.30,3.74
154579,0,0,0,103.94,3.58
154679,0,0,0,103.87,3.62
154779,0,0,0,103.39,3.81
154878,0,0,0,103.46,3.70
154987,0,0,0,103.27,3.46
155078,0,0,0,103.11,3.58
155179,0,0,0,102.91,3.62
155296,0,0,0,102.91,3.58
155378,0,0,0,102.87,3.74
155487,0,0,0,102.51,3.81
155580,0,0,0,102.39,3.50
155682,0,0,0,102.15,3.86
155779,0,0,0,102.15,3.58
155878,0,0,0,101.96,3.81
155982,0,1,0,101.96,3.93
156079,0,1,0,19.72,19.62
156178,0,1,0,19.12,19.14
156280,0,1,0,18.93,19.21
156380,0,1,0,19.29,19.57
156478,0,1,0,18.88,18.98
156578,0,1,0,19.00,19.14
156678,0,1,0,19.29,19.26
156778,0,1,0,19.17,19.33
156878,0,1,0,19.00,19.14
156982,0,1,0,19.24,19.38
157078,0,1,0,19.05,19.21
157179,0,1,0,19.12,19.26
157279,0,1,0,19.17,19.33
157380,0,1,0,19.12,19.45
157479,0,1,0,19.05,19.45
157579,0,1,0,19.36,19.45
157680,0,0,0,19.24,19.21
157782,0,0,0,18.17,19.45
157880,0,0,0,19.41,19.26
157980,0,0,0,19.72,19.21
158081,1,0,1,19.88,19.14
158180,0,0,1,95.55,8.46
158278,0,0,0,112.40,2.55
158381,0,0,0,110.26,2.74
158478,0,0,0,109.26,3.50
158579,0,0,0,108.30,3.15
158678,0,0,0,107.59,2.86
158787,0,0,0,107.16,3.34
158878,0,0,0,106.68,3.46
158980,0,0,0,106.20,3.81
159080,0,0,0,105.85,3.62
159180,0,0,0,105.73,3.34
159280,0,0,0,105.13,3.27
159384,0,0,0,105.13,3.39
159478,0,0,0,105.06,3.50
159578,0,0,0,104.42,3.86
159678,0,0,0,104.23,3.62
159779,0,0,0,103.99,3.50
159878,0,0,0,103.82,3.34
159987,0,0,0,103.75,3.62
160078,0,0,0,103.39,3.58
160180,0,0,0,103.27,3.70
160280,0,0,0,103.03,3.70
160380,0,0,0,102.80,3.62
160480,0,0,0,102.75,3.58
160580,0,0,0,102.68,3.50
160687,0,0,0,102.51,3.62
160779,0,0,0,102.15,3.70
160878,0,0,0,101.96,3.62
160979,0,0,0,101.96,3.70
161078,0,0,0,101.84,3.58
161187,0,0,0,101.67,3.62
161278,0,0,0,101.56,3.58
161403,0,0,0,101.36,3.70
161480,0,0,0,101.32,3.70
161579,0,0,0,101.20,3.81
161679,0,0,0,101.08,3.70
161779,0,0,0,100.77,3.70
161886,0,1,0,100.77,3.62
161978,0,1,0,20.00,19.57
162078,0,1,0,19.05,18.98
162178,0,1,0,18.81,18.98
162279,0,1,0,19.17,19.21
162379,0,1,0,18.64,18.86
162479,0,1,0,18.76,19.02
162580,0,1,0,18.93,19.21
162679,0,1,0,18.88,18.98
162779,0,1,0,18.64,18.98
162879,0,1,0,18.81,19.02
162980,0,1,0,18.81,19.10
163079,0,1,0,19.00,18.98
163179,0,1,0,18.64,18.90
163279,0,1,0,19.00,19.10
163380,0,1,0,19.00,18.98
163480,0,1,0,18.69,19.14
163580,0,0,0,19.12,19.10
163680,0,0,0,17.81,18.98
163787,0,0,0,19.17,18.98
163880,0,0,0,19.36,18.98
163980,1,0,1,19.76,18.98
164087,0,0,1,95.24,7.94
164179,0,0,0,112.88,2.38
164278,0,0,0,111.33,2.79
164378,0,0,0,110.21,3.46
164478,0,0,0,109.37,3.03
164578,0,0,0,108.66,2.91
164678,0,0,0,108.18,2.98
164778,0,0,0,107.40,3.34
164880,0,0,0,107.21,3.50
164980,0,0,0,106.80,3.50
165080,0,0,0,106.68,3.22
165201,0,0,0,106.20,3.22
165280,0,0,0,105.89,3.46
165380,0,0,0,105.61,3.62
165480,0,0,0,105.30,3.70
165580,0,0,0,105.37,3.50
165680,0,0,0,104.77,3.27
165780,0,0,0,104.82,3.27
165879,0,0,0,104.70,3.46
165978,0,0,0,104.23,3.58
166079,0,0,0,104.30,3.50
166179,0,0,0,104.11,3.58
166279,0,0,0,103.99,3.46
166387,0,0,0,103.70,3.39
166479,0,0,0,103.39,3.70
166579,0,0,0,103.22,3.50
166680,0,0,0,103.22,3.62
166786,0,0,0,102.87,3.46
166880,0,0,0,102.91,3.62
166980,0,0,0,102.56,3.58
167080,0,0,0,102.63,3.58
167180,0,0,0,102.39,3.58
167284,0,0,0,102.27,3.62
167380,0,0,0,102.03,3.70
167479,0,0,0,102.15,3.62
167579,0,0,0,101.96,3.62
167679,0,0,0,101.79,3.70
167785,0,1,0,101.79,3.81
167878,0,1,0,20.05,19.57
167978,0,1,0,19.12,19.14
168078,0,1,0,18.81,19.02
168180,0,1,0,19.24,19.45
168279,0,1,0,18.93,18.98
168379,0,1,0,18.57,19.02
168480,0,1,0,19.05,19.33
168587,0,1,0,18.88,19.02
168678,0,1,0,18.69,19.10
168778,0,1,0,19.05,19.14
168879,0,1,0,19.00,19.02
168979,0,1,0,18.81,19.10
169078,0,1,0,18.93,19.02
169178,0,1,0,19.12,19.14
169280,0,1,0,19.12,19.14
169387,0,1,0,19.05,19.10
169479,0,0,0,19.00,19.14
169579,0,0,0,18.09,18.79
169679,0,0,0,19.41,19.26
169779,0,0,0,19.48,19.02
169879,1,0,1,19.88,19.02
169978,0,0,1,95.19,7.94
170078,0,0,0,111.76,2.50
170179,0,0,0,109.78,2.86
170288,0,0,0,108.83,3.10
170380,0,0,0,107.75,2.67
170478,0,0,0,107.28,2.79
170579,0,0,0,106.85,3.03
170678,0,0,0,106.44,3.62
170778,0,0,0,105.85,3.70
170878,0,0,0,105.42,3.50
170985,0,0,0,105.18,3.22
171078,0,0,0,104.70,3.15
171186,0,0,0,104.70,3.46
171278,0,0,0,104.34,3.62
171379,0,0,0,104.06,3.81
171479,0,0,0,103.94,3.62
171578,0,0,0,103.63,3.46
171678,0,0,0,103.34,3.27
171779,0,0,0,103.34,3.46
171879,0,0,0,103.15,3.58
171980,0,0,0,102.87,3.81
172080,0,0,0,102.63,3.58
172180,0,0,0,102.51,3.50
172280,0,0,0,102.08,3.34
172380,0,0,0,102.27,3.58
172480,0,0,0,102.15,3.70
172580,0,0,0,102.03,3.74
172680,0,0,0,101.84,3.58
172780,0,0,0,101.84,3.39
172880,0,0,0,101.60,3.50
172980,0,0,0,101.56,3.58
173080,0,0,0,101.25,3.74
173180,0,0,0,101.13,3.74
173280,0,0,0,100.96,3.58
173380,0,0,0,100.89,3.50
173487,0,0,0,100.89,3.62
173587,0,1,0,100.60,3.70
173679,0,1,0,20.41,19.62
173779,0,1,0,18.93,18.98
173906,0,1,0,18.69,18.86
173979,0,1,0,19.00,19.14
174079,0,1,0,18.76,18.74
174179,0,1,0,18.76,18.74
174280,0,1,0,19.05,18.86
174387,0,1,0,18.64,18.79
174479,0,1,0,18.64,18.79
174586,0,1,0,18.64,18.86
174687,0,1,0,18.81,19.02
174779,0,1,0,18.64,18.86
174879,0,1,0,18.69,18.79
174987,0,1,0,18.81,18.98
175078,0,1,0,18.69,18.86
175179,0,1,0,18.93,19.14
175279,0,0,0,18.88,19.02
175380,0,0,0,17.74,18.98
175480,0,0,0,19.36,18.90
175580,1,0,1,19.24,18.98
175678,0,0,1,96.74,7.94
175779,0,0,0,111.93,2.31
175878,0,0,0,109.78,2.62
175978,0,0,0,108.83,3.81
176078,0,0,0,107.99,3.10
176179,0,0,0,107.40,2.79
176278,0,0,0,107.16,2.91
176378,0,0,0,106.44,3.39
176480,0,0,0,106.13,3.74
176580,0,0,0,105.66,3.86
176680,0,0,0,105.54,3.34
176780,0,0,0,105.01,3.39
176887,0,0,0,104.70,3.39
176981,0,0,0,104.46,3.70
177078,0,0,0,104.23,3.74
177178,0,0,0,104.30,3.81
177283,0,0,0,103.82,3.46
177383,0,0,0,103.46,3.50
177478,0,0,0,103.46,3.50
177579,0,0,0,103.46,3.50
177685,0,0,0,103.27,3.81
177779,0,0,0,102.91,3.86
177886,0,0,0,102.87,3.62
177978,0,0,0,102.56,3.58
178078,0,0,0,102.44,3.58
178179,0,0,0,102.56,3.74
178278,0,0,0,102.03,3.86
178378,0,0,0,102.08,3.81
178480,0,0,0,101.79,3.50
178580,0,0,0,101.60,3.70
178687,0,0,0,101.48,3.74
178780,0,0,0,101.48,3.70
178878,0,0,0,101.25,3.81
178981,0,0,0,101.32,3.81
179079,0,0,0,101.01,3.74
179179,0,0,0,100.96,3.81
179279,0,0,0,100.65,3.81
179378,0,1,0,100.53,3.74
179480,0,1,0,19.29,19.38
179579,0,1,0,19.00,18.98
179679,0,1,0,18.88,19.02
179780,0,1,0,19.24,19.26
179879,0,1,0,18.88,18.86
179980,0,1,0,18.76,18.90
180106,0,1,0,19.05,19.33
180178,0,1,0,18.88,18.86
180278,0,1,0,18.93,18.98
180378,0,1,0,18.81,19.10
180478,0,1,0,19.00,19.02
180578,0,1,0,19.00,18.98
180678,0,1,0,19.12,19.02
180778,0,1,0,18.93,18.98
180879,0,1,0,18.93,19.10
180980,0,1,0,18.93,19.10
181087,0,0,0,19.12,19.02
181197,0,0,0,17.81,18.74
181282,0,0,0,19.36,18.98
181379,0,0,0,19.48,19.10
181479,1,0,1,19.64,19.10
181578,0,0,1,96.14,7.99
181678,0,0,0,111.81,2.74
181779,0,0,0,110.14,2.67
181878,0,0,0,109.07,3.62
181980,0,0,0,108.06,2.98
182078,0,0,0,107.52,2.79
182179,0,0,0,107.09,2.98
182278,0,0,0,106.73,3.46
182387,0,0,0,106.25,3.62
182478,0,0,0,105.85,3.70
182579,0,0,0,105.66,3.15
182679,0,0,0,105.30,3.15
182780,0,0,0,104.94,3.39
182880,0,0,0,104.70,3.50
182980,0,0,0,104.46,3.50
183080,0,0,0,104.30,3.46
183180,0,0,0,104.18,3.27
183287,0,0,0,103.82,3.22
183379,0,0,0,103.75,3.46
183478,0,0,0,103.70,3.46
183578,0,0,0,103.39,3.70
183678,0,0,0,103.11,3.58
183779,0,0,0,103.11,3.39
183878,0,0,0,102.87,3.50
183978,0,0,0,102.51,3.62
184078,0,0,0,102.51,3.70
184180,0,0,0,102.32,3.62
184280,0,0,0,102.08,3.58
184380,0,0,0,101.96,3.58
184480,0,0,0,101.91,3.50
184580,0,0,0,101.84,3.70
184680,0,0,0,101.72,3.70
184780,0,0,0,101.44,3.39
184880,0,0,0,101.48,3.70
184980,0,0,0,101.25,3.74
185080,0,0,0,101.25,3.50
185180,0,0,0,101.20,3.62
185287,0,1,0,100.96,3.74
185378,0,1,0,20.00,19.38
185478,0,1,0,18.88,18.98
185578,0,1,0,18.64,19.10
185678,0,1,0,19.12,19.14
185781,0,1,0,18.69,18.86
185878,0,1,0,18.69,18.79
185978,0,1,0,18.88,19.10
186079,0,1,0,18.69,18.86
186187,0,1,0,18.81,18.90
186287,0,1,0,18.93,18.90
186378,0,1,0,18.81,19.14
186478,0,1,0,18.88,18.98
186578,0,1,0,18.69,18.90
186678,0,1,0,18.93,19.14
186778,0,1,0,18.93,18.86
186878,0,1,0,18.69,19.02
186980,0,0,0,18.93,19.10
187079,0,0,0,17.81,18.79
187178,0,0,0,19.05,19.02
187279,0,0,0,19.48,19.02
187379,1,0,1,19.60,18.79
187478,0,0,1,94.71,7.94
187587,0,0,0,111.45,2.26
187678,0,0,0,109.54,2.50
187780,0,0,0,108.54,2.79
187880,0,0,0,107.87,2.67
187979,0,0,0,107.16,2.55
188079,0,0,0,106.68,2.98
188180,0,0,0,106.20,3.15
188280,0,0,0,105.85,3.34
188380,0,0,0,105.66,2.98
188480,0,0,0,105.18,3.03
188580,0,0,0,104.70,3.10
188680,0,0,0,104.46,3.27
188780,0,0,0,104.30,3.27
188880,0,0,0,103.99,3.27
188980,0,0,0,103.58,3.15
189088,0,0,0,103.63,3.27
189179,0,0,0,103.34,3.15
189278,0,0,0,103.15,3.34
189379,0,0,0,102.87,3.58
189478,0,0,0,102.80,3.22
189578,0,0,0,102.63,3.39
189678,0,0,0,102.44,3.34
189778,0,0,0,102.27,3.46
189878,0,0,0,102.03,3.50
189980,0,0,0,102.03,3.46
190080,0,0,0,101.84,3.27
190180,0,0,0,101.60,3.39
190280,0,0,0,101.48,3.34
190380,0,0,0,101.44,3.46
190480,0,0,0,101.32,3.50
190606,0,0,0,101.01,3.39
190680,0,0,0,101.08,3.39
190778,0,0,0,100.72,3.34
190879,0,0,0,100.65,3.27
190979,0,0,0,100.60,3.62
191078,0,1,0,100.41,3.39
191178,0,1,0,18.52,19.02
191278,0,1,0,18.57,18.50
191378,0,1,0,18.33,18.38
191479,0,1,0,18.93,18.74
191579,0,1,0,18.33,18.43
191679,0,1,0,18.33,18.38
191780,0,1,0,18.57,18.67
191880,0,1,0,18.57,18.67
191981,0,1,0,18.45,18.43
192079,0,1,0,18.52,18.55
192178,0,1,0,18.52,18.62
192278,0,1,0,18.45,18.62
192378,0,1,0,18.40,18.55
192483,0,1,0,18.69,18.74
192579,0,1,0,18.40,18.55
192678,0,1,0,18.57,18.67
192778,0,0,0,18.52,18.79
192880,0,0,0,17.81,18.86
192980,0,0,0,18.64,18.62
193079,1,0,1,19.05,18.74
193178,0,0,1,96.67,7.63
193278,0,0,0,111.45,2.19
193378,0,0,0,109.78,2.50
193478,0,0,0,108.54,3.46
193578,0,0,0,107.87,3.22
193678,0,0,0,107.28,3.03
193778,0,0,0,106.68,2.98
193879,0,0,0,106.20,3.46
193979,0,0,0,105.85,3.70
194079,0,0,0,105.49,3.70
194180,0,0,0,105.37,3.34
194279,0,0,0,104.77,3.27
194379,0,0,0,104.70,3.39
194479,0,0,0,104.34,3.58
194580,0,0,0,104.30,3.70
194680,0,0,0,103.82,3.46
194779,0,0,0,103.75,3.34
194879,0,0,0,103.34,3.50
194980,0,0,0,103.22,3.50
195079,0,0,0,102.99,3.58
195179,0,0,0,102.87,3.74
195279,0,0,0,102.63,3.70
195380,0,0,0,102.75,3.46
195480,0,0,0,102.44,3.62
195579,0,0,0,102.20,3.62
195679,0,0,0,102.03,3.70
195780,0,0,0,101.96,3.74
195879,0,0,0,101.72,3.70
195979,0,0,0,101.72,3.58
196079,0,0,0,101.56,3.46
196180,0,0,0,101.36,3.70
196279,0,0,0,101.36,3.81
196379,0,0,0,101.13,3.81
196479,0,0,0,101.08,3.70
196580,0,0,0,100.89,3.70
196680,0,0,0,100.72,3.70
196779,0,1,0,100.65,3.74
196879,0,1,0,19.29,19.45
196979,0,1,0,18.93,18.90
197079,0,1,0,18.76,18.79
197179,0,1,0,19.12,19.26
197279,0,1,0,18.81,18.74
197379,0,1,0,18.76,18.74
197479,0,1,0,19.00,19.02
197580,0,1,0,18.93,18.86
197679,0,1,0,18.81,19.02
197779,0,1,0,18.81,18.98
197879,0,1,0,18.93,19.02
197979,0,1,0,18.69,19.02
198081,0,1,0,18.88,18.86
198179,0,1,0,18.93,18.98
198279,0,1,0,18.76,18.90
198379,0,1,0,18.76,18.90
198487,0,0,0,19.00,19.02
198580,0,0,0,17.50,18.90
198678,0,0,0,19.05,18.98
198778,0,0,0,19.29,18.90
198887,1,0,1,19.60,18.90
198978,0,0,1,84.15,8.65
199078,0,0,0,108.11,2.74
199178,0,0,0,106.85,2.79
199278,0,0,0,105.73,3.70
199380,0,0,0,104.77,3.15
199479,0,0,0,104.23,3.10
199579,0,0,0,103.70,3.03
199679,0,0,0,103.27,3.58
199780,0,0,0,102.80,3.74
199879,0,0,0,102.56,3.86
199979,0,0,0,102.20,3.58
200079,0,0,0,101.96,3.46
200180,0,0,0,101.56,3.34
200280,0,0,0,101.44,3.62
200379,0,0,0,101.13,3.74
200479,0,0,0,100.77,3.81
200580,0,0,0,100.65,3.58
200679,0,0,0,100.53,3.58
200780,0,0,0,100.24,3.58
200879,0,0,0,100.17,3.70
200980,0,0,0,99.89,3.98
201079,0,0,0,99.82,3.74
201179,0,0,0,99.58,3.74
201279,0,0,0,99.41,3.74
201379,0,0,0,99.17,3.62
201480,0,0,0,99.34,3.62
201580,0,0,0,98.93,3.81
201683,0,0,0,98.98,3.81
201780,0,0,0,98.62,3.81
201880,0,0,0,98.50,3.70
201979,0,0,0,98.34,3.86
202079,0,0,0,98.58,3.74
202180,0,0,0,98.03,3.93
202279,0,0,0,98.03,3.86
202380,0,0,0,97.81,3.81
202480,0,0,0,97.81,3.86
202579,0,1,0,97.62,3.70
202679,0,1,0,18.76,18.98
202779,0,1,0,18.57,18.62
202879,0,1,0,18.45,18.74
202979,0,1,0,18.69,18.86
203079,0,1,0,18.33,18.43
203179,0,1,0,18.45,18.55
203279,0,1,0,18.57,18.55
203379,0,1,0,18.57,18.38
203479,0,1,0,18.52,18.74
203579,0,1,0,18.76,18.90
203679,0,1,0,18.45,18.74
203779,0,1,0,18.52,18.50
203879,0,1,0,18.40,18.38
203979,0,1,0,18.69,18.67
204079,0,1,0,18.52,18.86
204179,0,1,0,18.64,18.86
204279,0,0,0,18.69,18.86
204380,0,0,0,17.57,18.50
204480,0,0,0,18.93,18.62
204580,1,0,1,19.05,18.67
204679,0,0,1,96.14,7.94
204778,0,0,0,112.00,2.55
204878,0,0,0,109.73,2.43
204978,0,0,0,108.83,3.70
205100,0,0,0,107.87,3.15
205178,0,0,0,107.28,2.74
205278,0,0,0,106.49,2.86
205378,0,0,0,106.20,3.22
205479,0,0,0,105.89,3.86
205580,0,0,0,105.42,3.34
205678,0,0,0,105.30,3.15
205778,0,0,0,104.77,3.10
205878,0,0,0,104.70,3.27
205978,0,0,0,104.11,3.62
206078,0,0,0,104.23,3.81
206187,0,0,0,103.87,3.58
206278,0,0,0,103.63,3.50
206379,0,0,0,103.39,3.50
206479,0,0,0,103.11,3.50
206578,0,0,0,102.87,3.50
206678,0,0,0,102.99,3.74
206778,0,0,0,102.63,3.50
206878,0,0,0,102.63,3.62
206978,0,0,0,102.32,3.39
207078,0,0,0,102.20,3.74
207178,0,0,0,101.96,3.70
207278,0,0,0,101.91,3.81
207379,0,0,0,101.79,3.74
207479,0,0,0,101.44,3.58
207579,0,0,0,101.32,3.39
207679,0,0,0,101.44,3.74
207780,0,0,0,101.25,3.50
207879,0,0,0,100.96,3.70
207979,0,0,0,100.84,3.46
208080,0,0,0,100.84,3.62
208180,0,0,0,100.72,3.50
208279,0,1,0,100.53,3.58
208379,0,1,0,19.48,19.33
208479,0,1,0,18.76,18.90
208579,0,1,0,18.69,18.79
208679,0,1,0,18.93,19.33
208780,0,1,0,18.52,18.62
208879,0,1,0,18.64,18.74
208995,0,1,0,18.69,19.10
209080,0,1,0,18.81,18.98
209179,0,1,0,18.93,18.98
209278,0,1,0,18.93,18.98
209386,0,1,0,18.81,19.14
209478,0,1,0,18.81,18.98
209578,0,1,0,18.88,18.90
209678,0,1,0,18.93,19.10
209778,0,1,0,18.81,18.90
209878,0,1,0,18.76,18.86
209980,0,0,0,19.00,19.26
210089,0,0,0,18.09,18.74
210179,0,0,0,19.05,18.98
210279,0,0,0,19.48,18.86
210379,1,0,1,19.52,19.02
210479,0,0,1,94.83,7.99
210579,0,0,0,111.21,2.62
210678,0,0,0,109.54,2.74
210778,0,0,0,108.30,3.15
210880,0,0,0,107.59,3.10
210980,0,0,0,106.80,2.91
211080,0,0,0,106.37,3.10
211186,0,0,0,105.85,3.22
211278,0,0,0,105.61,3.62
211379,0,0,0,105.01,3.46
211478,0,0,0,104.89,3.34
211578,0,0,0,104.54,3.10
211678,0,0,0,104.30,3.34
211779,0,0,0,104.06,3.58
211878,0,0,0,103.70,3.62
211985,0,0,0,103.46,3.39
212080,0,0,0,103.46,3.39
212185,0,0,0,103.27,3.15
212278,0,0,0,102.87,3.22
212379,0,0,0,102.68,3.58
212478,0,0,0,102.56,3.70
212579,0,0,0,102.32,3.62
212679,0,0,0,102.15,3.50
212779,0,0,0,101.96,3.22
212880,0,0,0,101.91,3.46
212985,0,0,0,101.96,3.70
213080,0,0,0,101.60,3.46
213179,0,0,0,101.60,3.58
213279,0,0,0,101.25,3.34
213379,0,0,0,101.08,3.62
213478,0,0,0,101.13,3.39
213578,0,0,0,100.89,3.70
213679,0,0,0,100.77,3.70
213779,0,0,0,100.48,3.58
213881,0,0,0,100.60,3.46
213980,0,0,0,100.48,3.58
214079,0,0,0,100.36,3.62
214179,0,1,0,100.05,3.50
214278,0,1,0,19.00,19.10
214378,0,1,0,18.81,18.67
214478,0,1,0,18.57,18.98
214578,0,1,0,19.05,18.90
214678,0,1,0,18.40,18.74
214780,0,1,0,18.69,18.55
214879,0,1,0,18.69,18.98
214981,0,1,0,18.69,18.79
215080,0,1,0,18.69,18.74
215179,0,1,0,18.69,18.79
215279,0,1,0,18.76,18.79
215381,0,1,0,18.76,18.74
215487,0,1,0,18.57,18.67
215578,0,1,0,18.93,18.86
215679,0,1,0,18.57,18.79
215778,0,1,0,18.93,18.90
215878,0,0,0,18.69,18.98
215980,0,0,0,17.62,19.14
216079,0,0,0,18.93,18.74
216179,1,0,1,19.24,18.86
216280,0,0,1,92.97,7.75
216380,0,0,0,111.40,2.31
216478,0,0,0,109.14,2.43
216579,0,0,0,108.23,3.58
216678,0,0,0,107.40,2.98
216778,0,0,0,106.73,2.74
216878,0,0,0,105.97,2.98
216979,0,0,0,105.89,3.27
217078,0,0,0,105.37,3.58
217180,0,0,0,105.01,3.58
217280,0,0,0,104.54,3.22
217417,0,0,0,104.23,3.22
217486,0,0,0,103.94,3.15
217579,0,0,0,103.51,3.58
217678,0,0,0,103.51,3.70
217778,0,0,0,103.46,3.81
217878,0,0,0,103.03,3.39
217978,0,0,0,102.99,3.58
218078,0,0,0,102.56,3.46
218179,0,0,0,102.27,3.70
218279,0,0,0,102.20,3.74
218380,0,0,0,102.08,3.70
218479,0,0,0,101.84,3.62
218580,0,0,0,101.79,3.50
218682,0,0,0,101.32,3.46
218779,0,0,0,101.44,3.62
218879,0,0,0,101.32,3.81
218980,0,0,0,101.08,3.50
219087,0,0,0,100.84,3.70
219178,0,0,0,100.72,3.81
219278,0,0,0,100.65,3.58
219378,0,0,0,100.60,3.74
219478,0,0,0,100.36,3.74
219578,0,0,0,100.13,3.58
219678,0,0,0,100.05,3.50
219778,0,0,0,99.93,3.74
219879,0,1,0,99.77,3.70
219979,0,1,0,18.88,19.21
220079,0,1,0,18.69,18.86
220179,0,1,0,18.64,18.79
220279,0,1,0,18.88,19.21
220379,0,1,0,18.57,18.43
220486,0,1,0,18.52,18.86
220579,0,1,0,18.76,18.90
220679,0,1,0,18.76,18.90
220787,0,1,0,18.69,18.67
220878,0,1,0,18.64,18.90
220986,0,1,0,18.81,19.02
221078,0,1,0,18.69,18.90
221178,0,1,0,18.69,18.74
221278,0,1,0,18.81,19.14
221378,0,1,0,18.81,18.79
221478,0,1,0,18.69,18.90
221578,0,0,0,18.88,18.79
221680,0,0,0,18.57,19.02
221780,0,0,0,18.88,18.90
221880,1,0,1,19.48,18.86
221980,0,0,1,91.16,7.87
222078,0,0,0,111.04,2.26
222178,0,0,0,109.02,2.55
222278,0,0,0,107.94,3.86
222378,0,0,0,107.09,2.91
222478,0,0,0,106.44,2.91
222578,0,0,0,105.89,3.10
222678,0,0,0,105.49,3.34
222779,0,0,0,105.30,3.74
222879,0,0,0,104.70,3.62
222980,0,0,0,104.30,3.34
223079,0,0,0,104.06,3.39
223180,0,0,0,104.06,3.34
223279,0,0,0,103.51,3.58
223380,0,0,0,103.58,3.70
223480,0,0,0,103.03,3.70
223580,0,0,0,103.03,3.46
223709,0,0,0,102.68,3.39
223780,0,0,0,102.51,3.39
223878,0,0,0,102.51,3.39
223986,0,0,0,102.15,3.62
224079,0,0,0,101.96,3.62
224187,0,0,0,102.15,3.70
224278,0,0,0,101.79,3.46
224378,0,0,0,101.60,3.58
224478,0,0,0,101.32,3.58
224593,0,0,0,101.36,3.70
224678,0,0,0,101.13,3.81
224779,0,0,0,101.08,3.70
224878,0,0,0,100.84,3.70
224978,0,0,0,100.72,3.74
225084,0,0,0,100.41,3.62
225184,0,0,0,100.24,3.93
225278,0,0,0,100.41,3.74
225380,0,0,0,100.13,3.58
225480,0,0,0,100.05,3.62
225579,0,1,0,99.89,3.81
225686,0,1,0,18.88,19.26
225787,0,1,0,18.76,19.02
225878,0,1,0,18.64,18.67
225978,0,1,0,19.12,19.14
226078,0,1,0,18.64,18.86
226179,0,1,0,18.76,18.74
226278,0,1,0,18.93,18.98
226378,0,1,0,18.40,18.67
226478,0,1,0,18.88,18.86
226580,0,1,0,18.76,18.86
226680,0,1,0,18.81,18.79
226780,0,1,0,18.57,18.74
226880,0,1,0,18.69,18.98
226980,0,1,0,18.69,18.98
227085,0,1,0,19.05,18.98
227187,0,1,0,18.69,18.90
227287,0,0,0,19.05,19.02
227381,0,0,0,17.86,19.02
227478,0,0,0,19.29,18.90
227578,0,0,0,19.48,19.02
227678,1,0,1,19.41,18.74
227778,0,0,1,95.91,7.75
227878,0,0,0,111.28,2.43
227978,0,0,0,109.66,2.67
228079,0,0,0,108.35,3.46
228179,0,0,0,107.32,2.91
228279,0,0,0,107.09,2.86
228379,0,0,0,106.25,3.03
228479,0,0,0,105.89,3.39
228579,0,0,0,105.54,3.50
228679,0,0,0,105.18,3.34
228779,0,0,0,104.77,3.10
228879,0,0,0,104.65,3.15
228979,0,0,0,104.23,3.34
229079,0,0,0,103.99,3.58
229179,0,0,0,103.63,3.46
229279,0,0,0,103.39,3.39
229379,0,0,0,103.27,3.34
229479,0,0,0,103.15,3.39
229587,0,0,0,102.87,3.46
229678,0,0,0,102.80,3.62
229778,0,0,0,102.63,3.62
229894,0,0,0,102.63,3.58
229987,0,0,0,102.03,3.34
230078,0,0,0,102.03,3.39
230179,0,0,0,101.79,3.34
230278,0,0,0,101.72,3.62
230378,0,0,0,101.60,3.58
230479,0,0,0,101.44,3.74
230579,0,0,0,101.36,3.39
230679,0,0,0,101.25,3.58
230779,0,0,0,101.08,3.58
230879,0,0,0,101.01,3.62
230979,0,0,0,100.89,3.62
231079,0,0,0,100.65,3.62
231179,0,0,0,100.48,3.50
231279,0,0,0,100.41,3.62
231379,0,1,0,100.36,3.62
231479,0,1,0,19.24,19.21
231579,0,1,0,18.64,18.67
231685,0,1,0,18.69,18.79
231778,0,1,0,19.17,18.98
231878,0,1,0,18.64,18.79
231978,0,1,0,18.57,18.62
232078,0,1,0,18.81,18.90
232178,0,1,0,18.76,18.74
232278,0,1,0,18.69,18.74
232378,0,1,0,18.69,18.67
232479,0,1,0,18.81,18.86
232579,0,1,0,18.81,18.79
232679,0,1,0,18.76,18.74
232779,0,1,0,18.76,18.90
232879,0,1,0,18.69,18.86
232979,0,1,0,18.76,18.79
233079,0,0,0,19.05,18.90
233179,0,0,0,17.81,18.90
233279,0,0,0,19.17,18.86
233378,0,0,0,19.36,18.79
233478,1,0,1,19.48,18.74
233578,0,0,1,93.81,7.63
233678,0,0,0,110.50,2.31
233781,0,0,0,108.95,2.43
233878,0,0,0,107.83,3.22
233979,0,0,0,107.16,2.62
234079,0,0,0,106.20,2.62
234179,0,0,0,105.73,3.03
234279,0,0,0,105.37,3.27
234379,0,0,0,104.77,3.46
234487,0,0,0,104.42,3.15
234578,0,0,0,104.11,3.22
234678,0,0,0,103.94,3.15
234778,0,0,0,103.75,3.46
234878,0,0,0,103.46,3.34
234978,0,0,0,103.03,3.62
235078,0,0,0,102.80,3.39
235178,0,0,0,102.39,3.34
235279,0,0,0,102.44,3.22
235379,0,0,0,102.03,3.50
235479,0,0,0,101.96,3.46
235579,0,0,0,101.79,3.70
235679,0,0,0,101.60,3.39
235779,0,0,0,101.36,3.58
235879,0,0,0,101.20,3.50
235979,0,0,0,101.13,3.50
236079,0,0,0,100.72,3.39
236237,0,0,0,100.84,3.50
236279,0,0,0,100.48,3.46
236378,0,0,0,100.53,3.58
236478,0,0,0,100.17,3.50
236582,0,0,0,100.13,3.62
236678,0,0,0,100.01,3.58
236780,0,0,0,100.05,3.62
236878,0,0,0,99.82,3.62
236978,0,0,0,99.82,3.46
237079,0,0,0,99.46,3.46
237179,0,1,0,99.58,3.70
237279,0,1,0,18.93,18.98
237379,0,1,0,18.69,18.62
237479,0,1,0,18.45,18.55
237578,0,1,0,18.93,18.90
237678,0,1,0,18.52,18.62
237778,0,1,0,18.45,18.50
237878,0,1,0,18.57,18.74
237978,0,1,0,18.69,18.55
238078,0,1,0,18.52,18.62
238178,0,1,0,18.57,18.74
238279,0,1,0,18.52,18.67
238379,0,1,0,18.64,18.74
238479,0,1,0,18.45,18.74
238579,0,1,0,18.69,18.79
238679,0,1,0,18.69,18.74
238779,0,1,0,18.69,18.86
238887,0,0,0,18.64,18.86
238979,0,0,0,17.81,18.98
239079,0,0,0,18.81,18.74
239179,0,0,0,19.17,18.74
239279,1,0,1,19.12,18.67
239378,0,0,1,97.26,7.87
239478,0,0,0,111.16,2.43
239578,0,0,0,109.49,2.74
239686,0,0,0,108.23,2.98
239778,0,0,0,107.71,3.03
239886,0,0,0,106.92,2.74
239978,0,0,0,106.44,3.03
240078,0,0,0,105.89,3.34
240187,0,0,0,105.61,3.50
240278,0,0,0,105.30,3.34
240384,0,0,0,104.82,3.10
240486,0,0,0,104.54,3.22
240578,0,0,0,104.06,3.39
240686,0,0,0,104.11,3.58
240780,0,0,0,103.63,3.62
240878,0,0,0,103.63,3.27
240979,0,0,0,103.22,3.39
241079,0,0,0,103.22,3.15
241179,0,0,0,102.99,3.46
241283,0,0,0,102.80,3.62
241379,0,0,0,102.32,3.50
241479,0,0,0,102.44,3.46
241579,0,0,0,102.44,3.46
241687,0,0,0,102.20,3.22
241779,0,0,0,101.79,3.46
241878,0,0,0,101.79,3.50
241982,0,0,0,101.48,3.74
242086,0,0,0,101.60,3.50
242178,0,0,0,101.08,3.39
242286,0,0,0,101.08,3.58
242378,0,0,0,101.01,3.74
242478,0,0,0,100.84,3.81
242579,0,0,0,100.60,3.58
242679,0,0,0,100.65,3.58
242779,0,0,0,100.48,3.39
242879,0,0,0,100.29,3.50
242979,0,1,0,100.17,3.70
243079,0,1,0,19.41,19.14
243179,0,1,0,18.76,18.79
243279,0,1,0,18.52,18.67
243379,0,1,0,18.88,18.90
243484,0,1,0,18.52,18.74
243578,0,1,0,18.33,18.74
243678,0,1,0,18.69,18.90
243778,0,1,0,18.64,18.86
243882,0,1,0,18.69,18.79
243978,0,1,0,18.64,18.74
244078,0,1,0,18.81,18.86
244178,0,1,0,18.64,18.90
244279,0,1,0,18.76,18.55
244379,0,1,0,18.64,18.98
244478,0,1,0,18.76,18.79
244578,0,1,0,18.81,18.74
244678,0,0,0,18.81,18.67
244787,0,0,0,18.33,19.02
244881,0,0,0,19.17,18.79
244978,1,0,1,19.29,18.98
245078,0,0,1,93.09,7.82
245179,0,0,0,110.26,2.26
245279,0,0,0,108.78,2.62
245378,0,0,0,107.63,3.50
245478,0,0,0,107.09,3.03
245578,0,0,0,106.32,2.67
245678,0,0,0,105.89,3.15
245778,0,0,0,105.37,3.34
245878,0,0,0,105.18,3.58
245978,0,0,0,104.65,3.39
246079,0,0,0,104.42,3.15
246179,0,0,0,103.94,3.27
246287,0,0,0,103.87,3.39
246379,0,0,0,103.63,3.62
246478,0,0,0,103.51,3.58
246578,0,0,0,103.22,3.62
246678,0,0,0,102.91,3.34
246778,0,0,0,102.99,3.34
246878,0,0,0,102.56,3.39
246978,0,0,0,102.39,3.58
247078,0,0,0,102.27,3.46
247186,0,0,0,102.08,3.58
247279,0,0,0,101.91,3.39
247378,0,0,0,101.79,3.39
247478,0,0,0,101.60,3.58
247578,0,0,0,101.48,3.70
247678,0,0,0,101.32,3.74
247778,0,0,0,100.89,3.81
247881,0,0,0,100.96,3.50
247979,0,0,0,100.96,3.70
248079,0,0,0,100.77,3.62
248187,0,0,0,100.60,3.93
248279,0,0,0,100.29,3.70
248378,0,0,0,100.29,3.62
248487,0,0,0,100.13,3.70
248579,0,0,0,100.17,3.70
248678,0,1,0,99.93,3.58
248778,0,1,0,19.36,19.33
248878,0,1,0,18.69,18.74
248978,0,1,0,18.81,18.79
249079,0,1,0,19.00,18.98
249179,0,1,0,18.52,18.67
249284,0,1,0,18.52,18.79
249378,0,1,0,18.93,19.10
249478,0,1,0,18.57,18.98
249578,0,1,0,18.76,18.67
249678,0,1,0,18.93,18.79
249778,0,1,0,18.81,18.90
249878,0,1,0,18.76,18.62
249978,0,1,0,18.69,18.55
250079,0,1,0,18.76,18.79
250187,0,1,0,18.88,18.79
250278,0,1,0,18.81,19.10
250378,0,0,0,18.76,19.14
250478,0,0,0,18.57,19.10
250578,0,0,0,18.76,18.90
250678,1,0,1,19.24,18.98
250786,0,0,1,94.48,6.91
250878,0,0,0,112.40,2.38
250979,0,0,0,110.57,2.74
251079,0,0,0,109.61,3.62
251179,0,0,0,108.42,3.22
251278,0,0,0,108.06,2.86
251378,0,0,0,107.44,2.98
251478,0,0,0,106.80,3.50
251578,0,0,0,106.49,3.50
251678,0,0,0,105.97,3.58
251778,0,0,0,105.89,3.27
251878,0,0,0,105.37,3.15
251979,0,0,0,105.25,3.34
252079,0,0,0,105.01,3.62
252179,0,0,0,105.01,3.74
252279,0,0,0,104.58,3.70
252379,0,0,0,104.42,3.27
252487,0,0,0,104.06,3.27
252579,0,0,0,104.06,3.62
252679,0,0,0,103.75,3.62
252779,0,0,0,103.46,3.81
252886,0,0,0,103.27,3.74
252978,0,0,0,103.39,3.58
253078,0,0,0,102.87,3.62
253187,0,0,0,102.80,3.74
253287,0,0,0,102.75,3.93
253378,0,0,0,102.68,3.81
253478,0,0,0,102.27,3.62
253578,0,0,0,102.32,3.39
253686,0,0,0,101.96,3.62
253787,0,0,0,102.15,3.70
253888,0,0,0,101.60,3.81
253978,0,0,0,101.84,3.70
254078,0,0,0,101.44,3.70
254178,0,0,0,101.32,3.58
254278,0,0,0,101.32,3.86
254379,0,1,0,101.20,3.58
254486,0,1,0,19.24,19.33
254579,0,1,0,18.93,18.79
254686,0,1,0,19.05,19.02
254782,0,1,0,19.24,19.26
254878,0,1,0,18.81,18.86
254978,0,1,0,18.81,18.90
255078,0,1,0,19.05,19.02
255178,0,1,0,18.93,18.98
255278,0,1,0,19.00,19.21
255378,0,1,0,19.05,19.10
255478,0,1,0,19.24,19.33
255578,0,1,0,19.00,19.10
255678,0,1,0,19.00,19.02
255778,0,1,0,19.12,19.02
255878,0,1,0,19.00,19.14
255980,0,1,0,18.81,19.02
256097,0,0,0,19.17,19.14
256178,0,0,0,17.38,18.90
256278,0,0,0,19.41,19.10
256378,0,0,0,19.41,19.10
256478,1,0,1,19.64,19.10
256578,0,0,1,94.17,7.75
256678,0,0,0,109.90,2.55
256778,0,0,0,108.78,2.79
256878,0,0,0,107.94,3.46
256979,0,0,0,106.73,3.10
257078,0,0,0,106.56,2.79
257178,0,0,0,105.89,2.98
257279,0,0,0,105.37,3.22
257378,0,0,0,105.01,3.70
257478,0,0,0,104.65,3.50
257578,0,0,0,104.34,3.22
257678,0,0,0,104.18,3.27
257778,0,0,0,103.82,3.50
257878,0,0,0,103.51,3.58
257978,0,0,0,103.27,3.50
258087,0,0,0,102.99,3.58
258181,0,0,0,102.75,3.34
258278,0,0,0,102.63,3.27
258378,0,0,0,102.51,3.46
258478,0,0,0,102.15,3.58
258578,0,0,0,101.96,3.62
258678,0,0,0,101.96,3.50
258778,0,0,0,101.72,3.46
258878,0,0,0,101.72,3.39
258979,0,0,0,101.32,3.62
259078,0,0,0,101.20,3.62
259178,0,0,0,101.01,3.58
259278,0,0,0,100.84,3.46
259379,0,0,0,100.77,3.46
259479,0,0,0,100.84,3.50
259578,0,0,0,100.53,3.58
259678,0,0,0,100.36,3.62
259787,0,0,0,100.29,3.58
259886,0,0,0,99.93,3.50
259978,0,0,0,99.89,3.50
260078,0,0,0,100.01,3.62
260178,0,0,0,99.82,3.62
260278,0,1,0,99.53,3.62
260378,0,1,0,18.76,19.02
260478,0,1,0,18.64,18.55
260579,0,1,0,18.57,18.86
260706,0,1,0,18.88,18.98
260778,0,1,0,18.57,18.62
260878,0,1,0,18.57,18.67
260978,0,1,0,18.81,18.79
261086,0,1,0,18.57,18.67
261178,0,1,0,18.52,18.74
261278,0,1,0,18.52,18.79
261378,0,1,0,18.64,18.74
261478,0,1,0,18.76,18.62
261578,0,1,0,18.52,18.74
261678,0,1,0,18.81,18.86
261778,0,1,0,18.69,18.67
261878,0,1,0,18.69,18.74
261978,0,0,0,18.69,18.79
262087,0,0,0,18.21,19.02
262178,0,0,0,19.00,18.74
262278,0,0,0,19.29,18.86
262378,1,0,1,19.41,18.74
262478,0,0,1,97.62,7.75
262581,0,0,0,110.97,2.38
262678,0,0,0,109.73,2.26
262778,0,0,0,108.59,3.03
262878,0,0,0,107.75,2.79
262980,0,0,0,107.04,2.62
263078,0,0,0,106.68,2.86
263178,0,0,0,105.97,3.39
263278,0,0,0,105.89,3.34
263379,0,0,0,105.30,3.15
263480,0,0,0,105.18,3.03
263589,0,0,0,104.82,3.22
263678,0,0,0,104.58,3.39
263784,0,0,0,104.18,3.50
263878,0,0,0,104.06,3.62
263985,0,0,0,103.75,3.39
264078,0,0,0,103.46,3.27
264178,0,0,0,103.27,3.27
264278,0,0,0,102.99,3.39
