Time,V1,V2,V3,Pressure1,Pressure2
11,0,0,0,5.96,0.24
56,0,0,0,5.84,0.00
106,0,0,0,5.89,-0.19
156,0,0,0,6.13,-0.19
206,0,0,0,5.89,-0.19
256,0,0,0,5.96,-0.12
306,0,0,0,6.08,-0.19
356,0,0,0,5.89,-0.31
459,0,0,0,5.65,-0.55
466,0,0,0,5.84,-0.55
513,0,0,0,5.77,-0.31
558,0,0,0,5.72,-0.31
606,0,0,0,5.84,-0.24
656,0,0,0,5.96,-0.19
706,0,0,0,5.89,-0.36
756,0,0,0,5.84,-0.36
806,0,0,0,5.77,-0.12
856,0,0,0,5.89,-0.19
908,0,0,0,6.08,-0.19
956,0,0,0,6.08,-0.24
1006,0,0,0,5.96,-0.07
1056,0,0,0,5.89,-0.19
1106,0,0,0,5.84,-0.19
1156,0,0,0,6.01,-0.24
1206,0,0,0,6.01,-0.48
1256,0,0,0,6.01,-0.36
1306,0,0,0,6.01,-0.36
1356,0,0,0,5.96,-0.43
1406,0,0,0,5.89,-0.31
1456,0,0,0,5.96,-0.19
1506,0,0,0,5.89,-0.12
1556,0,0,0,5.84,-0.24
1606,0,0,0,5.89,-0.43
1656,0,0,0,5.77,-0.60
1708,0,0,0,6.01,-0.36
1756,0,0,0,6.37,-0.19
1806,0,0,0,6.25,-0.19
1856,0,0,0,5.89,-0.36
1906,0,0,0,6.08,-0.19
1957,0,0,0,5.84,-0.19
2006,0,0,0,5.72,-0.43
2056,0,0,0,5.72,-0.48
2108,0,0,0,6.01,-0.12
2156,0,0,0,6.01,-0.31
2206,0,0,0,5.89,0.05
2256,0,0,0,6.01,-0.43
2306,0,0,0,5.89,-0.24
2356,0,0,0,5.96,-0.31
2408,0,0,0,5.65,-0.36
2456,0,0,0,5.72,-0.31
2509,1,0,0,5.89,-0.19
2556,1,0,0,11.37,-0.07
2607,0,0,0,91.85,0.00
2660,0,0,0,108.78,-0.31
2707,0,0,0,104.06,-0.24
2766,0,0,0,102.27,-0.19
2806,0,0,0,101.13,-0.12
2856,0,0,0,100.29,-0.12
2906,0,0,0,99.22,-0.07
2956,0,0,0,98.58,-0.12
3006,0,0,0,98.34,-0.19
3056,0,0,0,97.69,-0.43
3106,0,0,0,97.38,-0.36
3156,0,0,0,96.86,-0.24
3206,0,0,0,96.31,-0.31
3257,0,0,0,95.91,-0.24
3331,0,0,0,95.79,-0.24
3357,0,0,0,95.43,-0.19
3406,0,0,0,95.07,-0.07
3456,0,0,0,94.88,-0.31
3506,0,0,0,94.59,-0.12
3556,0,0,0,94.36,-0.19
3606,0,0,0,93.88,-0.12
3659,0,0,0,93.69,0.05
3706,0,0,0,93.64,0.17
3756,0,0,0,93.28,-0.36
3806,0,0,0,93.09,-0.31
3856,0,0,0,92.97,-0.12
3907,0,0,0,92.57,-0.24
3956,0,0,0,92.33,-0.19
4007,0,0,0,91.97,-0.19
4056,0,0,0,91.78,-0.55
4106,0,0,0,91.85,-0.67
4156,0,0,0,91.50,-0.12
4206,0,0,0,91.54,0.00
4257,0,0,0,91.23,-0.19
4322,0,0,0,91.11,-0.24
4356,0,0,0,90.92,-0.24
4406,0,0,0,90.64,-0.24
4456,0,0,0,90.57,-0.43
4507,0,0,0,90.45,-0.31
4560,0,0,0,90.21,-0.31
4607,0,0,0,90.28,-0.24
4657,0,0,0,89.92,-0.24
4707,0,0,0,89.85,-0.24
4757,0,0,0,89.73,-0.36
4807,0,0,0,89.49,-0.36
4857,0,0,0,89.25,-0.36
4907,0,0,0,89.25,-0.19
4957,0,0,0,89.09,-0.31
5007,0,0,0,89.25,-0.43
5057,0,0,0,89.14,-0.24
5107,0,0,0,88.61,-0.24
5157,0,0,0,88.49,-0.19
5207,0,0,0,88.54,-0.48
5257,0,0,0,88.54,-0.55
5307,0,0,0,88.25,-0.19
5360,0,0,0,88.18,-0.48
5407,0,0,0,87.90,-0.36
5457,0,0,0,87.78,-0.19
5507,0,1,0,87.61,-0.24
5557,0,0,0,65.37,84.39
5607,0,1,0,43.20,1.43
5656,0,1,0,42.22,35.59
5706,0,1,0,27.94,24.48
5756,0,1,0,16.43,14.73
5806,0,1,0,8.87,7.87
5856,0,1,0,4.10,3.74
5906,0,1,0,1.67,1.48
5956,0,1,0,0.41,0.60
6006,0,1,0,0.07,0.36
6056,0,1,0,0.19,0.36
6106,0,1,0,0.00,-0.24
6156,0,1,0,-0.05,-0.12
6207,0,1,0,-0.24,0.29
6257,0,1,0,0.12,0.12
6307,0,1,0,0.00,-0.24
6357,0,1,0,-0.05,-0.12
6406,0,1,0,-0.17,0.17
6456,0,1,0,-0.05,0.17
6506,0,1,0,0.00,-0.12
6577,0,1,0,0.00,0.24
6606,0,1,0,-0.12,0.05
6656,0,1,0,-0.17,-0.07
6706,0,1,0,0.00,0.05
6756,0,1,0,0.07,0.05
6816,0,1,0,-0.05,0.00
6856,0,1,0,-0.05,0.12
6906,0,1,0,-0.05,-0.31
6956,0,1,0,-0.12,-0.07
7006,0,1,0,0.00,0.00
7056,0,1,0,-0.05,0.00
7107,0,1,0,0.00,-0.07
7157,0,1,0,0.00,0.05
7209,0,0,0,-0.12,0.00
7270,0,0,0,-3.15,0.83
7306,0,0,0,-1.07,-0.19
7356,0,0,0,-0.17,-0.31
7406,0,0,0,0.12,-0.19
7461,0,0,0,0.19,0.00
7506,0,0,0,0.41,0.05
7558,1,0,1,0.52,-0.07
7613,0,0,0,21.07,-0.24
7657,0,0,0,49.92,-0.36
7706,0,0,0,68.42,-0.43
7756,0,0,0,69.54,-0.12
7806,0,0,0,69.35,-0.12
7856,0,0,0,68.94,-0.12
7906,0,0,0,68.59,0.00
7956,0,0,0,68.42,-0.24
8007,0,0,0,67.99,-0.12
8057,0,0,0,67.70,-0.36
8106,0,0,0,67.51,-0.31
8156,0,0,0,67.39,-0.12
8206,0,0,0,67.23,0.00
8257,0,0,0,66.15,-0.12
8306,0,0,0,66.15,-0.19
8356,0,0,0,66.32,-0.12
8406,0,0,0,66.32,-0.12
8466,0,0,0,66.15,-0.12
8506,0,0,0,66.15,-0.07
8556,0,0,0,66.03,0.05
8606,0,0,0,65.96,-0.12
8656,0,0,0,65.80,-0.24
8707,0,0,0,65.84,-0.24
8757,0,0,0,65.68,-0.07
8807,0,0,0,65.32,-0.07
8856,0,0,0,65.49,-0.31
8906,0,0,0,65.32,-0.19
8956,0,0,0,65.20,-0.07
9006,0,0,0,65.13,0.12
9056,0,0,0,65.01,-0.07
9106,0,0,0,64.89,-0.19
9156,0,0,0,64.84,-0.07
9206,0,0,0,64.89,-0.07
9256,0,0,0,64.65,-0.31
9306,0,0,0,64.72,-0.19
9356,0,0,0,64.49,0.00
9406,0,0,0,64.41,0.00
9456,0,0,0,64.25,-0.07
9506,0,0,0,64.06,-0.12
9557,0,0,0,63.77,-0.07
9607,0,0,0,64.18,-0.12
9696,0,0,0,64.18,-0.19
9707,0,0,0,63.94,-0.19
9765,0,0,0,63.89,-0.07
9807,0,0,0,63.82,0.00
9857,0,0,0,63.89,-0.07
9907,0,0,0,63.46,-0.12
9957,0,0,0,63.41,-0.07
10007,0,0,0,63.53,0.00
10059,0,0,0,63.58,-0.12
10107,0,0,0,63.65,0.05
10156,0,0,0,63.53,0.00
10207,0,0,0,63.58,-0.12
10257,0,0,0,63.53,-0.07
10306,0,0,0,63.22,0.05
10356,0,0,0,63.06,0.05
10407,0,0,0,63.17,-0.19
10457,0,0,0,63.22,-0.31
10507,0,0,0,63.17,-0.24
10556,0,0,0,63.22,-0.31
10612,0,0,0,63.17,-0.07
10657,0,0,0,62.98,0.05
10706,0,0,0,62.94,0.05
10756,0,0,0,62.75,-0.12
10806,0,0,0,62.75,-0.12
10863,0,0,0,62.70,-0.12
10908,0,0,0,62.75,-0.12
10959,0,0,0,62.63,-0.19
11007,0,0,0,62.39,-0.12
11057,0,0,0,62.34,0.00
11106,0,0,0,62.63,-0.19
11156,0,0,0,62.70,-0.07
11207,0,0,0,62.58,-0.12
11258,0,1,0,62.39,-0.07
11307,0,0,0,50.47,48.56
11357,0,1,0,25.17,1.60
11406,0,1,0,24.70,20.53
11456,0,1,0,14.64,12.94
11506,0,1,0,7.27,6.91
11556,0,1,0,2.98,3.34
11606,0,1,0,1.55,1.24
11656,0,1,0,0.76,0.36
11706,0,1,0,0.12,0.29
11756,0,1,0,0.07,0.12
11806,0,1,0,0.19,-0.31
11856,0,1,0,0.19,-0.07
11906,0,1,0,0.00,0.00
11956,0,1,0,0.00,0.24
12006,0,1,0,0.00,0.17
12056,0,1,0,0.24,0.00
12107,0,1,0,0.12,0.00
12157,0,1,0,0.19,0.24
12207,0,1,0,0.29,0.41
12257,0,1,0,0.12,0.24
12306,0,1,0,0.12,0.05
12356,0,1,0,0.00,0.05
12406,0,1,0,0.00,0.17
12456,0,1,0,-0.05,0.00
12506,0,1,0,-0.12,0.00
12556,0,1,0,0.07,0.12
12606,0,1,0,0.12,0.12
12656,0,1,0,-0.05,0.12
12706,0,1,0,0.00,0.12
12756,0,1,0,-0.17,0.24
12806,0,1,0,-0.12,0.17
12856,0,1,0,-0.05,0.12
12906,0,1,0,0.12,0.00
12956,0,0,0,-0.05,-0.12
13009,0,0,0,2.26,0.72
13067,0,0,0,0.76,-0.31
13106,0,0,0,0.36,0.00
13156,0,0,0,0.24,0.00
13206,0,0,0,0.41,-0.12
13256,1,0,1,0.24,0.05
13317,0,0,0,38.60,-0.12
13384,0,0,0,101.91,-0.07
13417,0,0,0,78.60,0.17
13457,0,0,0,80.22,0.05
13506,0,0,0,79.79,-0.07
13556,0,0,0,78.96,0.05
13616,0,0,0,78.26,0.00
13656,0,0,0,77.95,0.05
13706,0,0,0,77.60,0.00
13756,0,0,0,76.76,-0.43
13806,0,0,0,76.52,-0.43
13856,0,0,0,76.95,-0.31
13906,0,0,0,76.64,-0.31
13956,0,0,0,76.00,-0.19
14006,0,0,0,75.88,-0.12
14056,0,0,0,75.69,0.05
14106,0,0,0,75.52,-0.07
14158,0,0,0,75.28,0.00
14207,0,0,0,74.83,0.00
14256,0,0,0,74.97,-0.07
14306,0,0,0,74.83,-0.07
14356,0,0,0,74.78,-0.12
14406,0,0,0,74.47,0.17
14457,0,0,0,74.35,0.00
14507,0,0,0,74.24,-0.07
14557,0,0,0,74.12,0.00
14607,0,0,0,74.00,-0.19
14656,0,0,0,74.07,-0.31
14706,0,0,0,73.88,0.05
14756,0,0,0,73.71,0.17
14806,0,0,0,73.47,0.05
14856,0,0,0,73.71,0.05
14906,0,0,0,73.64,0.00
14956,0,0,0,73.23,-0.12
15007,0,0,0,73.16,-0.19
15057,0,0,0,73.12,-0.24
15106,0,0,0,73.00,-0.19
15156,0,0,0,73.04,0.00
15206,0,0,0,73.04,0.05
15256,0,0,0,72.88,0.12
15306,0,0,0,72.76,0.00
15357,0,0,0,72.57,-0.19
15407,0,0,0,72.45,0.00
15457,0,0,0,72.64,-0.19
15508,0,0,0,72.09,0.05
15556,0,0,0,72.33,-0.07
15606,0,0,0,72.33,0.05
15657,0,0,0,72.21,0.24
15706,0,0,0,72.04,0.00
15756,0,0,0,71.92,-0.07
15806,0,0,0,71.80,0.12
15857,0,0,0,71.80,0.05
15906,0,0,0,72.16,0.05
15956,0,0,0,72.09,-0.12
16006,0,0,0,72.09,0.05
16057,0,0,0,71.97,-0.07
16106,0,0,0,71.61,0.00
16156,0,0,0,71.49,-0.12
16246,0,0,0,71.49,-0.19
16265,0,0,0,71.45,-0.07
16307,0,0,0,71.57,0.17
16356,0,0,0,71.49,-0.19
16407,0,0,0,71.49,0.24
16456,0,0,0,71.38,0.36
16506,0,0,0,71.14,-0.12
16556,0,0,0,71.14,-0.07
16606,0,0,0,71.14,0.24
16657,0,0,0,71.02,0.24
16706,0,0,0,70.97,0.05
16756,0,0,0,71.09,0.05
16807,0,0,0,70.85,-0.07
16857,0,0,0,70.73,0.00
16906,0,1,0,70.97,0.17
16956,0,0,0,53.97,50.35
17006,0,1,0,29.78,3.22
17057,0,1,0,28.65,24.48
17107,0,1,0,17.45,15.88
17156,0,1,0,9.70,8.30
17207,0,1,0,4.65,4.05
17257,0,1,0,1.91,1.84
17306,0,1,0,0.64,0.72
17356,0,1,0,0.19,0.72
17406,0,1,0,0.29,0.24
17456,0,1,0,0.12,0.36
17506,0,1,0,-0.12,0.52
17556,0,1,0,-0.12,0.12
17606,0,1,0,-0.17,0.24
17656,0,1,0,-0.36,0.17
17706,0,1,0,0.00,0.29
17756,0,1,0,0.07,0.00
17806,0,1,0,0.07,-0.07
17857,0,1,0,0.07,-0.24
17907,0,1,0,0.00,0.05
17957,0,1,0,-0.12,0.24
18006,0,1,0,0.12,0.05
18056,0,1,0,0.07,0.12
18106,0,1,0,-0.29,0.29
18156,0,1,0,0.00,0.00
18206,0,1,0,0.00,0.36
18256,0,1,0,0.12,0.48
18306,0,1,0,0.00,0.05
18356,0,1,0,0.07,0.12
18406,0,1,0,0.07,0.12
18457,0,1,0,0.07,0.05
18513,0,1,0,0.00,0.12
18556,0,1,0,0.19,-0.24
18606,0,0,0,0.19,0.12
18656,0,0,0,2.07,0.24
18712,0,0,0,-0.60,0.29
18757,0,0,0,0.29,0.05
18806,0,0,0,0.41,-0.43
18857,0,0,0,0.52,0.05
18908,1,0,1,0.64,-0.12
18956,1,0,0,-0.83,0.41
19006,0,0,0,89.02,0.12
19056,0,0,0,107.94,-0.36
19106,0,0,0,104.06,-0.43
19157,0,0,0,102.20,-0.43
19207,0,0,0,101.32,-0.31
19256,0,0,0,100.84,0.05
19316,0,0,0,100.17,-0.07
19356,0,0,0,99.65,-0.12
19406,0,0,0,99.17,0.17
19456,0,0,0,98.69,0.52
19506,0,0,0,98.22,0.24
19556,0,0,0,97.81,0.36
19606,0,0,0,97.50,-0.24
19657,0,0,0,97.22,0.12
19706,0,0,0,96.98,0.17
19756,0,0,0,96.91,-0.12
19806,0,0,0,96.43,-0.55
19856,0,0,0,96.38,-0.12
19906,0,0,0,96.14,0.00
19956,0,0,0,95.67,-0.36
20006,0,0,0,95.36,0.36
20056,0,0,0,95.12,-0.24
20106,0,0,0,95.19,0.24
20156,0,0,0,95.07,0.00
20207,0,0,0,94.95,0.00
20257,0,0,0,94.76,-0.12
20307,0,0,0,94.48,0.05
20356,0,0,0,94.17,0.29
20406,0,0,0,94.12,0.29
20456,0,0,0,94.05,0.41
20506,0,0,0,94.12,0.17
20556,0,0,0,93.81,-0.36
20606,0,0,0,93.69,-0.07
20656,0,0,0,93.45,-0.12
20706,0,0,0,93.52,-0.07
20757,0,0,0,93.16,0.12
20807,0,0,0,92.97,0.12
20857,0,0,0,92.81,0.29
20907,0,0,0,92.69,0.05
20957,0,0,0,92.85,-0.07
21006,0,0,0,92.85,0.12
21058,0,0,0,92.50,0.29
21107,0,0,0,92.45,0.00
21157,0,0,0,92.57,0.00
21207,0,0,0,92.38,0.12
21257,0,0,0,92.38,0.24
21306,0,0,0,92.21,-0.24
21356,0,0,0,92.26,-0.36
21406,0,0,0,92.09,0.05
21456,0,0,0,92.21,-0.31
21506,0,0,0,92.09,0.05
21556,0,0,0,91.66,0.17
21606,0,0,0,91.54,0.12
21656,0,0,0,91.54,0.00
21706,0,0,0,91.54,0.00
21762,0,0,0,91.23,-0.07
21806,0,0,0,91.30,-0.07
21857,0,0,0,90.99,0.24
21906,0,0,0,90.99,-0.48
21957,0,0,0,90.99,-0.24
22007,0,0,0,90.92,-0.24
22057,0,0,0,90.64,-0.43
22107,0,0,0,90.88,0.29
22157,0,0,0,90.80,0.05
22206,0,0,0,90.52,-0.19
22256,0,0,0,90.33,0.17
22306,0,0,0,90.80,-0.07
22356,0,0,0,90.64,0.17
22407,0,0,0,90.33,0.12
22457,0,0,0,90.16,0.24
22506,0,0,0,90.28,0.17
22556,0,1,0,90.16,0.52
22606,0,0,0,67.70,62.08
22656,0,1,0,39.95,4.46
22706,0,1,0,38.60,32.73
22756,0,1,0,25.25,22.46
22806,0,1,0,14.99,13.66
22856,0,1,0,8.11,7.46
22907,0,1,0,3.86,3.86
22957,0,1,0,1.79,2.07
23007,0,1,0,0.83,1.79
23057,0,1,0,0.72,0.95
23106,0,1,0,0.76,0.83
23156,0,1,0,0.52,0.60
23206,0,1,0,0.24,0.72
23256,0,1,0,0.36,0.48
23306,0,1,0,0.60,0.17
23356,0,1,0,0.41,0.24
23406,0,1,0,0.24,-0.07
23457,0,1,0,0.24,0.60
23506,0,1,0,0.41,0.12
23556,0,1,0,0.19,0.76
23606,0,1,0,-0.12,0.29
23656,0,1,0,-0.05,0.17
23706,0,1,0,0.36,0.64
23756,0,1,0,0.41,0.24
23807,0,1,0,0.36,0.52
23857,0,1,0,0.07,0.36
23907,0,1,0,0.12,0.29
23957,0,1,0,-0.36,-0.12
24006,0,1,0,0.48,-0.31
24056,0,1,0,0.29,0.24
24106,0,1,0,0.41,0.64
24156,0,1,0,0.41,0.36
24215,0,1,0,0.41,-0.19
24256,0,0,0,0.29,0.05
24316,0,0,0,3.70,0.88
24356,0,0,0,0.76,0.12
24406,0,0,0,0.24,-0.07
24456,0,0,0,0.60,0.29
24506,0,0,0,0.76,0.24
24556,1,0,1,1.07,-0.19
24606,1,0,0,2.31,0.05
24656,0,0,0,88.37,0.41
24706,0,0,0,107.87,0.36
24756,0,0,0,104.46,0.48
24806,0,0,0,102.56,0.24
24856,0,0,0,101.96,0.29
24906,0,0,0,100.89,0.12
24956,0,0,0,100.72,0.41
25006,0,0,0,99.89,0.29
25056,0,0,0,99.77,0.48
25106,0,0,0,99.17,0.48
25156,0,0,0,98.93,0.29
25206,0,0,0,98.58,0.41
25256,0,0,0,98.27,0.12
25306,0,0,0,97.81,0.17
25356,0,0,0,97.86,0.41
25407,0,0,0,97.26,0.12
25457,0,0,0,97.46,0.24
25507,0,0,0,97.03,0.48
25577,0,0,0,97.03,0.00
25606,0,0,0,96.62,-0.07
25656,0,0,0,96.62,0.17
25706,0,0,0,96.62,0.24
25756,0,0,0,96.19,0.12
25806,0,0,0,96.02,0.41
25856,0,0,0,95.48,0.41
25906,0,0,0,95.67,0.24
25956,0,0,0,95.60,0.12
26006,0,0,0,95.43,0.48
26056,0,0,0,95.36,0.12
26106,0,0,0,94.76,0.12
26156,0,0,0,95.00,0.36
26206,0,0,0,95.00,0.12
26257,0,0,0,94.59,0.17
26307,0,0,0,94.88,0.05
26357,0,0,0,94.83,0.41
26407,0,0,0,94.48,0.24
26456,0,0,0,94.52,0.00
26506,0,0,0,94.17,0.24
26556,0,0,0,94.00,0.24
26606,0,0,0,94.12,0.17
26656,0,0,0,94.12,0.29
26706,0,0,0,94.28,0.05
26756,0,0,0,93.88,0.29
26806,0,0,0,93.52,0.00
26856,0,0,0,94.40,0.24
26906,0,0,0,94.12,-0.07
26956,0,0,0,93.76,0.52
27006,0,0,0,93.45,0.29
27056,0,0,0,93.40,0.17
27106,0,0,0,93.09,-0.43
27159,0,0,0,93.33,0.05
27207,0,0,0,93.28,0.24
27257,0,0,0,92.74,0.24
27306,0,0,0,92.85,0.41
27356,0,0,0,93.28,0.05
27406,0,0,0,92.97,1.07
27457,0,0,0,92.69,0.17
27506,0,0,0,92.69,0.12
27556,0,0,0,92.69,0.64
27606,0,0,0,93.09,0.64
27657,0,0,0,92.45,0.29
27706,0,0,0,92.45,0.12
27756,0,0,0,92.62,0.76
27806,0,0,0,92.69,-0.12
27856,0,0,0,92.50,0.29
27906,0,0,0,92.09,0.17
27957,0,0,0,91.90,0.05
28007,0,0,0,91.97,-0.24
28057,0,0,0,91.73,0.76
28106,0,0,0,91.50,0.41
28156,0,0,0,91.85,0.36
28206,0,1,0,91.61,0.36
28256,0,0,0,69.11,63.51
28306,0,1,0,40.91,5.29
28356,0,1,0,39.84,33.61
28406,0,1,0,26.27,23.53
28456,0,1,0,16.54,15.45
28506,0,1,0,10.06,9.37
28556,0,1,0,6.56,6.20
28606,0,1,0,4.89,5.05
28656,0,1,0,4.58,4.22
28706,0,1,0,4.17,4.34
28756,0,1,0,4.29,4.46
28807,0,1,0,4.41,4.58
28857,0,1,0,4.10,4.34
28909,0,1,0,4.05,4.53
28957,0,1,0,4.05,4.10
29006,0,1,0,4.05,4.10
29056,0,1,0,3.81,4.05
29116,0,1,0,3.34,3.58
29156,0,1,0,2.62,3.10
29206,0,1,0,2.55,2.19
29256,0,1,0,2.15,2.03
29306,0,1,0,2.50,2.43
29356,0,1,0,2.31,2.38
29406,0,1,0,2.67,2.55
29457,0,1,0,2.98,2.50
29506,0,1,0,2.98,3.27
29556,0,1,0,3.46,3.39
29606,0,1,0,4.05,3.86
29656,0,1,0,3.15,3.93
29707,0,1,0,3.27,3.27
29757,0,1,0,3.62,2.98
29807,0,1,0,3.10,3.34
29857,0,1,0,2.62,2.91
29906,0,0,0,2.50,2.74
29967,0,0,0,5.17,3.03
30016,0,0,0,3.58,2.98
30057,0,0,0,2.98,3.03
30112,0,0,0,2.79,3.46
30160,0,0,0,3.03,3.58
30206,1,0,1,3.39,3.50
30256,0,0,0,23.15,2.67
30317,0,0,0,50.63,2.98
30358,0,0,0,61.74,2.91
30406,0,0,0,63.46,2.86
30456,0,0,0,63.41,3.27
30506,0,0,0,63.22,3.22
30556,0,0,0,63.06,3.22
30607,0,0,0,63.10,3.22
30657,0,0,0,62.51,3.27
30706,0,0,0,62.51,2.86
30756,0,0,0,62.46,2.79
30807,0,0,0,62.39,2.67
30860,0,0,0,62.27,2.74
30906,0,0,0,62.03,3.03
30956,0,0,0,62.15,2.62
31006,0,0,0,62.15,2.98
31056,0,0,0,62.03,2.79
31106,0,0,0,61.86,2.55
31156,0,0,0,61.91,2.50
31206,0,0,0,62.03,2.67
31256,0,0,0,61.39,2.50
31306,0,0,0,61.74,2.55
31357,0,0,0,61.62,3.03
31407,0,0,0,61.91,2.74
31457,0,0,0,61.03,2.43
31507,0,0,0,61.39,2.74
31556,0,0,0,61.03,3.03
31607,0,0,0,61.39,3.10
31656,0,0,0,61.51,2.79
31708,0,0,0,61.67,2.74
31756,0,0,0,61.39,2.91
31807,0,0,0,60.91,2.74
31886,0,0,0,61.31,2.91
31907,0,0,0,61.67,2.74
31956,0,0,0,61.20,3.22
32006,0,0,0,60.79,2.98
32056,0,0,0,61.03,2.55
32106,0,0,0,60.91,2.62
32156,0,0,0,61.03,3.22
32206,0,0,0,60.67,2.62
32257,0,0,0,60.60,3.15
32307,0,0,0,61.20,2.86
32357,0,0,0,60.72,2.67
32407,0,0,0,60.60,3.03
32457,0,0,0,61.03,2.91
32506,0,0,0,60.55,3.22
32556,0,0,0,60.55,2.91
32606,0,0,0,60.43,2.50
32656,0,0,0,60.43,3.10
32706,0,0,0,60.84,2.86
32756,0,0,0,60.31,2.79
32806,0,0,0,60.67,2.67
32856,0,0,0,60.67,2.79
32906,0,0,0,60.72,2.79
32956,0,0,0,59.84,2.74
33006,0,0,0,60.24,2.74
33056,0,0,0,60.19,2.62
33106,0,0,0,60.55,3.03
33157,0,0,0,60.00,2.55
33207,0,0,0,60.48,2.50
33256,0,0,0,60.24,2.62
33306,0,0,0,60.36,2.62
33356,0,0,0,60.55,2.50
33406,0,0,0,60.31,2.74
33456,0,0,0,60.00,3.03
33506,0,0,0,60.43,3.15
33556,0,0,0,60.19,2.43
33607,0,0,0,60.36,3.03
33657,0,0,0,59.84,2.62
33706,0,0,0,60.12,2.62
33757,0,0,0,60.31,2.62
33807,0,0,0,60.00,2.79
33856,0,1,0,59.77,3.27
33906,0,1,0,47.96,36.71
33957,0,1,0,32.64,29.73
34007,0,1,0,22.15,20.88
34057,0,1,0,15.66,15.64
34106,0,1,0,12.32,12.94
34157,0,1,0,11.30,11.51
34206,0,1,0,11.13,10.92
34256,0,1,0,10.66,10.56
34306,0,1,0,10.70,10.56
34356,0,1,0,11.01,11.04
34406,0,1,0,11.25,11.16
34456,0,1,0,10.82,11.51
34506,0,1,0,10.89,11.04
34556,0,1,0,11.01,11.09
34606,0,1,0,10.66,10.85
34656,0,1,0,10.47,10.85
34706,0,1,0,10.70,10.68
34756,0,1,0,10.66,10.85
34807,0,1,0,10.42,10.92
34857,0,1,0,10.82,11.16
34907,0,1,0,10.66,11.32
34957,0,1,0,9.89,10.92
35006,0,1,0,10.54,10.80
35056,0,1,0,10.58,10.85
35106,0,1,0,10.47,10.85
35156,0,1,0,10.58,10.80
35206,0,1,0,10.23,10.73
35256,0,1,0,10.54,10.80
35306,0,1,0,10.58,10.80
35356,0,1,0,10.89,10.56
35406,0,1,0,10.35,10.92
35457,0,1,0,10.89,10.85
35506,0,1,0,11.06,10.85
35556,0,0,0,10.89,11.32
35617,0,0,0,13.52,11.40
35657,0,0,0,11.78,11.16
35706,0,0,0,11.30,10.73
35771,0,0,0,10.94,10.92
35806,0,0,0,10.70,10.80
35857,1,0,1,10.82,11.04
35915,0,0,0,29.08,1.84
35956,0,0,0,98.74,10.25
36006,0,0,0,80.22,8.65
36056,0,0,0,79.55,8.53
36106,0,0,0,79.27,8.65
36156,0,0,0,78.79,8.70
36206,0,0,0,78.26,8.65
36256,0,0,0,77.84,8.65
36306,0,0,0,77.43,8.06
36356,0,0,0,76.95,9.06
36406,0,0,0,76.95,8.77
36456,0,0,0,76.52,8.58
36506,0,0,0,76.60,9.18
36557,0,0,0,76.48,8.34
36606,0,0,0,76.76,8.22
36656,0,0,0,75.69,8.65
36706,0,0,0,75.09,8.82
36756,0,0,0,75.88,8.65
36807,0,0,0,74.97,8.42
36857,0,0,0,75.17,8.70
36907,0,0,0,75.21,8.58
36957,0,0,0,74.78,8.70
37007,0,0,0,75.05,8.89
37057,0,0,0,74.35,8.77
37107,0,0,0,74.43,8.82
37158,0,0,0,74.55,8.42
37208,0,0,0,74.97,8.42
37257,0,0,0,74.43,8.82
37307,0,0,0,74.47,8.42
37357,0,0,0,74.55,8.89
37407,0,0,0,74.00,8.58
37457,0,0,0,74.07,8.42
37507,0,0,0,73.71,8.53
37557,0,0,0,73.59,8.94
37607,0,0,0,73.76,9.49
37657,0,0,0,73.47,8.94
37707,0,0,0,73.64,8.77
37757,0,0,0,73.52,8.82
37807,0,0,0,73.23,8.58
37857,0,0,0,73.35,8.77
37907,0,0,0,73.16,8.70
37957,0,0,0,73.00,8.58
38008,0,0,0,72.76,8.70
38058,0,0,0,72.81,8.58
38107,0,0,0,73.00,8.70
38157,0,0,0,73.12,8.58
38207,0,0,0,72.81,8.77
38257,0,0,0,72.81,8.77
38307,0,0,0,72.88,8.53
38357,0,0,0,73.12,8.77
38407,0,0,0,72.57,8.34
38457,0,0,0,73.16,8.46
38507,0,0,0,72.57,8.53
38557,0,0,0,72.69,8.70
38607,0,0,0,72.81,8.53
38657,0,0,0,72.64,8.58
38707,0,0,0,72.40,8.65
38757,0,0,0,72.16,8.82
38807,0,0,0,72.88,8.70
38858,0,0,0,72.21,8.94
38907,0,0,0,72.16,8.70
38957,0,0,0,72.28,8.46
39008,0,0,0,72.21,8.58
39057,0,0,0,71.80,8.65
39107,0,0,0,71.61,8.58
39157,0,0,0,72.21,8.58
39207,0,0,0,71.61,8.77
39257,0,0,0,71.80,8.77
39306,0,0,0,71.73,8.77
39356,0,0,0,71.68,8.70
39406,0,0,0,71.92,8.30
39458,0,0,0,71.68,8.70
39507,0,1,0,71.57,8.53
39556,0,0,0,58.33,56.26
39606,0,1,0,36.76,17.43
39656,0,1,0,34.85,32.06
39706,0,1,0,26.70,25.98
39756,0,1,0,21.79,21.74
39806,0,1,0,20.00,20.05
39856,0,1,0,19.29,19.62
39906,0,1,0,19.41,19.10
39956,0,1,0,18.40,18.90
40006,0,1,0,18.93,19.10
40056,0,1,0,19.00,18.62
40106,0,1,0,19.00,18.86
40156,0,1,0,18.52,18.67
40206,0,1,0,18.64,19.10
40256,0,1,0,18.81,18.79
40306,0,1,0,18.33,18.79
40356,0,1,0,18.40,18.55
40406,0,1,0,18.81,18.62
40456,0,1,0,18.88,18.55
40512,0,1,0,18.76,18.86
40557,0,1,0,18.88,18.86
40606,0,1,0,18.76,18.79
40656,0,1,0,18.64,18.90
40706,0,1,0,18.64,18.86
40756,0,1,0,18.64,18.86
40816,0,1,0,18.57,18.90
40856,0,1,0,18.57,18.86
40906,0,1,0,18.93,18.90
40956,0,1,0,18.52,18.55
41006,0,1,0,18.52,18.62
41057,0,1,0,18.45,18.62
41106,0,1,0,18.45,18.79
41156,0,1,0,18.69,18.62
41207,0,0,0,18.88,18.50
41260,0,0,0,18.05,17.78
41318,0,0,0,19.29,18.38
41377,0,0,0,18.69,18.55
41407,0,0,0,18.69,18.62
41457,0,0,0,18.57,18.62
41506,0,0,0,18.57,18.50
41559,1,0,1,19.00,18.90
41615,0,0,0,39.31,4.41
41656,0,0,0,106.56,16.59
41706,0,0,0,84.75,15.69
41760,0,0,0,82.72,15.69
41806,0,0,0,82.53,15.57
41856,0,0,0,81.53,15.92
41906,0,0,0,80.70,15.81
41958,0,0,0,80.62,15.88
42011,0,0,0,80.51,15.88
42056,0,0,0,80.10,16.47
42111,0,0,0,79.98,16.40
42156,0,0,0,79.79,15.81
42206,0,0,0,79.27,15.81
42259,0,0,0,79.43,15.92
42306,0,0,0,79.50,16.00
42356,0,0,0,79.15,16.00
42406,0,0,0,79.31,16.04
42456,0,0,0,79.03,16.04
42506,0,0,0,78.72,15.92
42556,0,0,0,78.79,15.92
42606,0,0,0,78.55,15.88
42656,0,0,0,78.43,15.88
42713,0,0,0,78.26,15.76
42756,0,0,0,77.84,16.00
42806,0,0,0,78.15,16.00
42859,0,0,0,78.03,15.81
42906,0,0,0,77.95,15.88
42956,0,0,0,77.79,15.92
43009,0,0,0,77.60,15.92
43066,0,0,0,77.36,16.00
43106,0,0,0,77.91,15.81
43156,0,0,0,77.60,15.92
43206,0,0,0,76.83,15.76
43256,0,0,0,77.19,15.76
43306,0,0,0,76.95,15.81
43357,0,0,0,77.60,15.92
43406,0,0,0,77.19,16.00
43456,0,0,0,76.95,15.92
43513,0,0,0,76.76,15.76
43556,0,0,0,77.12,15.69
43606,0,0,0,76.95,16.28
43656,0,0,0,76.41,16.23
43713,0,0,0,77.07,16.00
43756,0,0,0,76.48,15.88
43806,0,0,0,76.17,15.81
43856,0,0,0,75.93,15.88
43913,0,0,0,76.36,16.23
43956,0,0,0,76.41,15.92
44006,0,0,0,76.88,15.81
44056,0,0,0,76.72,15.88
44107,0,0,0,76.64,15.88
44156,0,0,0,76.48,15.92
44206,0,0,0,76.00,15.88
44259,0,0,0,75.81,15.92
44306,0,0,0,76.24,15.81
44360,0,0,0,75.88,15.81
44406,0,0,0,75.81,15.57
44456,0,0,0,76.00,15.76
44506,0,0,0,76.12,15.81
44566,0,0,0,75.93,15.76
44606,0,0,0,75.17,16.00
44659,0,0,0,75.64,15.88
44706,0,0,0,75.57,15.76
44756,0,0,0,75.57,15.81
44815,0,0,0,75.57,15.88
44856,0,0,0,75.57,15.92
44909,0,0,0,75.40,15.57
44956,0,0,0,75.21,15.69
45009,0,0,0,75.45,15.81
45057,0,0,0,75.21,15.69
45106,0,0,0,75.33,15.69
45167,0,0,0,75.40,15.92
45206,0,0,0,75.45,15.92
45256,0,1,0,74.78,16.00
45306,0,0,0,63.58,62.03
45367,0,1,0,52.97,19.50
45406,0,0,0,42.84,43.24
45463,0,1,0,34.50,22.81
45506,0,1,0,32.35,31.54
45556,0,1,0,27.77,27.34
45606,0,1,0,25.41,25.44
45666,0,1,0,24.65,24.79
45706,0,1,0,24.70,24.67
45756,0,1,0,24.17,24.48
45806,0,1,0,24.05,24.36
45859,0,1,0,24.34,24.44
45906,0,1,0,24.34,24.36
45956,0,1,0,24.05,24.44
46006,0,1,0,23.82,24.24
46059,0,1,0,24.22,24.67
46109,0,1,0,24.10,24.67
46167,0,1,0,24.17,24.32
46206,0,1,0,24.29,24.24
46262,0,1,0,24.17,24.24
46306,0,1,0,23.82,24.32
46356,0,1,0,24.05,24.44
46407,0,1,0,23.98,24.36
46456,0,1,0,23.86,24.13
46510,0,1,0,24.10,24.13
46564,0,1,0,23.86,24.13
46606,0,1,0,24.10,24.13
46656,0,1,0,23.46,24.13
46706,0,1,0,24.05,24.13
46756,0,1,0,23.86,24.32
46806,0,1,0,23.82,24.32
46856,0,1,0,24.10,24.13
46906,0,1,0,24.10,24.08
46958,0,0,0,24.05,24.24
47007,0,0,0,21.07,25.51
47057,0,0,0,23.51,24.08
47107,0,0,0,23.93,24.01
47157,0,0,0,23.98,24.08
47207,0,0,0,24.05,24.08
47257,0,0,0,24.22,23.36
47306,1,0,1,24.17,23.36
47356,0,0,0,41.15,2.38
47409,0,0,0,64.89,21.43
47459,0,0,0,72.21,21.26
47510,0,0,0,73.59,21.43
47556,0,0,0,72.81,21.50
47608,0,0,0,72.52,21.50
47659,0,0,0,72.45,21.19
47706,0,0,0,72.09,21.19
47756,0,0,0,72.21,21.50
47806,0,0,0,71.80,21.50
47867,0,0,0,71.73,21.43
47917,0,0,0,71.57,21.43
47956,0,0,0,71.33,21.50
48006,0,0,0,70.90,21.38
48061,0,0,0,71.09,21.31
48106,0,0,0,70.73,21.50
48156,0,0,0,70.97,21.43
48206,0,0,0,70.90,21.38
48256,0,0,0,70.73,21.38
48307,0,0,0,70.54,21.38
48356,0,0,0,70.42,21.38
48408,0,0,0,70.37,21.38
48462,0,0,0,70.42,21.31
48506,0,0,0,70.61,21.50
48556,0,0,0,70.49,21.43
48606,0,0,0,69.66,21.43
48656,0,0,0,70.30,21.43
48706,0,0,0,69.78,21.43
48756,0,0,0,70.14,21.31
48806,0,0,0,70.14,21.50
48856,0,0,0,69.90,21.50
48906,0,0,0,69.66,21.43
48957,0,0,0,69.90,21.31
49006,0,0,0,69.83,21.38
49058,0,0,0,69.66,21.38
49106,0,0,0,69.78,21.43
49159,0,0,0,69.66,21.43
49206,0,0,0,69.47,21.67
49266,0,0,0,69.42,21.55
49306,0,0,0,68.99,21.31
49363,0,0,0,69.18,21.43
49415,0,0,0,69.35,21.50
49463,0,0,0,69.23,21.43
49506,0,0,0,69.06,21.19
49561,0,0,0,69.35,21.38
49612,0,0,0,68.99,21.50
49656,0,0,0,69.35,21.43
49706,0,0,0,69.11,21.31
49756,0,0,0,69.18,21.38
49808,0,0,0,68.82,21.31
49856,0,0,0,68.75,21.31
49906,0,0,0,69.06,21.43
49956,0,0,0,68.82,21.38
50006,0,0,0,68.75,21.19
50057,0,0,0,68.70,21.26
50106,0,0,0,68.63,21.31
50163,0,0,0,68.47,21.67
50214,0,0,0,68.70,21.26
50256,0,0,0,68.35,21.31
50312,0,0,0,68.70,21.31
50364,0,0,0,68.75,21.19
50406,0,0,0,68.59,21.31
50459,0,0,0,68.42,21.26
50506,0,0,0,68.18,21.19
50566,0,0,0,68.54,21.26
50606,0,0,0,68.30,21.26
50661,0,0,0,68.30,21.26
50717,0,0,0,68.42,21.19
50760,0,0,0,68.18,21.19
50807,0,0,0,67.63,21.26
50857,0,0,0,68.18,20.76
50916,0,0,0,68.30,20.76
50956,0,0,0,68.18,21.19
51007,0,1,0,68.35,21.19
51057,0,0,0,57.79,48.51
51106,0,1,0,40.55,24.01
51156,0,1,0,40.62,38.17
51206,0,1,0,33.83,33.14
51256,0,1,0,29.89,29.49
51308,0,1,0,28.25,28.06
51356,0,1,0,27.42,27.82
51417,0,1,0,27.53,27.70
51466,0,1,0,27.53,27.53
51506,0,1,0,27.30,27.46
51557,0,1,0,27.46,27.65
51606,0,1,0,27.58,27.65
51656,0,1,0,27.22,27.94
51716,0,1,0,27.30,27.82
51767,0,1,0,27.22,27.53
51806,0,1,0,27.46,27.58
51860,0,1,0,27.42,27.34
51914,0,1,0,27.53,27.34
51956,0,1,0,27.30,27.34
52006,0,1,0,27.22,27.34
52056,0,1,0,27.34,27.89
52156,0,1,0,26.99,27.82
52158,0,1,0,27.42,27.22
52217,0,1,0,27.11,27.22
52256,0,1,0,26.87,27.42
52306,0,1,0,26.99,27.34
52356,0,1,0,27.46,27.34
52407,0,1,0,27.18,27.30
52463,0,1,0,27.06,27.65
52506,0,1,0,27.11,27.46
52556,0,1,0,27.34,27.06
52606,0,1,0,27.34,26.99
52656,0,1,0,27.18,27.34
52709,0,0,0,27.30,27.22
52757,0,0,0,22.62,27.30
52807,0,0,0,26.27,26.87
52857,0,0,0,27.06,26.94
52907,0,0,0,27.22,27.11
52956,0,0,0,26.70,27.18
53017,1,0,1,27.06,27.18
53057,0,0,0,27.42,2.86
53106,0,0,0,36.16,24.44
53168,0,0,0,52.85,24.96
53217,0,0,0,52.49,25.08
53256,0,0,0,52.61,25.08
53310,0,0,0,52.54,24.91
53357,0,0,0,52.18,24.84
53407,0,0,0,52.30,25.03
53464,0,0,0,51.83,24.67
53506,0,0,0,52.02,24.91
53556,0,0,0,52.14,24.91
53606,0,0,0,51.95,24.96
53656,0,0,0,51.90,25.08
53706,0,0,0,52.07,25.03
53759,0,0,0,51.95,24.96
53806,0,0,0,51.66,25.03
53856,0,0,0,52.02,25.03
53906,0,0,0,51.83,25.03
53956,0,0,0,52.07,25.03
54016,0,0,0,52.02,24.84
54056,0,0,0,52.61,24.79
54106,0,0,0,51.59,25.20
54166,0,0,0,51.54,25.27
54207,0,0,0,51.42,24.84
54256,0,0,0,51.83,24.91
54307,0,0,0,51.71,24.96
54356,0,0,0,51.83,24.96
54406,0,0,0,51.90,24.91
54456,0,0,0,51.59,25.03
54506,0,0,0,51.59,25.03
54556,0,0,0,51.47,24.91
54606,0,0,0,51.47,24.96
54657,0,0,0,51.59,25.03
54706,0,0,0,51.59,24.84
54763,0,0,0,51.42,24.91
54806,0,0,0,51.83,25.03
54857,0,0,0,51.59,25.08
54906,0,0,0,51.35,24.24
54958,0,0,0,51.47,24.36
55006,0,0,0,51.42,24.96
55060,0,0,0,51.11,25.03
55107,0,0,0,51.47,24.91
55160,0,0,0,51.23,25.03
55206,0,0,0,50.99,24.91
55256,0,0,0,51.23,24.96
55311,0,0,0,51.35,24.96
55365,0,0,0,51.42,24.91
55408,0,0,0,51.35,24.96
55456,0,0,0,51.35,24.84
55512,0,0,0,51.47,25.08
55556,0,0,0,51.23,24.91
55606,0,0,0,51.42,24.84
55658,0,0,0,51.23,24.79
55713,0,0,0,51.54,24.72
55756,0,0,0,51.42,25.08
55806,0,0,0,50.75,25.03
55856,0,0,0,51.06,24.84
55914,0,0,0,51.18,24.91
55956,0,0,0,51.47,24.79
56007,0,0,0,50.99,24.91
56056,0,0,0,51.23,24.72
56106,0,0,0,51.23,24.79
56156,0,0,0,51.11,24.84
56207,0,0,0,50.94,24.79
56265,0,0,0,50.83,24.84
56306,0,0,0,51.18,24.84
56356,0,0,0,50.87,24.91
56406,0,0,0,51.11,24.79
56464,0,0,0,51.18,24.84
56517,0,0,0,51.23,25.08
56557,0,0,0,51.18,24.79
56616,0,0,0,51.18,24.91
56656,0,1,0,51.30,24.84
56707,0,1,0,48.75,26.58
56766,0,1,0,46.96,26.87
56806,0,1,0,45.34,26.99
56866,0,1,0,43.15,27.34
56917,0,1,0,41.98,27.58
56956,0,1,0,40.43,27.77
57008,0,1,0,38.72,27.77
57058,0,1,0,37.17,28.01
57107,0,1,0,36.09,28.13
57163,0,1,0,34.97,27.94
57207,0,1,0,34.19,28.13
57256,0,1,0,33.30,28.25
57311,0,1,0,32.52,28.25
57356,0,1,0,31.68,28.25
57406,0,1,0,31.21,28.37
57466,0,1,0,30.13,28.42
57506,0,1,0,29.78,28.42
57561,0,1,0,29.25,28.25
57606,0,1,0,29.37,28.30
57656,0,1,0,28.61,28.42
57706,0,1,0,29.01,28.42
57756,0,1,0,28.54,28.25
57823,0,1,0,28.18,28.42
57856,0,1,0,28.37,28.18
57906,0,1,0,28.13,28.13
57959,0,1,0,28.18,28.25
58007,0,1,0,28.18,28.61
58056,0,1,0,28.01,28.65
58108,0,1,0,28.18,28.37
58156,0,1,0,28.25,28.30
58206,0,1,0,28.30,28.13
58261,0,1,0,28.13,28.13
58306,0,1,0,28.01,28.18
58356,0,0,0,27.89,28.18
58407,0,0,0,28.61,28.06
58457,0,0,0,27.94,28.18
58507,0,0,0,28.13,28.06
58561,0,0,0,28.25,28.18
58607,0,0,0,28.49,28.13
58657,1,0,1,28.18,28.18
58706,0,0,0,29.37,2.43
58756,0,0,0,43.79,24.96
58814,0,0,0,51.06,25.32
58856,0,0,0,50.87,25.20
58906,0,0,0,51.54,25.51
58956,0,0,0,51.23,25.51
59007,0,0,0,51.23,25.39
59056,0,0,0,51.06,25.39
59107,0,0,0,51.18,25.51
59160,0,0,0,50.94,25.39
59206,0,0,0,50.83,25.56
59256,0,0,0,50.71,25.56
59306,0,0,0,50.63,25.56
59356,0,0,0,50.63,25.51
59406,0,0,0,50.99,25.51
59456,0,0,0,50.71,25.51
59513,0,0,0,50.63,25.39
59556,0,0,0,50.40,25.56
59611,0,0,0,50.52,25.51
59657,0,0,0,50.63,25.56
59706,0,0,0,50.35,25.56
59756,0,0,0,50.23,25.44
59807,0,0,0,50.28,25.67
59866,0,0,0,50.40,25.56
59907,0,0,0,50.47,25.63
59956,0,0,0,50.11,25.51
60006,0,0,0,49.99,25.56
60060,0,0,0,50.47,25.51
60106,0,0,0,50.23,25.51
60156,0,0,0,50.16,25.56
60206,0,0,0,49.92,25.56
60256,0,0,0,50.04,25.44
60306,0,0,0,50.16,25.44
60356,0,0,0,50.16,25.63
60410,0,0,0,50.11,25.56
60457,0,0,0,50.11,25.91
60506,0,0,0,50.11,25.91
60556,0,0,0,49.99,25.56
60609,0,0,0,49.92,25.51
60657,0,0,0,50.40,25.39
60709,0,0,0,50.35,25.39
60756,0,0,0,50.16,25.56
60806,0,0,0,49.75,25.51
60859,0,0,0,49.92,25.51
60911,0,0,0,49.80,25.63
60956,0,0,0,49.75,25.39
61006,0,0,0,49.63,25.32
61066,0,0,0,49.75,25.44
61106,0,0,0,49.92,25.44
61159,0,0,0,49.75,25.56
61216,0,0,0,49.68,25.63
61258,0,0,0,49.40,25.51
61307,0,0,0,49.80,25.51
61369,0,0,0,49.40,25.51
61407,0,0,0,49.40,25.56
61466,0,0,0,49.68,25.44
61506,0,0,0,49.63,25.32
61556,0,0,0,49.32,25.44
61609,0,0,0,49.68,25.39
61664,0,0,0,49.56,25.75
61706,0,0,0,49.44,25.20
61756,0,0,0,49.56,25.44
61811,0,0,0,49.68,25.56
61866,0,0,0,49.09,25.56
61906,0,0,0,49.16,25.39
61956,0,0,0,49.87,25.39
62007,0,0,0,49.16,25.32
62058,0,0,0,49.40,25.15
62109,0,0,0,49.32,25.15
62224,0,0,0,49.44,25.51
62227,0,0,0,49.44,25.63
62257,0,0,0,49.56,25.56
62307,0,0,0,49.20,25.63
62357,0,1,0,49.32,25.51
62410,0,1,0,47.49,26.99
62456,0,1,0,46.06,27.30
62506,0,1,0,44.27,27.22
62557,0,1,0,42.55,27.46
62607,0,1,0,40.50,27.77
62659,0,1,0,39.03,28.06
62706,0,1,0,37.71,28.01
62763,0,1,0,36.09,27.70
62806,0,1,0,35.33,28.18
62858,0,1,0,34.26,28.42
62909,0,1,0,33.35,28.73
62966,0,1,0,32.28,28.73
63006,0,1,0,31.99,28.65
63056,0,1,0,30.97,28.65
63107,0,1,0,30.49,28.49
63156,0,1,0,30.20,28.61
63206,0,1,0,29.66,28.61
63256,0,1,0,29.37,28.61
63307,0,1,0,29.01,28.37
63360,0,1,0,28.77,28.30
63406,0,1,0,28.65,28.61
63456,0,1,0,28.13,28.65
63506,0,1,0,28.25,28.49
63557,0,1,0,28.54,28.54
63611,0,1,0,28.30,28.85
63657,0,1,0,28.37,28.89
63706,0,1,0,28.25,28.85
63756,0,1,0,28.61,28.73
63817,0,1,0,28.49,28.54
63857,0,1,0,27.77,28.49
63913,0,1,0,28.30,27.30
63956,0,1,0,28.65,28.42
64007,0,1,0,28.06,28.42
64063,0,0,0,28.25,28.06
64109,0,0,0,28.37,28.49
64157,0,0,0,28.06,28.61
64207,0,0,0,28.37,28.42
64267,0,0,0,28.49,28.13
64315,0,0,0,28.61,28.18
64357,0,0,0,28.49,28.25
64411,1,0,1,28.73,28.61
64457,0,0,1,29.89,6.87
64507,0,0,0,47.49,3.81
64567,0,0,0,51.71,23.53
64606,0,0,0,53.33,23.72
64660,0,0,0,53.81,23.89
64706,0,0,0,53.26,23.96
64756,0,0,0,53.26,23.84
64806,0,0,0,53.38,24.24
64857,0,0,0,52.85,24.13
64908,0,0,0,52.90,24.01
64965,0,0,0,52.61,24.08
65010,0,0,0,52.78,24.20
65057,0,0,0,52.97,24.08
65107,0,0,0,52.54,24.13
65157,0,0,0,52.42,24.08
65216,0,0,0,52.97,24.08
65257,0,0,0,52.90,23.89
65307,0,0,0,52.73,23.84
65358,0,0,0,52.30,23.96
65407,0,0,0,52.42,24.08
65458,0,0,0,52.26,24.20
65506,0,0,0,52.18,24.01
65556,0,0,0,52.42,24.20
65607,0,0,0,52.38,24.24
65657,0,0,0,52.07,24.08
65706,0,0,0,52.30,24.08
65756,0,0,0,52.02,24.20
65806,0,0,0,51.59,24.24
65866,0,0,0,51.71,24.24
65906,0,0,0,51.59,24.32
65957,0,0,0,51.71,24.20
66007,0,0,0,51.95,24.13
66056,0,0,0,52.02,24.36
66108,0,0,0,51.83,24.44
66156,0,0,0,51.59,24.20
66212,0,0,0,51.54,24.20
66256,0,0,0,51.90,24.20
66306,0,0,0,51.83,24.20
66359,0,0,0,51.18,24.24
66416,0,0,0,51.35,24.08
66456,0,0,0,51.30,24.20
66506,0,0,0,51.78,24.32
66560,0,0,0,51.47,24.20
66606,0,0,0,51.42,24.24
66656,0,0,0,51.18,24.32
66711,0,0,0,51.42,24.13
66767,0,0,0,51.35,24.32
66806,0,0,0,51.18,24.24
66856,0,0,0,51.66,24.32
66906,0,0,0,51.66,24.13
66959,0,0,0,51.30,24.13
67016,0,0,0,51.18,24.24
67066,0,0,0,51.35,24.20
67107,0,0,0,50.87,24.13
67167,0,0,0,51.18,24.13
67211,0,0,0,51.23,24.32
67256,0,0,0,51.11,24.36
67306,0,0,0,51.06,24.32
67356,0,0,0,51.11,24.20
67406,0,0,0,51.47,24.32
67459,0,0,0,51.11,24.36
67507,0,0,0,51.30,24.24
67556,0,0,0,51.06,24.20
67606,0,0,0,50.63,24.13
67656,0,0,0,50.87,24.24
67709,0,0,0,50.99,24.32
67757,0,0,0,50.83,24.36
67809,0,0,0,50.87,24.24
67861,0,0,0,50.99,24.24
67907,0,0,0,50.87,24.13
67958,0,0,0,50.87,24.13
68007,0,0,0,51.06,24.08
68057,0,0,0,50.83,24.01
68114,0,1,0,51.06,23.84
68156,0,1,0,48.92,25.75
68216,0,1,0,46.96,26.27
68256,0,1,0,45.41,26.51
68308,0,1,0,38.43,33.02
68356,0,1,0,33.35,30.63
68407,0,1,0,30.13,29.13
68457,0,1,0,28.30,28.25
68511,0,1,0,27.77,28.01
68556,0,1,0,27.34,27.94
68606,0,1,0,27.77,27.77
68656,0,1,0,28.01,27.77
68711,0,1,0,27.58,27.70
68756,0,1,0,27.82,27.77
68817,0,1,0,27.58,27.89
68856,0,1,0,27.70,27.70
68907,0,1,0,27.77,27.42
68961,0,1,0,27.58,27.42
69007,0,1,0,27.70,27.77
69056,0,1,0,27.65,27.77
69107,0,1,0,27.82,27.82
69156,0,1,0,27.70,28.01
69206,0,1,0,27.58,27.82
69277,0,1,0,27.58,27.89
69306,0,1,0,27.53,27.82
69357,0,1,0,27.58,28.01
69416,0,1,0,27.65,27.70
69456,0,1,0,27.46,27.53
69506,0,1,0,28.01,27.65
69558,0,1,0,27.65,27.65
69614,0,1,0,27.77,27.94
69666,0,1,0,27.70,27.46
69707,0,1,0,27.30,27.46
69757,0,1,0,27.42,27.58
69807,0,0,0,27.77,27.70
69857,0,0,0,29.61,28.13
69907,0,0,0,27.77,27.34
69957,0,0,0,27.89,27.70
70007,0,0,0,27.65,27.58
70066,0,0,0,27.58,27.42
70117,1,0,1,27.70,27.42
70156,0,0,1,28.25,8.89
70207,0,0,0,29.25,4.10
70256,0,0,0,36.81,22.15
70307,0,0,0,38.12,23.29
70356,0,0,0,37.95,23.36
70412,0,0,0,38.31,23.77
70467,0,0,0,38.36,23.36
70506,0,0,0,38.36,23.17
70557,0,0,0,38.48,23.48
70609,0,0,0,38.12,23.53
70667,0,0,0,38.19,23.65
70706,0,0,0,38.07,23.60
70756,0,0,0,37.83,23.48
70809,0,0,0,37.28,23.53
70857,0,0,0,37.52,23.41
70916,0,0,0,38.43,23.53
70973,0,0,0,38.19,23.77
71006,0,0,0,38.24,23.60
71057,0,0,0,37.88,23.48
71106,0,0,0,37.64,23.53
71163,0,0,0,38.31,23.60
71210,0,0,0,38.00,23.53
71267,0,0,0,38.00,23.65
71306,0,0,0,38.31,23.89
71356,0,0,0,38.36,23.72
71408,0,0,0,38.19,23.77
71457,0,0,0,38.43,23.48
71506,0,0,0,38.31,23.53
71556,0,0,0,38.12,23.65
71607,0,0,0,38.72,23.72
71658,0,0,0,38.12,23.48
71706,0,0,0,38.19,23.48
71760,0,0,0,38.31,23.48
71813,0,0,0,38.24,24.24
71856,0,0,0,38.36,23.84
71906,0,0,0,38.24,23.77
71956,0,0,0,38.95,23.60
72007,0,0,0,38.43,23.53
72057,0,0,0,37.88,23.53
72106,0,0,0,38.07,23.84
72156,0,0,0,38.43,23.77
72206,0,0,0,38.07,23.65
72257,0,0,0,38.36,23.53
72306,0,0,0,38.55,23.72
72358,0,0,0,38.24,23.72
72406,0,0,0,37.88,23.72
72477,0,0,0,37.64,23.65
72506,0,0,0,38.00,23.84
72558,0,0,0,38.31,23.65
72607,0,0,0,38.43,23.48
72657,0,0,0,38.00,23.60
72706,0,0,0,38.12,23.65
72756,0,0,0,38.31,23.60
72807,0,0,0,38.07,23.77
72857,0,0,0,38.07,23.84
72916,0,0,0,38.12,23.60
72957,0,0,0,38.48,23.53
73012,0,0,0,37.83,23.60
73058,0,0,0,37.95,23.65
73106,0,0,0,38.07,23.60
73162,0,0,0,38.19,23.36
73207,0,0,0,37.95,24.01
73263,0,0,0,37.95,24.32
73312,0,0,0,38.12,23.77
73363,0,0,0,38.24,24.01
73414,0,0,0,38.31,23.96
73474,0,0,0,38.00,23.53
73511,0,0,0,38.12,23.72
73565,0,0,0,37.76,23.72
73607,0,0,0,38.12,23.60
73657,0,0,0,37.83,23.60
73707,0,0,0,37.95,23.65
73762,0,0,0,38.12,23.65
73810,0,1,0,38.07,23.65
73858,0,1,0,37.28,24.79
73927,0,1,0,35.14,25.15
73957,0,1,0,32.11,28.30
74013,0,1,0,28.49,26.99
74064,0,1,0,26.70,25.79
74106,0,1,0,25.53,25.75
74156,0,1,0,25.89,25.51
74209,0,1,0,25.72,25.87
74258,0,1,0,25.65,25.87
74306,0,1,0,25.60,25.67
74356,0,1,0,25.72,25.56
74407,0,1,0,25.77,25.75
74456,0,1,0,25.84,26.10
74508,0,1,0,25.72,26.15
74563,0,1,0,25.60,25.79
74618,0,1,0,25.77,25.67
74657,0,1,0,25.29,25.75
74706,0,1,0,24.77,25.67
74760,0,1,0,25.72,25.75
74811,0,1,0,25.72,25.67
74857,0,1,0,25.84,25.87
74917,0,1,0,25.53,25.87
74959,0,1,0,25.48,25.63
75018,0,1,0,25.72,25.51
75057,0,1,0,25.37,25.63
75116,0,1,0,25.53,25.63
75163,0,1,0,26.01,25.98
75207,0,1,0,26.15,25.63
75257,0,1,0,25.96,25.56
75306,0,1,0,26.46,25.63
75363,0,1,0,25.84,25.79
75407,0,1,0,25.77,25.75
75457,0,1,0,25.84,25.67
75507,0,0,0,25.48,25.67
75559,0,0,0,27.65,26.34
75607,0,0,0,26.10,25.63
75657,0,0,0,25.65,25.51
75708,0,0,0,25.77,25.44
75757,0,0,0,25.65,25.44
75815,1,0,1,25.53,25.51
75857,0,0,1,25.48,10.68
75908,0,0,0,27.53,3.62
75957,0,0,0,37.05,20.29
76007,0,0,0,38.24,21.26
76057,0,0,0,38.07,21.50
76106,0,0,0,37.95,21.55
76157,0,0,0,38.12,21.62
76212,0,0,0,38.12,21.62
76262,0,0,0,38.19,21.50
76307,0,0,0,37.83,21.55
76358,0,0,0,38.00,21.50
76407,0,0,0,37.76,21.55
76457,0,0,0,37.83,21.55
76506,0,0,0,38.07,21.62
76557,0,0,0,37.95,21.74
76607,0,0,0,37.95,21.67
76661,0,0,0,37.83,21.55
76709,0,0,0,37.52,21.67
76756,0,0,0,37.28,21.67
76807,0,0,0,37.52,21.62
76857,0,0,0,37.83,21.62
76914,0,0,0,38.19,21.38
76956,0,0,0,37.76,21.38
77017,0,0,0,37.71,21.67
77057,0,0,0,37.76,21.62
77106,0,0,0,37.76,21.79
77156,0,0,0,37.48,21.74
77212,0,0,0,37.52,21.62
77257,0,0,0,37.64,21.62
77311,0,0,0,37.76,21.91
77356,0,0,0,37.59,21.91
77411,0,0,0,37.76,21.62
77466,0,0,0,37.88,21.50
77507,0,0,0,37.40,21.74
77606,0,0,0,37.52,21.67
77646,0,0,0,37.59,21.67
77657,0,0,0,37.83,21.62
77706,0,0,0,37.71,21.50
77759,0,0,0,37.59,21.50
77807,0,0,0,37.76,21.67
77870,0,0,0,37.76,21.50
77906,0,0,0,36.93,21.62
77956,0,0,0,36.88,21.67
78007,0,0,0,37.52,21.79
78056,0,0,0,37.83,21.79
78110,0,0,0,37.36,21.86
78157,0,0,0,37.40,21.91
78217,0,0,0,37.48,21.67
78256,0,0,0,37.48,21.62
78306,0,0,0,37.52,21.79
78356,0,0,0,37.48,21.79
78406,0,0,0,37.28,21.67
78457,0,0,0,37.40,21.67
78506,0,0,0,37.28,21.91
78557,0,0,0,37.64,21.86
78606,0,0,0,37.52,21.55
78663,0,0,0,37.40,21.50
78707,0,0,0,37.59,21.74
78757,0,0,0,37.48,21.74
78807,0,0,0,37.24,21.67
78857,0,0,0,37.36,21.67
78907,0,0,0,37.36,21.98
78959,0,0,0,37.48,21.91
79007,0,0,0,37.40,21.74
79059,0,0,0,36.88,21.79
79106,0,0,0,36.93,21.74
79158,0,0,0,37.48,21.74
79209,0,0,0,37.28,21.74
79258,0,0,0,37.12,21.98
79310,0,0,0,37.24,22.03
79357,0,0,0,37.48,21.74
79407,0,0,0,37.05,21.86
79461,0,1,0,37.28,21.67
79508,0,1,0,36.52,22.81
79557,0,1,0,34.38,23.12
79607,0,1,0,32.83,23.29
79687,0,1,0,32.04,23.48
79706,0,1,0,30.85,23.48
79756,0,1,0,29.54,23.60
79807,0,1,0,28.65,23.72
79856,0,1,0,27.77,23.96
79910,0,1,0,26.75,24.01
79956,0,1,0,26.10,23.96
80007,0,1,0,25.72,24.01
80057,0,1,0,25.25,24.01
80106,0,1,0,24.89,24.13
80157,0,1,0,24.10,24.01
80213,0,1,0,24.05,24.48
80257,0,1,0,24.10,24.01
80306,0,1,0,24.05,24.01
80357,0,1,0,23.98,24.01
80407,0,1,0,23.98,24.01
80457,0,1,0,23.82,24.01
80506,0,1,0,23.98,24.01
80560,0,1,0,23.93,24.01
80611,0,1,0,23.93,24.08
80657,0,1,0,24.05,24.01
80706,0,1,0,23.86,23.96
80764,0,1,0,23.93,24.01
80824,0,1,0,23.98,24.20
80857,0,1,0,23.98,24.24
80907,0,1,0,23.82,24.20
80967,0,1,0,23.93,24.13
81007,0,1,0,23.93,24.01
81065,0,1,0,23.98,24.01
81107,0,1,0,23.98,24.01
81161,0,0,0,23.86,24.01
81208,0,0,0,23.58,24.08
81260,0,0,0,23.93,23.77
81310,0,0,0,24.05,23.96
81357,0,0,0,24.05,23.36
81407,0,0,0,23.93,23.41
81458,0,0,0,24.10,23.84
81513,1,0,1,23.98,23.96
81557,0,0,1,27.89,8.65
81617,0,0,0,20.36,2.86
81657,0,0,0,37.36,14.97
81712,0,0,0,39.91,19.33
81756,0,0,0,40.26,19.45
81827,0,0,0,40.38,19.33
81858,0,0,0,40.43,19.33
81906,0,0,0,40.15,19.38
81959,0,0,0,40.38,19.45
82006,0,0,0,39.95,19.33
82058,0,0,0,39.95,19.50
82106,0,0,0,39.84,19.69
82156,0,0,0,39.95,19.62
82206,0,0,0,39.84,19.50
82266,0,0,0,39.72,19.57
82314,0,0,0,39.31,19.57
82359,0,0,0,39.55,19.57
82406,0,0,0,39.67,19.45
82457,0,0,0,39.67,19.50
82506,0,0,0,39.72,19.45
82562,0,0,0,39.36,19.57
82607,0,0,0,39.60,19.62
82662,0,0,0,39.43,19.38
82706,0,0,0,39.24,19.62
82756,0,0,0,39.31,19.69
82812,0,0,0,39.55,19.57
82856,0,0,0,39.55,19.57
82906,0,0,0,39.31,19.50
82956,0,0,0,39.36,19.45
83013,0,0,0,39.43,19.62
83056,0,0,0,39.36,19.45
83106,0,0,0,39.24,19.57
83163,0,0,0,39.19,19.45
83206,0,0,0,39.36,19.69
83256,0,0,0,39.43,19.62
83306,0,0,0,39.19,19.81
83367,0,0,0,39.24,19.74
83406,0,0,0,39.14,19.62
83458,0,0,0,39.07,19.57
83506,0,0,0,39.19,19.57
83567,0,0,0,39.24,19.69
83606,0,0,0,39.19,19.69
83657,0,0,0,39.14,19.69
83709,0,0,0,39.14,19.62
83762,0,0,0,39.03,19.62
83817,0,0,0,39.07,19.74
83857,0,0,0,39.14,19.74
83906,0,0,0,38.91,19.69
83956,0,0,0,38.91,19.74
84053,0,0,0,39.14,19.21
84056,0,0,0,39.19,19.74
84106,0,0,0,39.14,19.86
84156,0,0,0,39.14,19.81
84210,0,0,0,38.91,19.74
84256,0,0,0,38.91,19.69
84306,0,0,0,38.91,19.62
84356,0,0,0,38.83,19.69
84406,0,0,0,38.91,19.69
84456,0,0,0,38.83,19.69
84506,0,0,0,38.91,19.81
84556,0,0,0,38.91,18.90
84616,0,0,0,39.07,18.90
84656,0,0,0,39.03,19.69
84706,0,0,0,38.79,19.74
84757,0,0,0,38.79,19.74
84807,0,0,0,38.72,19.57
84857,0,0,0,38.79,19.81
84908,0,0,0,38.60,19.69
84957,0,0,0,38.55,19.69
85015,0,0,0,38.67,19.69
85066,0,0,0,38.60,19.74
85106,0,0,0,38.79,19.81
85156,0,0,0,38.79,19.93
85207,0,1,0,38.83,19.81
85257,0,1,0,37.05,21.19
85307,0,1,0,35.69,21.38
85364,0,1,0,33.59,21.67
85417,0,1,0,32.11,22.03
85457,0,1,0,31.32,25.20
85507,0,1,0,25.89,24.36
85557,0,1,0,23.82,23.29
85611,0,1,0,22.79,22.70
85662,0,1,0,22.55,22.58
85707,0,1,0,22.50,22.65
85757,0,1,0,22.39,22.53
85807,0,1,0,22.27,22.58
85857,0,1,0,22.43,22.70
85912,0,1,0,22.39,22.70
85957,0,1,0,22.39,22.53
86011,0,1,0,22.39,22.41
86059,0,1,0,22.50,22.65
86107,0,1,0,22.50,22.65
86170,0,1,0,22.19,22.41
86214,0,1,0,22.19,22.58
86267,0,1,0,22.62,22.70
86312,0,1,0,22.55,22.46
86359,0,1,0,22.31,22.65
86407,0,1,0,22.31,22.58
86457,0,1,0,22.43,22.65
86507,0,1,0,22.50,22.46
86557,0,1,0,22.39,22.41
86607,0,1,0,22.39,22.53
86671,0,1,0,22.39,22.58
86717,0,1,0,22.27,22.58
86757,0,1,0,22.43,22.53
86807,0,1,0,22.43,22.46
86857,0,1,0,22.31,22.46
86907,0,0,0,22.31,22.53
86957,0,0,0,20.48,21.98
87007,0,0,0,22.50,22.41
87057,0,0,0,22.43,22.41
87107,0,0,0,22.43,22.58
87159,0,0,0,22.50,22.53
87207,1,0,1,22.50,22.46
87268,0,0,0,23.22,3.15
87310,0,0,0,78.03,16.47
87363,0,0,0,71.68,19.38
87416,0,0,0,73.95,19.26
87457,0,0,0,73.23,19.21
87507,0,0,0,72.64,19.50
87557,0,0,0,72.21,19.57
87607,0,0,0,71.80,19.62
87657,0,0,0,71.49,19.69
87707,0,0,0,71.26,19.62
87757,0,0,0,71.09,19.74
87807,0,0,0,70.66,19.98
87857,0,0,0,70.54,19.98
87912,0,0,0,70.02,19.38
87957,0,0,0,70.14,19.62
88007,0,0,0,69.94,19.81
88059,0,0,0,69.71,19.62
88108,0,0,0,69.71,19.74
88164,0,0,0,69.42,19.62
88225,0,0,0,69.54,19.81
88257,0,0,0,69.30,19.86
88307,0,0,0,69.11,19.57
88357,0,0,0,68.99,19.62
88415,0,0,0,68.94,19.74
88457,0,0,0,68.87,19.57
88507,0,0,0,68.82,19.69
88557,0,0,0,68.63,19.69
88609,0,0,0,68.47,19.98
88657,0,0,0,68.47,19.93
88716,0,0,0,68.30,19.81
88757,0,0,0,68.23,19.81
88807,0,0,0,68.30,19.86
88859,0,0,0,68.11,19.69
88907,0,0,0,67.99,19.62
88960,0,0,0,67.75,19.69
89007,0,0,0,67.58,19.69
89062,0,0,0,67.70,19.74
89107,0,0,0,67.47,19.81
89165,0,0,0,67.47,19.69
89207,0,0,0,67.58,19.74
89257,0,0,0,67.47,19.74
89307,0,0,0,67.27,19.74
89357,0,0,0,67.23,19.86
89414,0,0,0,67.11,19.86
89466,0,0,0,67.04,19.57
89507,0,0,0,66.92,19.81
89557,0,0,0,66.87,19.50
89607,0,0,0,67.04,19.57
89658,0,0,0,66.92,19.62
89707,0,0,0,66.75,19.69
89766,0,0,0,66.68,19.74
89815,0,0,0,66.75,19.69
89865,0,0,0,66.63,19.62
89907,0,0,0,66.56,19.74
89960,0,0,0,66.44,19.81
90015,0,0,0,66.51,19.81
90057,0,0,0,66.51,19.81
90107,0,0,0,66.15,19.86
90206,0,0,0,66.20,19.62
90209,0,0,0,66.63,19.81
90267,0,0,0,66.51,19.98
90307,0,0,0,66.15,19.74
90357,0,0,0,66.08,19.74
90407,0,0,0,66.08,19.81
90466,0,0,0,66.08,19.74
90507,0,0,0,65.96,19.69
90563,0,0,0,65.68,19.69
90607,0,0,0,65.61,19.69
90657,0,0,0,65.49,19.69
90707,0,0,0,65.96,19.74
90757,0,0,0,65.92,19.86
90809,0,0,0,65.61,19.93
90864,0,1,0,65.56,19.74
90911,0,0,0,55.95,53.88
90957,0,1,0,54.28,24.91
91007,0,1,0,37.59,34.81
91064,0,1,0,30.49,29.92
91107,0,1,0,27.89,27.65
91159,0,1,0,26.70,26.82
91207,0,1,0,26.27,26.39
91264,0,1,0,26.15,26.34
91307,0,1,0,26.22,26.39
91357,0,1,0,26.27,26.39
91407,0,1,0,26.15,26.10
91457,0,1,0,26.15,26.10
91510,0,1,0,26.22,26.27
91557,0,1,0,26.22,26.39
91615,0,1,0,26.10,26.27
91657,0,1,0,26.01,26.22
91717,0,1,0,26.15,26.15
91757,0,1,0,26.15,26.15
91807,0,1,0,25.84,25.87
91859,0,1,0,25.96,25.87
91907,0,1,0,26.15,26.10
91957,0,1,0,26.27,26.27
92007,0,1,0,26.10,26.10
92057,0,1,0,25.89,26.10
92117,0,1,0,25.96,26.22
92196,0,1,0,26.01,26.15
92208,0,1,0,26.10,26.27
92257,0,1,0,26.01,26.10
92307,0,1,0,25.96,26.03
92360,0,1,0,26.27,26.15
92414,0,1,0,25.96,26.10
92457,0,1,0,26.01,26.03
92507,0,1,0,25.89,26.10
92557,0,0,0,25.96,26.03
92613,0,0,0,22.39,26.22
92657,0,0,0,26.10,26.22
92707,0,0,0,26.01,26.10
92757,0,0,0,26.15,25.98
92807,0,0,0,26.15,25.98
92859,1,0,1,25.89,26.10
92907,0,0,0,27.46,2.26
92957,0,0,0,67.63,22.81
93014,0,0,0,65.68,23.65
93057,0,0,0,64.77,23.60
93109,0,0,0,64.53,23.29
93157,0,0,0,64.53,23.41
93207,0,0,0,64.37,23.41
93257,0,0,0,64.18,23.53
93307,0,0,0,63.94,23.53
93357,0,0,0,64.06,23.48
93407,0,0,0,63.89,23.77
93457,0,0,0,63.70,23.72
93515,0,0,0,63.65,23.48
93557,0,0,0,63.34,23.48
93617,0,0,0,63.10,23.48
93657,0,0,0,63.17,23.48
93707,0,0,0,62.94,23.65
93757,0,0,0,62.94,23.24
93807,0,0,0,62.86,23.29
93858,0,0,0,62.70,23.41
93907,0,0,0,62.58,23.41
93961,0,0,0,62.51,23.48
94007,0,0,0,62.39,23.48
94057,0,0,0,62.27,23.65
94109,0,0,0,62.15,23.60
94157,0,0,0,62.34,23.60
94215,0,0,0,62.34,23.53
94257,0,0,0,62.15,23.60
94307,0,0,0,62.03,23.60
94357,0,0,0,61.98,23.41
94407,0,0,0,61.91,23.48
94462,0,0,0,61.55,23.29
94509,0,0,0,61.74,23.60
94557,0,0,0,62.03,23.53
94615,0,0,0,61.98,23.53
94665,0,0,0,61.74,23.84
94707,0,0,0,61.67,23.84
94759,0,0,0,61.67,23.48
94809,0,0,0,61.62,23.48
94865,0,0,0,61.62,23.48
94907,0,0,0,61.55,23.53
94957,0,0,0,61.55,23.48
95007,0,0,0,61.43,23.60
95057,0,0,0,61.51,23.60
95107,0,0,0,61.51,23.60
95157,0,0,0,61.27,23.36
95212,0,0,0,61.27,23.60
95265,0,0,0,61.27,23.48
95307,0,0,0,61.08,23.48
95357,0,0,0,61.15,23.60
95407,0,0,0,61.08,23.48
95459,0,0,0,60.91,23.65
95507,0,0,0,61.03,23.53
95557,0,0,0,60.84,23.60
95608,0,0,0,60.84,23.53
95657,0,0,0,60.84,23.65
95707,0,0,0,61.15,23.53
95767,0,0,0,60.96,23.48
95807,0,0,0,60.91,23.53
95857,0,0,0,60.79,22.89
95907,0,0,0,60.79,23.17
95957,0,0,0,60.79,23.48
96007,0,0,0,60.67,23.36
96057,0,0,0,60.67,23.53
96107,0,0,0,60.72,23.48
96158,0,0,0,60.67,23.53
96212,0,0,0,60.79,23.17
96261,0,0,0,60.67,23.24
96309,0,0,0,60.43,23.53
96357,0,0,0,60.55,23.36
96407,0,0,0,60.43,23.60
96457,0,0,0,60.36,23.65
96507,0,0,0,60.36,23.41
96557,0,1,0,60.31,23.53
96608,0,1,0,57.67,25.56
96657,0,0,0,48.44,46.77
96707,0,1,0,35.26,28.42
96757,0,1,0,34.97,33.97
96807,0,1,0,30.49,30.71
96863,0,1,0,28.73,29.08
96907,0,1,0,28.54,28.85
96958,0,1,0,28.37,28.61
97007,0,1,0,28.37,28.49
97057,0,1,0,28.30,28.49
97112,0,1,0,28.42,28.18
97157,0,1,0,28.25,28.42
97207,0,1,0,28.30,28.25
97257,0,1,0,28.30,28.42
97307,0,1,0,28.73,28.42
97360,0,1,0,28.73,28.42
97407,0,1,0,28.25,28.65
97459,0,1,0,28.37,28.49
97507,0,1,0,28.18,27.89
97557,0,1,0,28.13,27.94
97610,0,1,0,28.13,28.37
97667,0,1,0,28.06,28.18
97707,0,1,0,28.13,28.49
97757,0,1,0,28.13,28.18
97807,0,1,0,27.94,28.42
97857,0,1,0,27.82,28.30
97915,0,1,0,27.65,27.82
97957,0,1,0,27.70,28.01
98007,0,1,0,28.13,28.25
98060,0,1,0,28.18,29.01
98110,0,1,0,28.06,28.30
98185,0,1,0,28.06,28.37
98207,0,1,0,28.30,28.49
98263,0,0,0,28.37,28.13
98307,0,0,0,30.80,26.27
98357,0,0,0,29.08,28.18
98407,0,0,0,28.37,28.30
98465,0,0,0,28.25,28.25
98507,0,0,0,28.06,28.25
98560,0,0,0,28.37,28.30
98611,1,0,1,28.18,28.06
98662,0,0,0,30.20,3.93
98707,0,0,0,49.40,25.56
98757,0,0,0,67.47,25.27
98813,0,0,0,67.23,25.32
98857,0,0,0,67.51,25.39
98907,0,0,0,67.35,25.20
98959,0,0,0,67.58,25.67
99009,0,0,0,67.11,25.44
99062,0,0,0,66.68,25.67
99107,0,0,0,66.44,25.63
99157,0,0,0,66.27,25.56
99207,0,0,0,66.03,25.51
99257,0,0,0,65.96,25.63
99307,0,0,0,66.03,25.63
99357,0,0,0,65.80,25.51
99414,0,0,0,65.68,25.56
99457,0,0,0,65.73,25.67
99507,0,0,0,65.61,25.39
99566,0,0,0,65.49,25.63
99607,0,0,0,65.37,25.51
99657,0,0,0,65.25,25.44
99707,0,0,0,65.13,25.51
99757,0,0,0,64.89,25.67
99807,0,0,0,64.84,25.63
99857,0,0,0,64.77,25.75
99915,0,0,0,64.77,25.51
99957,0,0,0,64.77,25.56
100007,0,0,0,64.65,25.39
100057,0,0,0,64.65,25.63
100107,0,0,0,64.60,25.79
100157,0,0,0,64.77,25.63
100227,0,0,0,64.96,25.75
100257,0,0,0,64.49,25.56
100308,0,0,0,64.41,25.63
100358,0,0,0,64.41,25.56
100407,0,0,0,64.29,25.75
100457,0,0,0,64.25,25.63
100507,0,0,0,64.18,25.51
100557,0,0,0,64.37,25.56
100607,0,0,0,64.29,25.56
100658,0,0,0,64.37,25.56
100707,0,0,0,64.25,25.44
100766,0,0,0,64.13,25.87
100807,0,0,0,63.94,25.67
100857,0,0,0,63.94,25.44
100912,0,0,0,64.01,25.51
100966,0,0,0,63.82,25.56
101022,0,0,0,63.77,25.44
101058,0,0,0,63.77,25.44
101107,0,0,0,63.70,25.27
101157,0,0,0,63.53,25.32
101207,0,0,0,63.65,25.44
101257,0,0,0,63.89,25.51
101311,0,0,0,63.41,25.75
101365,0,0,0,63.46,25.44
101407,0,0,0,63.41,25.56
101457,0,0,0,63.58,25.67
101517,0,0,0,63.58,25.27
101557,0,0,0,63.46,25.27
101607,0,0,0,63.46,25.51
101657,0,0,0,63.29,25.44
101707,0,0,0,63.17,25.39
101757,0,0,0,63.22,25.39
101810,0,0,0,63.22,25.20
101857,0,0,0,63.29,25.51
101912,0,0,0,63.22,25.32
101958,0,0,0,63.10,25.32
102016,0,0,0,62.86,25.44
102057,0,0,0,63.34,25.67
102113,0,0,0,63.34,25.51
102196,0,0,0,63.29,25.63
102211,0,0,0,63.10,25.27
102276,0,1,0,63.06,25.08
102316,0,1,0,62.34,27.46
102357,0,0,0,50.40,46.61
102407,0,1,0,37.28,30.16
102457,0,1,0,37.52,36.36
102507,0,1,0,33.23,32.85
102557,0,1,0,31.21,31.11
102617,0,1,0,30.32,30.51
102657,0,1,0,30.32,30.35
102707,0,1,0,30.20,30.11
102757,0,1,0,30.20,30.40
102809,0,1,0,29.78,30.40
102864,0,1,0,29.73,30.04
102908,0,1,0,30.13,30.04
102965,0,1,0,30.13,30.16
103007,0,1,0,30.01,30.11
103059,0,1,0,30.09,30.23
103111,0,1,0,29.78,29.85
103160,0,1,0,30.01,29.97
103210,0,1,0,30.09,29.97
103263,0,1,0,29.89,30.16
103314,0,1,0,29.89,30.16
103357,0,1,0,29.85,29.97
103407,0,1,0,29.85,30.16
103457,0,1,0,29.85,29.92
103511,0,1,0,29.78,29.97
103566,0,1,0,29.85,29.97
103607,0,1,0,29.85,30.16
103657,0,1,0,29.97,29.97
103707,0,1,0,29.85,29.97
103757,0,1,0,29.73,29.92
103809,0,1,0,29.89,29.73
103864,0,1,0,29.97,29.97
103907,0,1,0,29.89,29.85
103967,0,0,0,29.73,30.16
104007,0,0,0,28.42,29.56
104087,0,0,0,28.54,29.80
104117,0,0,0,29.66,29.85
104157,0,0,0,29.85,29.85
104207,0,0,0,29.89,29.80
104257,0,0,0,29.89,29.85
104307,1,0,1,30.01,29.80
104357,0,0,0,31.28,2.86
104407,0,0,0,74.19,26.87
104462,0,0,0,70.14,27.11
104507,0,0,0,67.75,27.18
104557,0,0,0,67.63,27.34
104607,0,0,0,67.27,27.42
104657,0,0,0,67.04,27.70
104707,0,0,0,66.87,27.46
104762,0,0,0,66.27,27.22
104811,0,0,0,66.75,27.34
104857,0,0,0,66.44,27.18
104907,0,0,0,66.39,27.22
104957,0,0,0,66.27,27.42
105010,0,0,0,66.15,27.46
105058,0,0,0,65.84,27.34
105108,0,0,0,65.92,27.30
105166,0,0,0,65.96,27.18
105207,0,0,0,65.61,27.46
105257,0,0,0,65.61,27.22
105307,0,0,0,65.37,27.42
105357,0,0,0,65.37,27.42
105407,0,0,0,65.37,27.34
105457,0,0,0,65.20,27.22
105507,0,0,0,65.32,27.34
105565,0,0,0,65.32,27.46
105617,0,0,0,65.13,27.82
105657,0,0,0,65.08,27.46
105707,0,0,0,64.96,27.46
105757,0,0,0,64.89,27.42
105807,0,0,0,64.89,27.34
105857,0,0,0,64.84,27.22
105939,0,0,0,64.65,27.46
105957,0,0,0,64.84,27.46
106007,0,0,0,64.72,27.30
106057,0,0,0,64.53,27.46
106107,0,0,0,64.49,27.22
106157,0,0,0,64.53,27.34
106207,0,0,0,64.37,26.99
106257,0,0,0,64.13,26.87
106308,0,0,0,64.25,27.11
106358,0,0,0,64.49,27.18
106407,0,0,0,64.37,27.46
106457,0,0,0,64.29,27.42
106507,0,0,0,64.29,27.46
106557,0,0,0,64.25,27.46
106609,0,0,0,64.18,27.70
106657,0,0,0,64.06,27.65
106715,0,0,0,63.94,27.18
106764,0,0,0,63.89,27.18
106807,0,0,0,64.06,27.42
106857,0,0,0,64.01,27.42
106909,0,0,0,63.94,27.46
106958,0,0,0,64.01,27.42
107015,0,0,0,63.89,27.22
107057,0,0,0,63.82,27.18
107107,0,0,0,64.01,27.18
107159,0,0,0,64.06,27.11
107207,0,0,0,63.77,27.42
107257,0,0,0,63.70,27.34
107307,0,0,0,63.53,27.30
107357,0,0,0,63.46,27.34
107407,0,0,0,63.46,27.11
107457,0,0,0,63.58,27.30
107510,0,0,0,63.70,27.06
107557,0,0,0,63.58,27.22
107616,0,0,0,63.58,27.34
107665,0,0,0,63.41,27.06
107725,0,0,0,63.46,27.30
107757,0,0,0,63.65,27.30
107810,0,0,0,63.53,27.42
107857,0,0,0,63.58,27.18
107907,0,0,0,63.34,27.30
107957,0,0,0,63.34,27.11
108007,0,1,0,63.29,27.46
108057,0,1,0,60.60,29.25
108107,0,1,0,59.00,29.61
108157,0,0,0,47.32,45.15
108217,0,1,0,41.27,30.87
108257,0,1,0,37.95,38.33
108307,0,1,0,34.07,33.49
108360,0,1,0,32.23,31.94
108416,0,1,0,31.75,31.90
108461,0,1,0,31.52,31.66
108507,0,1,0,31.52,31.66
108559,0,1,0,31.68,31.30
108607,0,1,0,31.68,31.78
108657,0,1,0,31.52,31.78
108707,0,1,0,31.56,31.78
108757,0,1,0,31.44,31.59
108807,0,1,0,31.56,31.54
108857,0,1,0,31.52,31.47
108917,0,1,0,31.44,31.54
108957,0,1,0,31.32,31.66
109007,0,1,0,31.32,31.54
109057,0,1,0,31.28,32.06
109109,0,1,0,31.21,31.83
109165,0,1,0,31.44,31.66
109207,0,1,0,31.44,31.42
109257,0,1,0,31.52,31.42
109307,0,1,0,31.32,31.30
109357,0,1,0,31.32,31.42
109407,0,1,0,31.52,31.54
109457,0,1,0,31.52,31.42
109512,0,1,0,31.56,31.23
109558,0,1,0,31.32,31.42
109609,0,1,0,31.40,30.94
109662,0,1,0,31.40,31.47
109715,0,0,0,31.32,31.47
109767,0,0,0,34.85,30.47
109807,0,0,0,31.40,31.18
109877,0,0,0,31.09,31.59
109907,0,0,0,31.09,31.54
109957,0,0,0,31.16,31.18
110007,0,0,0,31.21,30.94
110058,1,0,1,31.16,31.23
110107,0,0,0,31.99,2.79
110157,0,0,0,73.28,28.01
110207,0,0,0,64.13,28.49
110257,0,0,0,64.29,28.77
110307,0,0,0,64.13,28.85
110357,0,0,0,63.94,28.73
110407,0,0,0,63.94,28.77
110457,0,0,0,63.77,28.89
110507,0,0,0,63.58,28.65
110564,0,0,0,63.46,28.61
110609,0,0,0,63.82,28.73
110658,0,0,0,63.41,28.77
110707,0,0,0,62.86,28.18
110758,0,0,0,62.70,28.25
110816,0,0,0,62.75,28.85
110860,0,0,0,62.75,28.65
110907,0,0,0,62.75,28.73
110962,0,0,0,62.51,28.77
111009,0,0,0,62.63,28.73
111057,0,0,0,62.70,28.89
111109,0,0,0,62.39,28.25
111157,0,0,0,62.34,28.49
111209,0,0,0,62.27,29.13
111262,0,0,0,62.15,28.85
111316,0,0,0,62.15,28.73
111357,0,0,0,62.15,28.73
111407,0,0,0,62.03,28.85
111465,0,0,0,62.10,28.85
111517,0,0,0,61.98,28.77
111557,0,0,0,61.98,28.96
111607,0,0,0,61.98,29.08
111696,0,0,0,61.98,29.01
111709,0,0,0,61.74,28.89
111757,0,0,0,61.74,28.77
111810,0,0,0,61.79,29.01
111857,0,0,0,62.10,28.85
111907,0,0,0,61.67,28.89
111960,0,0,0,61.43,28.61
112007,0,0,0,61.62,28.85
112058,0,0,0,61.55,28.89
112112,0,0,0,61.51,28.85
112166,0,0,0,61.39,28.73
112207,0,0,0,61.39,28.77
112257,0,0,0,61.31,28.77
112311,0,0,0,61.43,28.65
112357,0,0,0,61.31,28.73
112407,0,0,0,61.27,28.85
112460,0,0,0,61.03,28.89
112516,0,0,0,61.31,28.77
112557,0,0,0,61.20,28.73
112607,0,0,0,61.08,28.85
112657,0,0,0,61.20,28.85
112707,0,0,0,61.20,28.85
112766,0,0,0,60.96,28.77
112807,0,0,0,61.03,28.65
112867,0,0,0,60.60,28.73
112907,0,0,0,60.72,28.65
112957,0,0,0,60.91,28.85
113007,0,0,0,60.79,28.89
113057,0,0,0,60.96,28.42
113107,0,0,0,60.84,28.49
113157,0,0,0,60.96,28.61
113207,0,0,0,60.91,28.89
113257,0,0,0,60.96,28.85
113313,0,0,0,60.79,28.65
113357,0,0,0,60.79,28.89
113407,0,0,0,60.79,28.77
113457,0,0,0,60.48,28.85
113546,0,0,0,60.48,28.49
113557,0,0,0,60.60,28.85
113610,0,0,0,60.55,29.08
113663,0,0,0,60.72,28.77
113707,0,0,0,60.67,28.77
113766,0,1,0,60.55,28.61
113807,0,1,0,58.93,30.63
113858,0,1,0,56.79,30.99
113907,0,0,0,46.06,43.91
113960,0,1,0,44.22,30.71
114007,0,1,0,37.05,35.71
114057,0,1,0,34.07,33.80
114111,0,1,0,33.11,32.85
114157,0,1,0,32.64,32.66
114211,0,1,0,32.59,32.73
114262,0,1,0,32.59,32.97
114307,0,1,0,32.47,32.73
114357,0,1,0,32.47,32.49
114407,0,1,0,32.47,32.49
114457,0,1,0,32.40,32.61
114507,0,1,0,32.47,32.42
114561,0,1,0,32.28,32.66
114611,0,1,0,32.11,32.25
114663,0,1,0,32.28,32.42
114714,0,1,0,32.23,32.42
114757,0,1,0,32.28,32.42
114811,0,1,0,32.23,32.14
114858,0,1,0,32.28,32.25
114911,0,1,0,31.87,32.42
114957,0,1,0,32.11,32.37
115017,0,1,0,32.23,31.94
115063,0,1,0,32.35,31.94
115107,0,1,0,32.35,31.83
115163,0,1,0,32.40,32.37
115207,0,1,0,32.28,32.37
115257,0,1,0,32.23,32.18
115307,0,1,0,32.35,32.42
115357,0,1,0,32.23,32.14
115407,0,1,0,32.16,32.30
115457,0,0,0,32.11,32.30
115507,0,0,0,30.13,31.54
115557,0,0,0,32.04,32.06
115607,0,0,0,32.16,32.06
115660,0,0,0,32.35,31.90
115713,0,0,0,31.99,32.18
115757,1,0,1,32.11,32.14
115813,0,0,1,35.74,6.01
115857,0,0,0,50.94,3.74
115907,0,0,0,69.83,26.51
115957,0,0,0,70.90,27.42
116007,0,0,0,70.61,27.58
116067,0,0,0,70.42,27.53
116107,0,0,0,70.25,27.53
116157,0,0,0,70.14,27.70
116207,0,0,0,69.71,28.01
116257,0,0,0,69.66,28.06
116307,0,0,0,69.66,27.53
116360,0,0,0,69.59,27.82
116416,0,0,0,69.30,27.65
116457,0,0,0,69.18,27.70
116507,0,0,0,69.23,27.70
116562,0,0,0,69.54,27.82
116607,0,0,0,69.06,27.70
116659,0,0,0,68.99,27.65
116707,0,0,0,68.82,28.13
116759,0,0,0,68.63,28.18
116812,0,0,0,68.87,27.42
116865,0,0,0,68.75,27.82
116907,0,0,0,68.47,27.89
116957,0,0,0,68.42,27.77
117007,0,0,0,68.30,27.82
117057,0,0,0,68.23,27.94
117111,0,0,0,68.11,27.82
117163,0,0,0,68.11,27.89
117242,0,0,0,68.47,27.94
117259,0,0,0,68.11,28.01
117307,0,0,0,67.87,27.89
117357,0,0,0,67.70,27.89
117407,0,0,0,67.58,28.13
117457,0,0,0,67.58,28.13
117508,0,0,0,67.75,28.01
117557,0,0,0,67.75,27.82
117607,0,0,0,67.51,27.82
117657,0,0,0,67.58,28.06
117707,0,0,0,67.47,28.01
117757,0,0,0,67.47,28.06
117807,0,0,0,67.58,28.18
117857,0,0,0,67.47,28.25
117907,0,0,0,67.39,28.25
117959,0,0,0,67.35,27.77
118009,0,0,0,67.47,27.82
118057,0,0,0,67.35,27.94
118111,0,0,0,67.16,28.18
118157,0,0,0,67.11,27.89
118214,0,0,0,67.27,27.89
118257,0,0,0,67.23,27.65
118307,0,0,0,67.11,27.77
118357,0,0,0,66.92,27.77
118410,0,0,0,66.92,27.77
118463,0,0,0,66.87,27.89
118508,0,0,0,66.99,28.06
118557,0,0,0,66.87,27.89
118607,0,0,0,66.87,27.82
118658,0,0,0,66.99,28.01
118708,0,0,0,66.68,28.01
118757,0,0,0,66.80,27.82
118817,0,0,0,66.80,27.82
118857,0,0,0,66.80,27.94
118907,0,0,0,66.87,27.94
118957,0,0,0,66.51,28.01
119017,0,0,0,66.56,28.01
119064,0,0,0,66.75,27.94
119107,0,0,0,66.51,27.94
119159,0,0,0,66.39,27.82
119207,0,0,0,66.39,27.89
119260,0,0,0,66.56,27.94
119312,0,0,0,66.39,27.89
119365,0,0,0,66.56,27.89
119407,0,1,0,66.39,27.82
119457,0,1,0,63.58,29.97
119507,0,0,0,52.30,48.44
119557,0,1,0,39.48,30.28
119613,0,1,0,39.43,38.57
119657,0,1,0,35.33,35.00
119707,0,1,0,33.18,33.26
119758,0,1,0,32.64,32.85
119807,0,1,0,32.52,32.73
119863,0,1,0,32.35,32.42
119907,0,1,0,32.47,32.37
119957,0,1,0,32.35,32.49
120007,0,1,0,32.23,32.37
120057,0,1,0,32.35,32.49
120107,0,1,0,32.28,32.49
120157,0,1,0,32.59,32.54
120212,0,1,0,32.76,32.30
120259,0,1,0,32.40,32.14
120313,0,1,0,32.11,32.42
120357,0,1,0,32.35,32.30
120407,0,1,0,32.35,32.30
120457,0,1,0,32.35,32.25
120507,0,1,0,32.28,32.42
120557,0,1,0,32.16,32.42
120608,0,1,0,32.16,32.42
120657,0,1,0,32.16,32.49
120707,0,1,0,32.11,32.37
120757,0,1,0,32.23,32.37
120807,0,1,0,32.16,32.37
120857,0,1,0,32.23,32.30
120907,0,1,0,32.28,32.30
120996,0,1,0,32.11,32.25
121007,0,1,0,32.11,32.54
121057,0,1,0,32.23,32.49
121107,0,0,0,32.23,32.18
121157,0,0,0,33.23,31.54
121207,0,0,0,32.28,32.14
121259,0,0,0,32.40,32.18
121307,0,0,0,32.28,32.14
121358,0,0,0,32.35,32.14
121411,1,0,1,32.52,32.18
121461,0,0,0,33.83,4.29
121511,0,0,0,55.95,28.65
121557,0,0,0,69.71,29.49
121607,0,0,0,67.63,29.44
121663,0,0,0,66.92,29.61
121707,0,0,0,66.99,29.56
121757,0,0,0,66.75,29.49
121807,0,0,0,66.68,29.68
121857,0,0,0,66.80,29.80
121907,0,0,0,66.75,29.61
121957,0,0,0,66.15,29.56
122015,0,0,0,66.20,29.68
122057,0,0,0,66.03,29.73
122116,0,0,0,65.84,29.61
122157,0,0,0,65.84,29.56
122207,0,0,0,65.68,29.56
122261,0,0,0,65.68,29.44
122307,0,0,0,65.61,29.97
122359,0,0,0,65.37,29.73
122422,0,0,0,65.56,29.68
122464,0,0,0,65.61,29.44
122513,0,0,0,65.25,29.61
122560,0,0,0,65.01,29.68
122626,0,0,0,65.32,29.49
122657,0,0,0,65.25,29.92
122707,0,0,0,65.25,29.85
122757,0,0,0,65.13,29.68
122837,0,0,0,65.01,29.85
122857,0,0,0,64.84,29.61
122907,0,0,0,64.72,29.68
122961,0,0,0,64.72,29.80
123013,0,0,0,64.72,29.85
123057,0,0,0,64.65,29.61
123107,0,0,0,64.72,29.68
123157,0,0,0,64.65,29.68
123207,0,0,0,64.53,29.61
123257,0,0,0,64.60,29.73
123310,0,0,0,64.41,29.73
123358,0,0,0,64.53,29.61
123416,0,0,0,64.53,29.92
123457,0,0,0,64.53,29.44
123511,0,0,0,64.41,29.37
123565,0,0,0,64.37,29.61
123613,0,0,0,64.37,29.49
123657,0,0,0,64.29,29.73
123717,0,0,0,64.25,29.92
123757,0,0,0,64.18,29.68
123807,0,0,0,64.18,29.49
123857,0,0,0,64.29,29.73
123907,0,0,0,64.29,29.68
123957,0,0,0,64.18,29.61
124007,0,0,0,63.82,29.68
124058,0,0,0,63.82,29.61
124110,0,0,0,64.18,29.56
124157,0,0,0,64.25,29.73
124207,0,0,0,64.13,29.68
124263,0,0,0,64.01,29.92
124307,0,0,0,63.89,29.92
124357,0,0,0,63.89,29.61
124417,0,0,0,63.89,29.68
124457,0,0,0,63.82,29.68
124507,0,0,0,63.77,29.68
124557,0,0,0,63.77,29.56
124607,0,0,0,63.46,29.56
124660,0,0,0,63.53,29.80
124717,0,0,0,63.82,29.68
124757,0,0,0,63.82,29.61
124809,0,0,0,63.70,29.97
124857,0,0,0,63.65,29.80
124907,0,0,0,63.53,29.56
124957,0,0,0,63.53,29.68
125007,0,0,0,63.58,29.56
125057,0,1,0,63.65,29.56
125107,0,1,0,60.84,31.47
125157,0,0,0,53.92,48.56
125207,0,1,0,41.03,34.33
125257,0,1,0,40.91,39.67
125307,0,1,0,36.45,36.12
125362,0,1,0,34.42,34.04
125415,0,1,0,33.71,33.80
125457,0,1,0,33.54,33.73
125507,0,1,0,33.47,33.61
125559,0,1,0,33.54,33.68
125616,0,1,0,33.47,33.57
125657,0,1,0,33.47,33.57
125707,0,1,0,33.42,33.57
125757,0,1,0,33.42,33.49
125807,0,1,0,33.35,33.45
125857,0,1,0,33.54,33.33
125917,0,1,0,33.59,33.26
125957,0,1,0,33.35,33.33
126010,0,1,0,33.30,33.26
126057,0,1,0,33.23,33.33
126113,0,1,0,33.35,33.21
126166,0,1,0,33.66,33.09
126216,0,1,0,33.47,33.33
126257,0,1,0,33.35,33.45
126307,0,1,0,33.30,33.26
126360,0,1,0,33.30,33.14
126413,0,1,0,33.30,33.57
126457,0,1,0,33.11,33.33
126506,0,1,0,33.18,33.26
126567,0,1,0,33.23,33.21
126610,0,1,0,33.30,33.57
126657,0,1,0,33.07,33.57
126713,0,1,0,32.99,32.78
126757,0,0,0,33.07,32.97
126816,0,0,0,35.21,34.45
126857,0,0,0,33.07,33.14
126907,0,0,0,33.07,32.97
126958,0,0,0,32.83,33.02
127008,0,0,0,32.83,32.85
127067,1,0,1,33.30,32.90
127115,0,0,1,34.78,11.09
127157,0,0,0,57.14,4.41
127207,0,0,0,58.57,28.01
127257,0,0,0,61.03,28.89
127307,0,0,0,61.03,28.96
127360,0,0,0,61.31,28.96
127407,0,0,0,61.15,29.08
127467,0,0,0,60.48,28.65
127507,0,0,0,60.43,28.85
127566,0,0,0,60.72,29.20
127607,0,0,0,60.67,29.13
127657,0,0,0,60.43,29.20
127707,0,0,0,60.43,29.20
127757,0,0,0,60.36,29.08
127809,0,0,0,60.31,29.20
127861,0,0,0,60.31,29.32
127907,0,0,0,60.19,29.25
127957,0,0,0,60.36,29.13
128016,0,0,0,60.24,29.13
128066,0,0,0,59.88,29.32
128107,0,0,0,59.96,29.37
128166,0,0,0,60.00,29.25
128217,0,0,0,59.88,29.25
128257,0,0,0,59.88,29.44
128307,0,0,0,59.72,29.44
128360,0,0,0,59.72,29.13
128411,0,0,0,59.60,29.37
128457,0,0,0,59.65,29.20
128519,0,0,0,59.65,29.37
128557,0,0,0,59.36,29.49
128617,0,0,0,59.29,29.49
128657,0,0,0,59.12,29.13
128722,0,0,0,59.17,29.13
128757,0,0,0,59.24,29.44
128807,0,0,0,59.48,29.37
128858,0,0,0,59.48,29.37
128915,0,0,0,59.36,29.37
128956,0,0,0,59.48,29.44
129010,0,0,0,59.36,29.44
129057,0,0,0,59.29,29.37
129106,0,0,0,59.05,29.37
129165,0,0,0,59.29,29.37
129209,0,0,0,59.17,29.44
129260,0,0,0,59.05,29.44
129311,0,0,0,59.12,29.25
129357,0,0,0,59.00,29.44
129407,0,0,0,58.81,29.32
129461,0,0,0,59.05,29.01
129512,0,0,0,59.12,28.89
129556,0,0,0,59.12,29.32
129613,0,0,0,58.81,29.44
129657,0,0,0,58.76,29.44
129726,0,0,0,59.05,29.25
129763,0,0,0,59.24,29.13
129807,0,0,0,58.72,29.56
129857,0,0,0,58.57,29.49
129911,0,0,0,58.72,29.25
129961,0,0,0,58.88,29.20
130007,0,0,0,58.72,29.37
130060,0,0,0,58.76,29.37
130123,0,0,0,58.72,29.32
130157,0,0,0,58.62,29.32
130213,0,0,0,58.93,29.44
130257,0,0,0,58.88,29.44
130307,0,0,0,58.57,29.13
130357,0,0,0,58.38,29.08
130414,0,0,0,58.57,29.20
130457,0,0,0,58.88,29.37
130507,0,0,0,58.57,29.32
130557,0,0,0,58.57,29.32
130611,0,0,0,58.38,29.37
130658,0,0,0,58.38,29.44
130713,0,0,0,58.45,29.37
130756,0,1,0,58.50,29.37
130807,0,1,0,56.19,31.11
130857,0,1,0,54.76,31.30
130908,0,1,0,52.54,31.42
130960,0,1,0,50.71,31.54
131014,0,1,0,48.51,31.66
131057,0,1,0,46.84,31.94
131106,0,1,0,45.46,32.06
131156,0,1,0,43.51,32.25
131209,0,1,0,42.43,32.37
131262,0,1,0,40.98,32.49
131313,0,1,0,39.91,32.54
131366,0,1,0,38.83,32.66
131407,0,1,0,37.52,32.85
131457,0,1,0,37.05,32.90
131517,0,1,0,36.09,32.73
131556,0,1,0,35.74,32.78
131607,0,1,0,34.90,32.90
131663,0,1,0,34.30,33.21
131716,0,1,0,34.07,32.78
131756,0,1,0,33.54,32.73
131812,0,1,0,33.30,32.66
131857,0,1,0,32.87,32.54
131907,0,1,0,33.30,32.78
131961,0,1,0,32.99,32.78
132007,0,1,0,32.95,32.78
132057,0,1,0,32.47,32.78
132106,0,1,0,32.11,32.54
132156,0,1,0,32.28,32.61
132208,0,1,0,32.71,32.73
132257,0,1,0,32.47,32.73
132306,0,1,0,32.64,32.73
132356,0,1,0,32.64,32.78
132421,0,1,0,32.64,32.66
132467,0,0,0,32.28,32.73
132509,0,0,0,32.52,32.73
132564,0,0,0,32.83,32.37
132607,0,0,0,32.47,32.30
132668,0,0,0,32.83,32.61
132707,0,0,0,32.40,32.49
132771,1,0,1,32.76,32.61
132810,0,0,1,34.07,9.96
132859,0,0,0,51.47,3.98
132912,0,0,0,41.86,28.37
132956,0,0,0,43.08,28.37
133007,0,0,0,43.32,28.37
133057,0,0,0,42.67,28.73
133116,0,0,0,42.84,28.73
133156,0,0,0,43.27,28.61
133207,0,0,0,42.84,28.61
133258,0,0,0,42.79,28.61
133314,0,0,0,42.91,28.54
133370,0,0,0,42.91,29.08
133416,0,0,0,42.96,29.08
133478,0,0,0,42.79,28.73
133507,0,0,0,42.79,28.65
133556,0,0,0,43.15,28.77
133607,0,0,0,42.91,28.77
133659,0,0,0,43.03,28.61
133707,0,0,0,43.15,28.73
133763,0,0,0,42.91,29.37
133806,0,0,0,43.15,28.96
133880,0,0,0,42.72,28.37
133907,0,0,0,42.91,28.30
133962,0,0,0,42.96,28.61
134007,0,0,0,42.84,28.65
134057,0,0,0,42.79,28.65
134114,0,0,0,42.84,28.73
134156,0,0,0,42.79,28.85
