Time,V1,V2,V3,Pressure1,Pressure2
110,0,1,0,0.00,0.00
126,0,1,0,0.10,0.15
142,0,1,0,0.20,0.30
157,0,1,0,0.30,0.45
174,0,1,0,0.40,0.60
189,0,1,0,0.50,0.75
205,0,1,0,0.60,0.90
221,0,1,0,0.70,1.05
236,0,1,0,0.80,1.20
251,0,1,0,0.90,1.35
267,0,1,0,1.00,1.50
282,0,1,0,1.10,1.65
298,0,1,0,1.20,1.80
313,0,1,0,1.30,1.95
329,0,1,0,1.40,2.10
345,0,1,0,1.50,2.25
360,0,1,0,1.60,2.40
375,0,1,0,1.70,2.55
391,0,1,0,1.80,2.70
407,0,1,0,1.90,2.85
423,0,1,0,2.00,3.00
438,0,1,0,2.10,3.15
454,0,1,0,2.20,3.30
469,0,1,0,2.30,3.45
485,0,1,0,2.40,3.60
501,0,1,0,2.50,3.75
517,0,1,0,2.60,3.90
532,0,1,0,2.70,4.05
548,0,1,0,2.80,4.20
563,0,1,0,2.90,4.35
579,0,1,0,3.00,4.50
595,0,1,0,3.10,4.65
611,0,1,0,3.20,4.80
627,0,1,0,3.30,4.95
642,0,1,0,3.40,5.10
658,0,1,0,3.50,5.25
674,0,1,0,3.60,5.40
690,0,1,0,3.70,5.55
707,0,1,0,3.80,5.70
723,0,1,0,3.90,5.85
738,0,1,0,4.00,6.00
753,0,1,0,4.10,6.15
768,0,1,0,4.20,6.30
784,0,1,0,4.30,6.45
800,0,1,0,4.40,6.60
815,0,1,0,4.50,6.75
832,0,1,0,4.60,6.90
847,0,1,0,4.70,7.05
863,0,1,0,4.80,7.20
880,0,1,0,4.90,7.35
895,0,1,0,5.00,7.50
911,0,1,0,5.10,7.65
927,0,1,0,5.20,7.80
941,0,1,0,5.30,7.95
957,0,1,0,5.40,8.10
972,0,1,0,5.50,8.25
988,0,1,0,5.60,8.40
1004,0,1,0,5.70,8.55
1019,0,1,0,5.80,8.70
1035,0,1,0,5.90,8.85
1051,0,1,0,6.00,9.00
1066,0,1,0,6.10,9.15
1081,0,1,0,6.20,9.30
1097,0,1,0,6.30,9.45
1113,0,1,0,6.40,9.60
1128,0,1,0,6.50,9.75
1144,0,1,0,6.60,9.90
1159,0,1,0,6.70,10.05
1174,0,1,0,6.80,10.20
1190,0,1,0,6.90,10.35
1205,0,1,0,7.00,10.50
1221,0,1,0,7.10,10.65
1236,0,1,0,7.20,10.80
1252,0,1,0,7.30,10.95
1267,0,1,0,7.40,11.10
1283,0,1,0,7.50,11.25
1299,0,1,0,7.60,11.40
1314,0,1,0,7.70,11.55
1330,0,1,0,7.80,11.70
1346,0,1,0,7.90,11.85
1362,0,1,0,8.00,12.00
1377,0,1,0,8.10,12.15
1392,0,1,0,8.20,12.30
1408,0,1,0,8.30,12.45
1423,0,1,0,8.40,12.60
1439,0,1,0,8.50,12.75
1455,0,1,0,8.60,12.90
1470,0,1,0,8.70,13.05
1486,0,1,0,8.80,13.20
1502,0,1,0,8.90,13.35
1518,0,1,0,9.00,13.50
1534,0,1,0,9.10,13.65
1549,0,1,0,9.20,13.80
1565,0,1,0,9.30,13.95
1581,0,1,0,9.40,14.10
1597,0,1,0,9.50,14.25
1613,0,1,0,9.60,14.40
1628,0,1,0,9.70,14.55
1644,0,1,0,9.80,14.70
1660,0,1,0,9.90,14.85
1675,0,1,0,10.00,15.00
1691,0,1,0,10.10,15.15
1706,0,1,0,10.20,15.30
1721,0,1,0,10.30,15.45
1736,0,1,0,10.40,15.60
1752,0,1,0,10.50,15.75
1768,0,1,0,10.60,15.90
1783,0,1,0,10.70,16.05
1799,0,1,0,10.80,16.20
1815,0,1,0,10.90,16.35
1830,0,1,0,11.00,16.50
1846,0,1,0,11.10,16.65
1862,0,1,0,11.20,16.80
1878,0,1,0,11.30,16.95
1893,0,1,0,11.40,17.10
1909,0,1,0,11.50,17.25
1925,0,1,0,11.60,17.40
1940,0,1,0,11.70,17.55
1956,0,1,0,11.80,17.70
1972,0,1,0,11.90,17.85
1987,0,1,0,12.00,18.00
2002,0,1,0,12.10,18.15
2018,0,1,0,12.20,18.30
2034,0,1,0,12.30,18.45
2050,0,1,0,12.40,18.60
2066,0,1,0,12.50,18.75
2081,0,1,0,12.60,18.90
2097,0,1,0,12.70,19.05
2113,0,1,0,12.80,19.20
2130,0,1,0,12.90,19.35
2145,0,1,0,13.00,19.50
2162,0,1,0,13.10,19.65
2177,0,1,0,13.20,19.80
2193,0,1,0,13.30,19.95
2208,0,1,0,13.40,20.10
2223,0,1,0,13.50,20.25
2239,0,1,0,13.60,20.40
2256,0,1,0,13.70,20.55
2271,0,1,0,13.80,20.70
2287,0,1,0,13.90,20.85
2302,0,1,0,14.00,21.00
2318,0,1,0,14.10,21.15
2334,0,1,0,14.20,21.30
2350,0,1,0,14.30,21.45
2366,0,1,0,14.40,21.60
2381,0,1,0,14.50,21.75
2396,0,1,0,14.60,21.90
2412,0,1,0,14.70,22.05
2428,0,1,0,14.80,22.20
2444,0,1,0,14.90,22.35
2459,0,1,0,15.00,22.50
2475,0,1,0,15.10,22.65
2491,0,1,0,15.20,22.80
2507,0,1,0,15.30,22.95
2523,0,1,0,15.40,23.10
2539,0,1,0,15.50,23.25
2556,0,1,0,15.60,23.40
2571,0,1,0,15.70,23.55
2587,0,1,0,15.80,23.70
2603,0,1,0,15.90,23.85
2619,0,1,0,16.00,24.00
2635,0,1,0,16.10,24.15
2651,0,1,0,16.20,24.30
2667,0,1,0,16.30,24.45
2683,0,1,0,16.40,24.60
2698,0,1,0,16.50,24.75
2714,0,1,0,16.60,24.90
2731,0,1,0,16.70,25.05
2747,0,1,0,16.80,25.20
2762,0,1,0,16.90,25.35
2778,0,1,0,17.00,25.50
2793,0,1,0,17.10,25.65
2810,0,1,0,17.20,25.80
2825,0,1,0,17.30,25.95
2841,0,1,0,17.40,26.10
2857,0,1,0,17.50,26.25
2872,0,1,0,17.60,26.40
2888,0,1,0,17.70,26.55
2903,0,1,0,17.80,26.70
2919,0,1,0,17.90,26.85
2935,0,1,0,18.00,27.00
2951,0,1,0,18.10,27.15
2967,0,1,0,18.20,27.30
2983,0,1,0,18.30,27.45
2998,0,1,0,18.40,27.60
3014,0,1,0,18.50,27.75
3030,0,1,0,18.60,27.90
3046,0,1,0,18.70,28.05
3062,0,1,0,18.80,28.20
3078,0,1,0,18.90,28.35
3093,0,1,0,19.00,28.50
3109,0,1,0,19.10,28.65
3125,0,1,0,19.20,28.80
3140,0,1,0,19.30,28.95
3156,0,1,0,19.40,29.10
3172,0,1,0,19.50,29.25
3187,0,1,0,19.60,29.40
3203,0,1,0,19.70,29.55
3219,0,1,0,19.80,29.70
3234,0,1,0,19.90,29.85
3250,0,1,0,20.00,30.00
3267,0,1,0,20.10,30.15
3282,0,1,0,20.20,30.30
3298,0,1,0,20.30,30.45
3314,0,1,0,20.40,30.60
3329,0,1,0,20.50,30.75
3344,0,1,0,20.60,30.90
3360,0,1,0,20.70,31.05
3375,0,1,0,20.80,31.20
3392,0,1,0,20.90,31.35
3407,0,1,0,21.00,31.50
3423,0,1,0,21.10,31.65
3439,0,1,0,21.20,31.80
3454,0,1,0,21.30,31.95
3470,0,1,0,21.40,32.10
3485,0,1,0,21.50,32.25
3501,0,1,0,21.60,32.40
3517,0,1,0,21.70,32.55
3533,0,1,0,21.80,32.70
3549,0,1,0,21.90,32.85
3565,0,1,0,22.00,33.00
3581,0,1,0,22.10,33.15
3597,0,1,0,22.20,33.30
3612,0,1,0,22.30,33.45
3627,0,1,0,22.40,33.60
3643,0,1,0,22.50,33.75
3659,0,1,0,22.60,33.90
3675,0,1,0,22.70,34.05
3692,0,1,0,22.80,34.20
3707,0,1,0,22.90,34.35
3723,0,1,0,23.00,34.50
3739,0,1,0,23.10,34.65
3755,0,1,0,23.20,34.80
3770,0,1,0,23.30,34.95
3786,0,1,0,23.40,35.10
3802,0,1,0,23.50,35.25
3818,0,1,0,23.60,35.40
3834,0,1,0,23.70,35.55
3849,0,1,0,23.80,35.70
3864,0,1,0,23.90,35.85
3884,0,1,0,24.00,36.00
3896,0,1,0,24.10,36.15
3912,0,1,0,24.20,36.30
3927,0,1,0,24.30,36.45
3942,0,1,0,24.40,36.60
3959,0,1,0,24.50,36.75
3974,0,1,0,24.60,36.90
3990,0,1,0,24.70,37.05
4005,0,1,0,24.80,37.20
4022,0,1,0,24.90,37.35
4037,0,1,0,25.00,37.50
4052,0,1,0,25.10,37.65
4068,0,1,0,25.20,37.80
4084,0,1,0,25.30,37.95
4099,0,1,0,25.40,38.10
4115,0,1,0,25.50,38.25
4131,0,1,0,25.60,38.40
4147,0,1,0,25.70,38.55
4163,0,1,0,25.80,38.70
4179,0,1,0,25.90,38.85
4194,0,1,0,26.00,39.00
4210,0,1,0,26.10,39.15
4226,0,1,0,26.20,39.30
4242,0,1,0,26.30,39.45
4257,0,1,0,26.40,39.60
4273,0,1,0,26.50,39.75
4289,0,1,0,26.60,39.90
4305,0,1,0,26.70,40.05
4321,0,1,0,26.80,40.20
4337,0,1,0,26.90,40.35
4352,0,1,0,27.00,40.50
4368,0,1,0,27.10,40.65
4384,0,1,0,27.20,40.80
4400,0,1,0,27.30,40.95
4416,0,1,0,27.40,41.10
4431,0,1,0,27.50,41.25
4447,0,1,0,27.60,41.40
4463,0,1,0,27.70,41.55
4478,0,1,0,27.80,41.70
4493,0,1,0,27.90,41.85
4509,0,1,0,28.00,42.00
4525,0,1,0,28.10,42.15
4540,0,1,0,28.20,42.30
4557,0,1,0,28.30,42.45
4573,0,1,0,28.40,42.60
4589,0,1,0,28.50,42.75
4605,0,1,0,28.60,42.90
4621,0,1,0,28.70,43.05
4637,0,1,0,28.80,43.20
4653,0,1,0,28.90,43.35
4669,0,1,0,29.00,43.50
4685,0,1,0,29.10,43.65
4702,0,1,0,29.20,43.80
4717,0,1,0,29.30,43.95
4733,0,1,0,29.40,44.10
4749,0,1,0,29.50,44.25
4765,0,1,0,29.60,44.40
4781,0,1,0,29.70,44.55
4796,0,1,0,29.80,44.70
4812,0,1,0,29.90,44.85
4828,0,1,0,30.00,45.00
4844,0,1,0,30.10,45.15
4859,0,1,0,30.20,45.30
4875,0,1,0,30.30,45.45
4891,0,1,0,30.40,45.60
4906,0,1,0,30.50,45.75
4921,0,1,0,30.60,45.90
4937,0,1,0,30.70,46.05
4953,0,1,0,30.80,46.20
4968,0,1,0,30.90,46.35
4984,0,1,0,31.00,46.50
4999,0,1,0,31.10,46.65
5015,0,1,0,31.20,46.80
5031,0,1,0,31.30,46.95
5047,0,1,0,31.40,47.10
5062,0,1,0,31.50,47.25
5078,0,1,0,31.60,47.40
5094,0,1,0,31.70,47.55
5109,0,1,0,31.80,47.70
5124,0,1,0,31.90,47.85
5140,0,1,0,32.00,48.00
5156,0,1,0,32.10,48.15
5172,0,1,0,32.20,48.30
5187,0,1,0,32.30,48.45
5204,0,1,0,32.40,48.60
5219,0,1,0,32.50,48.75
5235,0,1,0,32.60,48.90
5251,0,1,0,32.70,49.05
5266,0,1,0,32.80,49.20
5282,0,1,0,32.90,49.35
5298,0,1,0,33.00,49.50
5314,0,1,0,33.10,49.65
5330,0,1,0,33.20,49.80
5346,0,1,0,33.30,49.95
5361,0,1,0,33.40,50.10
5376,0,1,0,33.50,50.25
5392,0,1,0,33.60,50.40
5407,0,1,0,33.70,50.55
5424,0,1,0,33.80,50.70
5439,0,1,0,33.90,50.85
5455,0,1,0,34.00,51.00
5471,0,1,0,34.10,51.15
5487,0,1,0,34.20,51.30
5503,0,1,0,34.30,51.45
5519,0,1,0,34.40,51.60
5535,0,1,0,34.50,51.75
5550,0,1,0,34.60,51.90
5566,0,1,0,34.70,52.05
5582,0,1,0,34.80,52.20
5599,0,1,0,34.90,52.35
5616,0,1,0,35.00,52.50
5631,0,1,0,35.10,52.65
5646,0,1,0,35.20,52.80
5662,0,1,0,35.30,52.95
5678,0,1,0,35.40,53.10
5693,0,1,0,35.50,53.25
5709,0,1,0,35.60,53.40
5725,0,1,0,35.70,53.55
5740,0,1,0,35.80,53.70
5757,0,1,0,35.90,53.85
5773,0,1,0,36.00,54.00
5789,0,1,0,36.10,54.15
5804,0,1,0,36.20,54.30
5820,0,1,0,36.30,54.45
5835,0,1,0,36.40,54.60
5851,0,1,0,36.50,54.75
5867,0,1,0,36.60,54.90
5883,0,1,0,36.70,55.05
5898,0,1,0,36.80,55.20
5914,0,1,0,36.90,55.35
5929,0,1,0,37.00,55.50
5945,0,1,0,37.10,55.65
5961,0,1,0,37.20,55.80
5977,0,1,0,37.30,55.95
5993,0,1,0,37.40,56.10
6008,0,1,0,37.50,56.25
6023,0,1,0,37.60,56.40
6038,0,1,0,37.70,56.55
6054,0,1,0,37.80,56.70
6070,0,1,0,37.90,56.85
6085,0,1,0,38.00,57.00
6101,0,1,0,38.10,57.15
6117,0,1,0,38.20,57.30
6133,0,1,0,38.30,57.45
6148,0,1,0,38.40,57.60
6164,0,1,0,38.50,57.75
6180,0,1,0,38.60,57.90
6196,0,1,0,38.70,58.05
6212,0,1,0,38.80,58.20
6228,0,1,0,38.90,58.35
6243,0,1,0,39.00,58.50
6259,0,1,0,39.10,58.65
6275,0,1,0,39.20,58.80
6290,0,1,0,39.30,58.95
6306,0,1,0,39.40,59.10
6322,0,1,0,39.50,59.25
6338,0,1,0,39.60,59.40
6353,0,1,0,39.70,59.55
6368,0,1,0,39.80,59.70
6384,0,1,0,39.90,59.85
6399,0,1,0,40.00,60.00
6415,0,1,0,40.10,60.15
6431,0,1,0,40.20,60.30
6446,0,1,0,40.30,60.45
6462,0,1,0,40.40,60.60
6478,0,1,0,40.50,60.75
6493,0,1,0,40.60,60.90
6510,0,1,0,40.70,61.05
6525,0,1,0,40.80,61.20
6541,0,1,0,40.90,61.35
6556,0,1,0,41.00,61.50
6571,0,1,0,41.10,61.65
6586,0,1,0,41.20,61.80
6602,0,1,0,41.30,61.95
6617,0,1,0,41.40,62.10
6634,0,1,0,41.50,62.25
6649,0,1,0,41.60,62.40
6664,0,1,0,41.70,62.55
6680,0,1,0,41.80,62.70
6696,0,1,0,41.90,62.85
6711,0,1,0,42.00,63.00
6727,0,1,0,42.10,63.15
6743,0,1,0,42.20,63.30
6759,0,1,0,42.30,63.45
6774,0,1,0,42.40,63.60
6790,0,1,0,42.50,63.75
6805,0,1,0,42.60,63.90
6820,0,1,0,42.70,64.05
6836,0,1,0,42.80,64.20
6851,0,1,0,42.90,64.35
6867,0,1,0,43.00,64.50
6883,0,1,0,43.10,64.65
6899,0,1,0,43.20,64.80
6915,0,1,0,43.30,64.95
6931,0,1,0,43.40,65.10
6947,0,1,0,43.50,65.25
6963,0,1,0,43.60,65.40
6978,0,1,0,43.70,65.55
6994,0,1,0,43.80,65.70
7010,0,1,0,43.90,65.85
7025,0,1,0,44.00,66.00
7041,0,1,0,44.10,66.15
7056,0,1,0,44.20,66.30
7073,0,1,0,44.30,66.45
7089,0,1,0,44.40,66.60
7104,0,1,0,44.50,66.75
7120,0,1,0,44.60,66.90
7136,0,1,0,44.70,67.05
7151,0,1,0,44.80,67.20
7167,0,1,0,44.90,67.35
7184,0,1,0,45.00,67.50
7200,0,1,0,45.10,67.65
7215,0,1,0,45.20,67.80
7232,0,1,0,45.30,67.95
7247,0,1,0,45.40,68.10
7264,0,1,0,45.50,68.25
7279,0,1,0,45.60,68.40
7295,0,1,0,45.70,68.55
7310,0,1,0,45.80,68.70
7326,0,1,0,45.90,68.85
7342,0,1,0,46.00,69.00
7357,0,1,0,46.10,69.15
7372,0,1,0,46.20,69.30
7389,0,1,0,46.30,69.45
7405,0,1,0,46.40,69.60
7421,0,1,0,46.50,69.75
7437,0,1,0,46.60,69.90
7453,0,1,0,46.70,70.05
7469,0,1,0,46.80,70.20
7485,0,1,0,46.90,70.35
7501,0,1,0,47.00,70.50
7516,0,1,0,47.10,70.65
7533,0,1,0,47.20,70.80
7547,0,1,0,47.30,70.95
7563,0,1,0,47.40,71.10
7579,0,1,0,47.50,71.25
7595,0,1,0,47.60,71.40
7610,0,1,0,47.70,71.55
7626,0,1,0,47.80,71.70
7641,0,1,0,47.90,71.85
7657,0,1,0,48.00,72.00
7673,0,1,0,48.10,72.15
7689,0,1,0,48.20,72.30
7705,0,1,0,48.30,72.45
7721,0,1,0,48.40,72.60
7736,0,1,0,48.50,72.75
7752,0,1,0,48.60,72.90
7769,0,1,0,48.70,73.05
7784,0,1,0,48.80,73.20
7800,0,1,0,48.90,73.35
7815,0,1,0,49.00,73.50
7831,0,1,0,49.10,73.65
7846,0,1,0,49.20,73.80
7862,0,1,0,49.30,73.95
7877,0,1,0,49.40,74.10
7893,0,1,0,49.50,74.25
7909,0,1,0,49.60,74.40
7925,0,1,0,49.70,74.55
7940,0,1,0,49.80,74.70
7956,0,1,0,49.90,74.85
7972,0,1,0,50.00,75.00
7987,0,1,0,50.10,75.15
8004,0,1,0,50.20,75.30
8020,0,1,0,50.30,75.45
8036,0,1,0,50.40,75.60
8052,0,1,0,50.50,75.75
8067,0,1,0,50.60,75.90
8083,0,1,0,50.70,76.05
8099,0,1,0,50.80,76.20
8114,0,1,0,50.90,76.35
8130,0,1,0,51.00,76.50
8146,0,1,0,51.10,76.65
8163,0,1,0,51.20,76.80
8179,0,1,0,51.30,76.95
8194,0,1,0,51.40,77.10
8210,0,1,0,51.50,77.25
8225,0,1,0,51.60,77.40
8241,0,1,0,51.70,77.55
8256,0,1,0,51.80,77.70
8272,0,1,0,51.90,77.85
8287,0,1,0,52.00,78.00
8304,0,1,0,52.10,78.15
8319,0,1,0,52.20,78.30
8335,0,1,0,52.30,78.45
8351,0,1,0,52.40,78.60
8366,0,1,0,52.50,78.75
8382,0,1,0,52.60,78.90
8399,0,1,0,52.70,79.05
8414,0,1,0,52.80,79.20
8430,0,1,0,52.90,79.35
8445,0,1,0,53.00,79.50
8462,0,1,0,53.10,79.65
8477,0,1,0,53.20,79.80
8493,0,1,0,53.30,79.95
8509,0,1,0,53.40,80.10
8525,0,1,0,53.50,80.25
8541,0,1,0,53.60,80.40
8556,0,1,0,53.70,80.55
8572,0,1,0,53.80,80.70
8589,0,1,0,53.90,80.85
8604,0,1,0,54.00,81.00
8620,0,1,0,54.10,81.15
8636,0,1,0,54.20,81.30
8652,0,1,0,54.30,81.45
8667,0,1,0,54.40,81.60
8683,0,1,0,54.50,81.75
8699,0,1,0,54.60,81.90
8715,0,1,0,54.70,82.05
8731,0,1,0,54.80,82.20
8746,0,1,0,54.90,82.35
8763,0,1,0,55.00,82.50
8779,0,1,0,55.10,82.65
8795,0,1,0,55.20,82.80
8810,0,1,0,55.30,82.95
8825,0,1,0,55.40,83.10
8841,0,1,0,55.50,83.25
8856,0,1,0,55.60,83.40
8871,0,1,0,55.70,83.55
8886,0,1,0,55.80,83.70
8902,0,1,0,55.90,83.85
8917,0,1,0,56.00,84.00
8933,0,1,0,56.10,84.15
8949,0,1,0,56.20,84.30
8965,0,1,0,56.30,84.45
8980,0,1,0,56.40,84.60
8996,0,1,0,56.50,84.75
9011,0,1,0,56.60,84.90
9026,0,1,0,56.70,85.05
9043,0,1,0,56.80,85.20
9059,0,1,0,56.90,85.35
9075,0,1,0,57.00,85.50
9091,0,1,0,57.10,85.65
9107,0,1,0,57.20,85.80
9122,0,1,0,57.30,85.95
9137,0,1,0,57.40,86.10
9153,0,1,0,57.50,86.25
9168,0,1,0,57.60,86.40
9184,0,1,0,57.70,86.55
9200,0,1,0,57.80,86.70
9215,0,1,0,57.90,86.85
9231,0,1,0,58.00,87.00
9246,0,1,0,58.10,87.15
9263,0,1,0,58.20,87.30
9278,0,1,0,58.30,87.45
9294,0,1,0,58.40,87.60
9309,0,1,0,58.50,87.75
9325,0,1,0,58.60,87.90
9341,0,1,0,58.70,88.05
9357,0,1,0,58.80,88.20
9373,0,1,0,58.90,88.35
9389,0,1,0,59.00,88.50
9406,0,1,0,59.10,88.65
9421,0,1,0,59.20,88.80
9436,0,1,0,59.30,88.95
9453,0,1,0,59.40,89.10
9469,0,1,0,59.50,89.25
9485,0,1,0,59.60,89.40
9500,0,1,0,59.70,89.55
9516,0,1,0,59.80,89.70
9532,0,1,0,59.90,89.85
9547,0,1,0,60.00,90.00
9563,0,1,0,60.10,90.15
9578,0,1,0,60.20,90.30
9594,0,1,0,60.30,90.45
9610,0,1,0,60.40,90.60
9626,0,1,0,60.50,90.75
9642,0,1,0,60.60,90.90
9657,0,1,0,60.70,91.05
9673,0,1,0,60.80,91.20
9689,0,1,0,60.90,91.35
9704,0,1,0,61.00,91.50
9720,0,1,0,61.10,91.65
9735,0,1,0,61.20,91.80
9752,0,1,0,61.30,91.95
9767,0,1,0,61.40,92.10
9783,0,1,0,61.50,92.25
9799,0,1,0,61.60,92.40
9815,0,1,0,61.70,92.55
9831,0,1,0,61.80,92.70
9846,0,1,0,61.90,92.85
9862,0,1,0,62.00,93.00
9878,0,1,0,62.10,93.15
9894,0,1,0,62.20,93.30
9910,0,1,0,62.30,93.45
9926,0,1,0,62.40,93.60
9942,0,1,0,62.50,93.75
9957,0,1,0,62.60,93.90
9973,0,1,0,62.70,94.05
9989,0,1,0,62.80,94.20
10004,0,1,0,62.90,94.35
10020,0,1,0,63.00,94.50
10035,0,1,0,63.10,94.65
10050,0,1,0,63.20,94.80
10066,0,1,0,63.30,94.95
10082,0,1,0,63.40,95.10
10098,0,1,0,63.50,95.25
10114,0,1,0,63.60,95.40
10129,0,1,0,63.70,95.55
10145,0,1,0,63.80,95.70
10160,0,1,0,63.90,95.85
10176,0,1,0,64.00,96.00
10191,0,1,0,64.10,96.15
10207,0,1,0,64.20,96.30
10222,0,1,0,64.30,96.45
10238,0,1,0,64.40,96.60
10253,0,1,0,64.50,96.75
10269,0,1,0,64.60,96.90
10285,0,1,0,64.70,97.05
10300,0,1,0,64.80,97.20
10316,0,1,0,64.90,97.35
10332,0,1,0,65.00,97.50
10347,0,1,0,65.10,97.65
10363,0,1,0,65.20,97.80
10378,0,1,0,65.30,97.95
10394,0,1,0,65.40,98.10
10410,0,1,0,65.50,98.25
10426,0,1,0,65.60,98.40
10442,0,1,0,65.70,98.55
10457,0,1,0,65.80,98.70
10473,0,1,0,65.90,98.85
10489,0,1,0,66.00,99.00
10505,0,1,0,66.10,99.15
10522,0,1,0,66.20,99.30
10537,0,1,0,66.30,99.45
10553,0,1,0,66.40,99.60
10569,0,1,0,66.50,99.75
10585,0,1,0,66.60,99.90
10600,0,1,0,66.70,100.05
10616,0,1,0,66.80,100.20
10632,0,1,0,66.90,100.35
10649,0,1,0,67.00,100.50
10664,0,1,0,67.10,100.65
10680,0,1,0,67.20,100.80
10696,0,1,0,67.30,100.95
10712,0,1,0,67.40,101.10
10728,0,1,0,67.50,101.25
10744,0,1,0,67.60,101.40
10760,0,1,0,67.70,101.55
10776,0,1,0,67.80,101.70
10791,0,1,0,67.90,101.85
10807,0,1,0,68.00,102.00
10823,0,1,0,68.10,102.15
10839,0,1,0,68.20,102.30
10855,0,1,0,68.30,102.45
10871,0,1,0,68.40,102.60
10887,0,1,0,68.50,102.75
10902,0,1,0,68.60,102.90
10918,0,1,0,68.70,103.05
10934,0,1,0,68.80,103.20
10950,0,1,0,68.90,103.35
10965,0,1,0,69.00,103.50
10981,0,1,0,69.10,103.65
10997,0,1,0,69.20,103.80
11012,0,1,0,69.30,103.95
11028,0,1,0,69.40,104.10
11044,0,1,0,69.50,104.25
11060,0,1,0,69.60,104.40
11075,0,1,0,69.70,104.55
11091,0,1,0,69.80,104.70
11106,0,1,0,69.90,104.85
11122,0,1,0,70.00,105.00
11137,0,1,0,70.10,105.15
11152,0,1,0,70.20,105.30
11169,0,1,0,70.30,105.45
11184,0,1,0,70.40,105.60
11200,0,1,0,70.50,105.75
11215,0,1,0,70.60,105.90
11231,0,1,0,70.70,106.05
11247,0,1,0,70.80,106.20
11263,0,1,0,70.90,106.35
11279,0,1,0,71.00,106.50
11294,0,1,0,71.10,106.65
11310,0,1,0,71.20,106.80
11325,0,1,0,71.30,106.95
11340,0,1,0,71.40,107.10
11356,0,1,0,71.50,107.25
11372,0,1,0,71.60,107.40
11389,0,1,0,71.70,107.55
11405,0,1,0,71.80,107.70
11421,0,1,0,71.90,107.85
11437,0,1,0,72.00,108.00
11453,0,1,0,72.10,108.15
11469,0,1,0,72.20,108.30
11485,0,1,0,72.30,108.45
11501,0,1,0,72.40,108.60
11517,0,1,0,72.50,108.75
11533,0,1,0,72.60,108.90
11548,0,1,0,72.70,109.05
11564,0,1,0,72.80,109.20
11579,0,1,0,72.90,109.35
11595,0,1,0,73.00,109.50
11610,0,1,0,73.10,109.65
11626,0,1,0,73.20,109.80
11641,0,1,0,73.30,109.95
11656,0,1,0,73.40,110.10
11672,0,1,0,73.50,110.25
11687,0,1,0,73.60,110.40
11704,0,1,0,73.70,110.55
11719,0,1,0,73.80,110.70
11735,0,1,0,73.90,110.85
11751,0,1,0,74.00,111.00
11767,0,1,0,74.10,111.15
11783,0,1,0,74.20,111.30
11798,0,1,0,74.30,111.45
11814,0,1,0,74.40,111.60
11830,0,1,0,74.50,111.75
11846,0,1,0,74.60,111.90
11862,0,1,0,74.70,112.05
11877,0,1,0,74.80,112.20
11893,0,1,0,74.90,112.35
11908,0,1,0,75.00,112.50
11924,0,1,0,75.10,112.65
11940,0,1,0,75.20,112.80
11956,0,1,0,75.30,112.95
11971,0,1,0,75.40,113.10
11987,0,1,0,75.50,113.25
12003,0,1,0,75.60,113.40
12019,0,1,0,75.70,113.55
12034,0,1,0,75.80,113.70
12050,0,1,0,75.90,113.85
12066,0,1,0,76.00,114.00
12081,0,1,0,76.10,114.15
12097,0,1,0,76.20,114.30
12112,0,1,0,76.30,114.45
12128,0,1,0,76.40,114.60
12144,0,1,0,76.50,114.75
12159,0,1,0,76.60,114.90
12175,0,1,0,76.70,115.05
12191,0,1,0,76.80,115.20
12207,0,1,0,76.90,115.35
12223,0,1,0,77.00,115.50
12238,0,1,0,77.10,115.65
12253,0,1,0,77.20,115.80
12269,0,1,0,77.30,115.95
12285,0,1,0,77.40,116.10
12302,0,1,0,77.50,116.25
12317,0,1,0,77.60,116.40
12333,0,1,0,77.70,116.55
12349,0,1,0,77.80,116.70
12365,0,1,0,77.90,116.85
12380,0,1,0,78.00,117.00
12396,0,1,0,78.10,117.15
12412,0,1,0,78.20,117.30
12429,0,1,0,78.30,117.45
12445,0,1,0,78.40,117.60
12461,0,1,0,78.50,117.75
12477,0,1,0,78.60,117.90
12493,0,1,0,78.70,118.05
12508,0,1,0,78.80,118.20
12523,0,1,0,78.90,118.35
12540,0,1,0,79.00,118.50
12555,0,1,0,79.10,118.65
12571,0,1,0,79.20,118.80
12587,0,1,0,79.30,118.95
12602,0,1,0,79.40,119.10
12619,0,1,0,79.50,119.25
12634,0,1,0,79.60,119.40
12650,0,1,0,79.70,119.55
12666,0,1,0,79.80,119.70
12681,0,1,0,79.90,119.85
12697,0,1,0,80.00,120.00
12713,0,1,0,80.10,120.15
12728,0,1,0,80.20,120.30
12744,0,1,0,80.30,120.45
12759,0,1,0,80.40,120.60
12774,0,1,0,80.50,120.75
12790,0,1,0,80.60,120.90
12805,0,1,0,80.70,121.05
12821,0,1,0,80.80,121.20
12837,0,1,0,80.90,121.35
12852,0,1,0,81.00,121.50
12868,0,1,0,81.10,121.65
12882,0,1,0,81.20,121.80
12898,0,1,0,81.30,121.95
12914,0,1,0,81.40,122.10
12929,0,1,0,81.50,122.25
12944,0,1,0,81.60,122.40
12960,0,1,0,81.70,122.55
12976,0,1,0,81.80,122.70
12992,0,1,0,81.90,122.85
13008,0,1,0,82.00,123.00
13024,0,1,0,82.10,123.15
13040,0,1,0,82.20,123.30
13055,0,1,0,82.30,123.45
13071,0,1,0,82.40,123.60
13087,0,1,0,82.50,123.75
13103,0,1,0,82.60,123.90
13118,0,1,0,82.70,124.05
13135,0,1,0,82.80,124.20
13151,0,1,0,82.90,124.35
13167,0,1,0,83.00,124.50
13182,0,1,0,83.10,124.65
13198,0,1,0,83.20,124.80
13214,0,1,0,83.30,124.95
13230,0,1,0,83.40,125.10
13245,0,1,0,83.50,125.25
13261,0,1,0,83.60,125.40
13276,0,1,0,83.70,125.55
13292,0,1,0,83.80,125.70
13308,0,1,0,83.90,125.85
13323,0,1,0,84.00,126.00
13339,0,1,0,84.10,126.15
13354,0,1,0,84.20,126.30
13370,0,1,0,84.30,126.45
13386,0,1,0,84.40,126.60
13402,0,1,0,84.50,126.75
13417,0,1,0,84.60,126.90
13433,0,1,0,84.70,127.05
13448,0,1,0,84.80,127.20
13463,0,1,0,84.90,127.35
13479,0,1,0,85.00,127.50
13495,0,1,0,85.10,127.65
13511,0,1,0,85.20,127.80
13526,0,1,0,85.30,127.95
13542,0,1,0,85.40,128.10
13558,0,1,0,85.50,128.25
13573,0,1,0,85.60,128.40
13589,0,1,0,85.70,128.55
13605,0,1,0,85.80,128.70
13621,0,1,0,85.90,128.85
13637,0,1,0,86.00,129.00
13652,0,1,0,86.10,129.15
13667,0,1,0,86.20,129.30
13682,0,1,0,86.30,129.45
13698,0,1,0,86.40,129.60
13714,0,1,0,86.50,129.75
13730,0,1,0,86.60,129.90
13746,0,1,0,86.70,130.05
13762,0,1,0,86.80,130.20
13778,0,1,0,86.90,130.35
13794,0,1,0,87.00,130.50
13809,0,1,0,87.10,130.65
13825,0,1,0,87.20,130.80
13841,0,1,0,87.30,130.95
13857,0,1,0,87.40,131.10
13873,0,1,0,87.50,131.25
13888,0,1,0,87.60,131.40
13904,0,1,0,87.70,131.55
13920,0,1,0,87.80,131.70
13936,0,1,0,87.90,131.85
13952,0,1,0,88.00,132.00
13967,0,1,0,88.10,132.15
13983,0,1,0,88.20,132.30
13999,0,1,0,88.30,132.45
14015,0,1,0,88.40,132.60
14030,0,1,0,88.50,132.75
14045,0,1,0,88.60,132.90
14060,0,1,0,88.70,133.05
14076,0,1,0,88.80,133.20
14091,0,1,0,88.90,133.35
14107,0,1,0,89.00,133.50
14122,0,1,0,89.10,133.65
14138,0,1,0,89.20,133.80
14153,0,1,0,89.30,133.95
14171,0,1,0,89.40,134.10
14183,0,1,0,89.50,134.25
14199,0,1,0,89.60,134.40
14214,0,1,0,89.70,134.55
14230,0,1,0,89.80,134.70
14245,0,1,0,89.90,134.85
14261,0,1,0,90.00,135.00
14277,0,1,0,90.10,135.15
14294,0,1,0,90.20,135.30
14309,0,1,0,90.30,135.45
14325,0,1,0,90.40,135.60
14341,0,1,0,90.50,135.75
14357,0,1,0,90.60,135.90
14372,0,1,0,90.70,136.05
14388,0,1,0,90.80,136.20
14404,0,1,0,90.90,136.35
14419,0,1,0,91.00,136.50
14434,0,1,0,91.10,136.65
14449,0,1,0,91.20,136.80
14466,0,1,0,91.30,136.95
14482,0,1,0,91.40,137.10
14497,0,1,0,91.50,137.25
14512,0,1,0,91.60,137.40
14528,0,1,0,91.70,137.55
14544,0,1,0,91.80,137.70
14559,0,1,0,91.90,137.85
14575,0,1,0,92.00,138.00
14591,0,1,0,92.10,138.15
14606,0,1,0,92.20,138.30
14622,0,1,0,92.30,138.45
14637,0,1,0,92.40,138.60
14653,0,1,0,92.50,138.75
14668,0,1,0,92.60,138.90
14683,0,1,0,92.70,139.05
14699,0,1,0,92.80,139.20
14715,0,1,0,92.90,139.35
14730,0,1,0,93.00,139.50
14746,0,1,0,93.10,139.65
14763,0,1,0,93.20,139.80
14778,0,1,0,93.30,139.95
14794,0,1,0,93.40,140.10
14809,0,1,0,93.50,140.25
14824,0,1,0,93.60,140.40
14839,0,1,0,93.70,140.55
14855,0,1,0,93.80,140.70
14871,0,1,0,93.90,140.85
14887,0,1,0,94.00,141.00
14902,0,1,0,94.10,141.15
14918,0,1,0,94.20,141.30
14934,0,1,0,94.30,141.45
14950,0,1,0,94.40,141.60
14966,0,1,0,94.50,141.75
14982,0,1,0,94.60,141.90
14997,0,1,0,94.70,142.05
15012,0,1,0,94.80,142.20
15028,0,1,0,94.90,142.35
15043,0,1,0,95.00,142.50
15059,0,1,0,95.10,142.65
15075,0,1,0,95.20,142.80
15090,0,1,0,95.30,142.95
15105,0,1,0,95.40,143.10
15121,0,1,0,95.50,143.25
15136,0,1,0,95.60,143.40
15151,0,1,0,95.70,143.55
15167,0,1,0,95.80,143.70
15182,0,1,0,95.90,143.85
15198,0,1,0,96.00,144.00
15214,0,1,0,96.10,144.15
15229,0,1,0,96.20,144.30
15244,0,1,0,96.30,144.45
15260,0,1,0,96.40,144.60
15275,0,1,0,96.50,144.75
15291,0,1,0,96.60,144.90
15306,0,1,0,96.70,145.05
15322,0,1,0,96.80,145.20
15338,0,1,0,96.90,145.35
15353,0,1,0,97.00,145.50
15368,0,1,0,97.10,145.65
15384,0,1,0,97.20,145.80
15399,0,1,0,97.30,145.95
15414,0,1,0,97.40,146.10
15430,0,1,0,97.50,146.25
15446,0,1,0,97.60,146.40
15461,0,1,0,97.70,146.55
15477,0,1,0,97.80,146.70
15492,0,1,0,97.90,146.85
15508,0,1,0,98.00,147.00
15524,0,1,0,98.10,147.15
15539,0,1,0,98.20,147.30
15556,0,1,0,98.30,147.45
15571,0,1,0,98.40,147.60
15588,0,1,0,98.50,147.75
15603,0,1,0,98.60,147.90
15619,0,1,0,98.70,148.05
15635,0,1,0,98.80,148.20
15650,0,1,0,98.90,148.35
15666,0,1,0,99.00,148.50
15682,0,1,0,99.10,148.65
15699,0,1,0,99.20,148.80
15715,0,1,0,99.30,148.95
15731,0,1,0,99.40,149.10
15747,0,1,0,99.50,149.25
15763,0,1,0,99.60,149.40
15779,0,1,0,99.70,149.55
15794,0,1,0,99.80,149.70
15810,0,1,0,99.90,149.85
